 

 Time = @[60460] The value of din at Address = 5800  of reg_set ( EP -> RC ) = 00000001 
 

 Time = @[60884] The value of din at Address = 5800  of reg_set ( RC -> EP ) = 00000001 






		 EP Compliance Test TXN.2.6#5 
 

		 PACKETS GOING FROM RC TO EP 
 
[60884] Preparing the IO Packet Header hdw0: 42000001 hdw1: 0000000f hdw2: abcdef00 

[60964] RC TX BEGIN, PKT WITH DIRECT DATA rc_tx_pkt_index 0 
[60996] RC TX END, PKT WITH DIRECT DATA rc_tx_pkt_index 0 
[61004] RC  Initializing rc_tx_pkt_len_array single index 0 => hlen 3 dlen 1 hlen+dlen 4
[61004] RC  Loading RC Tx Mem  index 0 addr 0 hdw0 42000001 
[61004] RC  Loading RC Tx Mem  index 0 addr 1 hdw1 f 
[61004] RC  Loading RC Tx Mem  index 0 addr 2 hdw2 abcdef00 
[61004] RC  Loading RC Tx Mem  index 0 addr 3 data 2e7 
[61012] Preparing the CPL  Packet Header hdw0: 0a000000 hdw1: 01000004 hdw2: 00000000 

[61012] EP  Initializing ep_tx_pkt_len_array single index 0 => hlen 3 dlen 0 hlen+dlen 3
[61012] EP  Loading EP Tx Mem  index 0 addr 0 hdw0 a000000 
[61012] EP  Loading EP Tx Mem  index 0 addr 1 hdw1 1000004 
[61012] EP  Loading EP Tx Mem  index 0 addr 2 hdw1 0 
[61020] Preparing the IO Packet Header hdw0: 42000001 hdw1: 00000000 hdw2: abcdef00 

[61084] RC TX BEGIN, PKT WITH DIRECT DATA rc_tx_pkt_index 1 
[61116] RC TX END, PKT WITH DIRECT DATA rc_tx_pkt_index 1 
[61124] RC  Initializing rc_tx_pkt_len_array single index 1 => hlen 3 dlen 1 hlen+dlen 4
[61124] RC  Loading RC Tx Mem  index 1 addr 4 hdw0 42000001 
[61124] RC  Loading RC Tx Mem  index 1 addr 5 hdw1 0 
[61124] RC  Loading RC Tx Mem  index 1 addr 6 hdw2 abcdef00 
[61124] RC  Loading RC Tx Mem  index 1 addr 7 data cec 
[61132] Preparing the CPL  Packet Header hdw0: 0a000000 hdw1: 01000004 hdw2: 00000000 

[61132] EP  Initializing ep_tx_pkt_len_array single index 1 => hlen 3 dlen 0 hlen+dlen 3
[61132] EP  Loading EP Tx Mem  index 1 addr 3 hdw0 a000000 
[61132] EP  Loading EP Tx Mem  index 1 addr 4 hdw1 1000004 
[61132] EP  Loading EP Tx Mem  index 1 addr 5 hdw1 0 
[61140] Preparing the IO Packet Header hdw0: 02000001 hdw1: 0000000f hdw2: abcdef00 

[61204] RC TX BEGIN, PKT WITH DIRECT DATA rc_tx_pkt_index 2 
[61228] RC TX END, PKT WITH DIRECT DATA rc_tx_pkt_index 2 
[61236] RC  Initializing rc_tx_pkt_len_array single index 2 => hlen 3 dlen 0 hlen+dlen 3
[61236] RC  Loading RC Tx Mem  index 2 addr 8 hdw0 2000001 
[61236] RC  Loading RC Tx Mem  index 2 addr 9 hdw1 f 
[61236] RC  Loading RC Tx Mem  index 2 addr a hdw2 abcdef00 
[61244] Preparing the CPL  Packet Header hdw0: 4a000001 hdw1: 01000004 hdw2: 00000000 

[61244] EP  Initializing ep_tx_pkt_len_array single index 2 => hlen 3 dlen 1 hlen+dlen 4
[61244] EP  Loading EP Tx Mem  index 2 addr 6 hdw0 4a000001 
[61244] EP  Loading EP Tx Mem  index 2 addr 7 hdw1 1000004 
[61244] EP  Loading EP Tx Mem  index 2 addr 8 hdw1 0 
[61244] EP  Loading EP Tx Mem  index 2 addr 9 data 2e7 
[61768] EP  RECEIVE PKT BEGIN  ep_rx_pkt_index 0
61773: pex_tb.PEX_EP_0.ep_rx_cmd_mem MemWr 0x42000001 @Addr = 0x000
61781: pex_tb.PEX_EP_0.ep_rx_cmd_mem MemWr 0x0000000f @Addr = 0x001
61789: pex_tb.PEX_EP_0.ep_rx_cmd_mem MemWr 0xabcdef00 @Addr = 0x002
[61792] EP  RECEIVE PKT END  ep_rx_pkt_index 0
61797: pex_tb.PEX_EP_0.ep_rx_cmd_mem MemWr 0x000002e7 @Addr = 0x003
[61800] INFO:  RC -> EP Packet 0 Data Compare Start! EP MEM SADR : 00000000 EP PKTLEN 00000004 

[61800] RC -> EP Packet 000 Data Compare passed! 

[62560] RC  RECEIVE PKT BEGIN  rc_rx_pkt_index 0
62565: pex_tb.PEX_RC.rc_rx_cmd_mem MemWr 0x0a000000 @Addr = 0x000
62573: pex_tb.PEX_RC.rc_rx_cmd_mem MemWr 0x01000004 @Addr = 0x001
[62576] RC  RECEIVE PKT END  rc_rx_pkt_index 0
62581: pex_tb.PEX_RC.rc_rx_cmd_mem MemWr 0x00000000 @Addr = 0x002
[62584] INFO:  EP -> RC Packet 0 Data Compare Start! RC MEM SADR : 00000000 RC PKTLEN 00000003 

[62584] EP -> RC Packet 000 Data Compare passed! 

[62672] EP  RECEIVE PKT BEGIN  ep_rx_pkt_index 1
62677: pex_tb.PEX_EP_0.ep_rx_cmd_mem MemWr 0x42000001 @Addr = 0x004
62685: pex_tb.PEX_EP_0.ep_rx_cmd_mem MemWr 0x00000000 @Addr = 0x005
62693: pex_tb.PEX_EP_0.ep_rx_cmd_mem MemWr 0xabcdef00 @Addr = 0x006
[62696] EP  RECEIVE PKT END  ep_rx_pkt_index 1
62701: pex_tb.PEX_EP_0.ep_rx_cmd_mem MemWr 0x00000cec @Addr = 0x007
[62704] INFO:  RC -> EP Packet 1 Data Compare Start! EP MEM SADR : 00000004 EP PKTLEN 00000004 

[62704] RC -> EP Packet 001 Data Compare passed! 

[63456] RC  RECEIVE PKT BEGIN  rc_rx_pkt_index 1
63461: pex_tb.PEX_RC.rc_rx_cmd_mem MemWr 0x0a000000 @Addr = 0x003
63469: pex_tb.PEX_RC.rc_rx_cmd_mem MemWr 0x01000004 @Addr = 0x004
[63472] RC  RECEIVE PKT END  rc_rx_pkt_index 1
63477: pex_tb.PEX_RC.rc_rx_cmd_mem MemWr 0x00000000 @Addr = 0x005
[63480] INFO:  EP -> RC Packet 1 Data Compare Start! RC MEM SADR : 00000003 RC PKTLEN 00000003 

[63480] EP -> RC Packet 001 Data Compare passed! 

[63584] EP  RECEIVE PKT BEGIN  ep_rx_pkt_index 2
63589: pex_tb.PEX_EP_0.ep_rx_cmd_mem MemWr 0x02000001 @Addr = 0x008
63597: pex_tb.PEX_EP_0.ep_rx_cmd_mem MemWr 0x0000000f @Addr = 0x009
[63600] EP  RECEIVE PKT END  ep_rx_pkt_index 2
63605: pex_tb.PEX_EP_0.ep_rx_cmd_mem MemWr 0xabcdef00 @Addr = 0x00a
[63608] INFO:  RC -> EP Packet 2 Data Compare Start! EP MEM SADR : 00000008 EP PKTLEN 00000003 

[63608] RC -> EP Packet 002 Data Compare passed! 

[64472] RC  RECEIVE PKT BEGIN  rc_rx_pkt_index 2
64477: pex_tb.PEX_RC.rc_rx_cmd_mem MemWr 0x4a000001 @Addr = 0x006
64485: pex_tb.PEX_RC.rc_rx_cmd_mem MemWr 0x01000004 @Addr = 0x007
64493: pex_tb.PEX_RC.rc_rx_cmd_mem MemWr 0x00000000 @Addr = 0x008
[64496] RC  RECEIVE PKT END  rc_rx_pkt_index 2
64501: pex_tb.PEX_RC.rc_rx_cmd_mem MemWr 0x000002e7 @Addr = 0x009
[64504] INFO:  EP -> RC Packet 2 Data Compare Start! RC MEM SADR : 00000006 RC PKTLEN 00000004 

[64504] EP -> RC Packet 002 Data Compare passed! 







		 EP Compliance Test TXN.2.6#5 
 

		 PACKETS GOING FROM RC TO EP 
 
[65252] Preparing the IO Packet Header hdw0: 42000001 hdw1: 0000000f hdw2: abcdef00 

[65316] RC TX BEGIN, PKT WITH DIRECT DATA rc_tx_pkt_index 3 
[65348] RC TX END, PKT WITH DIRECT DATA rc_tx_pkt_index 3 
[65356] RC  Initializing rc_tx_pkt_len_array single index 3 => hlen 3 dlen 1 hlen+dlen 4
[65356] RC  Loading RC Tx Mem  index 3 addr b hdw0 42000001 
[65356] RC  Loading RC Tx Mem  index 3 addr c hdw1 f 
[65356] RC  Loading RC Tx Mem  index 3 addr d hdw2 abcdef00 
[65356] RC  Loading RC Tx Mem  index 3 addr e data 294 
[65364] Preparing the CPL  Packet Header hdw0: 0a000000 hdw1: 01000004 hdw2: 00000000 

[65364] EP  Initializing ep_tx_pkt_len_array single index 3 => hlen 3 dlen 0 hlen+dlen 3
[65364] EP  Loading EP Tx Mem  index 3 addr a hdw0 a000000 
[65364] EP  Loading EP Tx Mem  index 3 addr b hdw1 1000004 
[65364] EP  Loading EP Tx Mem  index 3 addr c hdw1 0 
[65372] Preparing the IO Packet Header hdw0: 42000001 hdw1: 00000001 hdw2: abcdef00 

[65436] RC TX BEGIN, PKT WITH DIRECT DATA rc_tx_pkt_index 4 
[65468] RC TX END, PKT WITH DIRECT DATA rc_tx_pkt_index 4 
[65476] RC  Initializing rc_tx_pkt_len_array single index 4 => hlen 3 dlen 1 hlen+dlen 4
[65476] RC  Loading RC Tx Mem  index 4 addr f hdw0 42000001 
[65476] RC  Loading RC Tx Mem  index 4 addr 10 hdw1 1 
[65476] RC  Loading RC Tx Mem  index 4 addr 11 hdw2 abcdef00 
[65476] RC  Loading RC Tx Mem  index 4 addr 12 data ecf 
[65484] Preparing the CPL  Packet Header hdw0: 0a000000 hdw1: 01000004 hdw2: 00000000 

[65484] EP  Initializing ep_tx_pkt_len_array single index 4 => hlen 3 dlen 0 hlen+dlen 3
[65484] EP  Loading EP Tx Mem  index 4 addr d hdw0 a000000 
[65484] EP  Loading EP Tx Mem  index 4 addr e hdw1 1000004 
[65484] EP  Loading EP Tx Mem  index 4 addr f hdw1 0 
[65492] Preparing the IO Packet Header hdw0: 02000001 hdw1: 0000000f hdw2: abcdef00 

[65556] RC TX BEGIN, PKT WITH DIRECT DATA rc_tx_pkt_index 5 
[65580] RC TX END, PKT WITH DIRECT DATA rc_tx_pkt_index 5 
[65588] RC  Initializing rc_tx_pkt_len_array single index 5 => hlen 3 dlen 0 hlen+dlen 3
[65588] RC  Loading RC Tx Mem  index 5 addr 13 hdw0 2000001 
[65588] RC  Loading RC Tx Mem  index 5 addr 14 hdw1 f 
[65588] RC  Loading RC Tx Mem  index 5 addr 15 hdw2 abcdef00 
[65596] Preparing the CPL  Packet Header hdw0: 4a000001 hdw1: 01000004 hdw2: 00000000 

[65596] EP  Initializing ep_tx_pkt_len_array single index 5 => hlen 3 dlen 1 hlen+dlen 4
[65596] EP  Loading EP Tx Mem  index 5 addr 10 hdw0 4a000001 
[65596] EP  Loading EP Tx Mem  index 5 addr 11 hdw1 1000004 
[65596] EP  Loading EP Tx Mem  index 5 addr 12 hdw1 0 
[65596] EP  Loading EP Tx Mem  index 5 addr 13 data 2cf 
[68208] EP  RECEIVE PKT BEGIN  ep_rx_pkt_index 3
68213: pex_tb.PEX_EP_0.ep_rx_cmd_mem MemWr 0x42000001 @Addr = 0x00b
68221: pex_tb.PEX_EP_0.ep_rx_cmd_mem MemWr 0x0000000f @Addr = 0x00c
68229: pex_tb.PEX_EP_0.ep_rx_cmd_mem MemWr 0xabcdef00 @Addr = 0x00d
[68232] EP  RECEIVE PKT END  ep_rx_pkt_index 3
68237: pex_tb.PEX_EP_0.ep_rx_cmd_mem MemWr 0x00000294 @Addr = 0x00e
[68240] INFO:  RC -> EP Packet 3 Data Compare Start! EP MEM SADR : 0000000b EP PKTLEN 00000004 

[68240] RC -> EP Packet 003 Data Compare passed! 

[68496] EP  RECEIVE PKT BEGIN  ep_rx_pkt_index 4
68501: pex_tb.PEX_EP_0.ep_rx_cmd_mem MemWr 0x42000001 @Addr = 0x00f
68509: pex_tb.PEX_EP_0.ep_rx_cmd_mem MemWr 0x00000001 @Addr = 0x010
68517: pex_tb.PEX_EP_0.ep_rx_cmd_mem MemWr 0xabcdef00 @Addr = 0x011
[68520] EP  RECEIVE PKT END  ep_rx_pkt_index 4
68525: pex_tb.PEX_EP_0.ep_rx_cmd_mem MemWr 0x00000ecf @Addr = 0x012
[68528] INFO:  RC -> EP Packet 4 Data Compare Start! EP MEM SADR : 0000000f EP PKTLEN 00000004 

[68528] RC -> EP Packet 004 Data Compare passed! 

[68672] EP  RECEIVE PKT BEGIN  ep_rx_pkt_index 5
68677: pex_tb.PEX_EP_0.ep_rx_cmd_mem MemWr 0x02000001 @Addr = 0x013
68685: pex_tb.PEX_EP_0.ep_rx_cmd_mem MemWr 0x0000000f @Addr = 0x014
[68688] EP  RECEIVE PKT END  ep_rx_pkt_index 5
68693: pex_tb.PEX_EP_0.ep_rx_cmd_mem MemWr 0xabcdef00 @Addr = 0x015
[68696] INFO:  RC -> EP Packet 5 Data Compare Start! EP MEM SADR : 00000013 EP PKTLEN 00000003 

[68696] RC -> EP Packet 005 Data Compare passed! 

[69416] RC  RECEIVE PKT BEGIN  rc_rx_pkt_index 3
69421: pex_tb.PEX_RC.rc_rx_cmd_mem MemWr 0x0a000000 @Addr = 0x00a
69429: pex_tb.PEX_RC.rc_rx_cmd_mem MemWr 0x01000004 @Addr = 0x00b
[69432] RC  RECEIVE PKT END  rc_rx_pkt_index 3
69437: pex_tb.PEX_RC.rc_rx_cmd_mem MemWr 0x00000000 @Addr = 0x00c
[69440] INFO:  EP -> RC Packet 3 Data Compare Start! RC MEM SADR : 0000000a RC PKTLEN 00000003 

[69440] EP -> RC Packet 003 Data Compare passed! 







		 EP Compliance Test TXN.2.6#5 
 

		 PACKETS GOING FROM RC TO EP 
 
[69604] Preparing the IO Packet Header hdw0: 42000001 hdw1: 0000000f hdw2: abcdef00 

[69668] RC TX BEGIN, PKT WITH DIRECT DATA rc_tx_pkt_index 6 
[69700] RC TX END, PKT WITH DIRECT DATA rc_tx_pkt_index 6 
[69708] RC  Initializing rc_tx_pkt_len_array single index 6 => hlen 3 dlen 1 hlen+dlen 4
[69708] RC  Loading RC Tx Mem  index 6 addr 16 hdw0 42000001 
[69708] RC  Loading RC Tx Mem  index 6 addr 17 hdw1 f 
[69708] RC  Loading RC Tx Mem  index 6 addr 18 hdw2 abcdef00 
[69708] RC  Loading RC Tx Mem  index 6 addr 19 data 5b3 
[69716] Preparing the CPL  Packet Header hdw0: 0a000000 hdw1: 01000004 hdw2: 00000000 

[69716] EP  Initializing ep_tx_pkt_len_array single index 6 => hlen 3 dlen 0 hlen+dlen 3
[69716] EP  Loading EP Tx Mem  index 6 addr 14 hdw0 a000000 
[69716] EP  Loading EP Tx Mem  index 6 addr 15 hdw1 1000004 
[69716] EP  Loading EP Tx Mem  index 6 addr 16 hdw1 0 
[69724] Preparing the IO Packet Header hdw0: 42000001 hdw1: 00000002 hdw2: abcdef00 

[69788] RC TX BEGIN, PKT WITH DIRECT DATA rc_tx_pkt_index 7 
[69820] RC TX END, PKT WITH DIRECT DATA rc_tx_pkt_index 7 
[69828] RC  Initializing rc_tx_pkt_len_array single index 7 => hlen 3 dlen 1 hlen+dlen 4
[69828] RC  Loading RC Tx Mem  index 7 addr 1a hdw0 42000001 
[69828] RC  Loading RC Tx Mem  index 7 addr 1b hdw1 2 
[69828] RC  Loading RC Tx Mem  index 7 addr 1c hdw2 abcdef00 
[69828] RC  Loading RC Tx Mem  index 7 addr 1d data eb8 
[69836] Preparing the CPL  Packet Header hdw0: 0a000000 hdw1: 01000004 hdw2: 00000000 

[69836] EP  Initializing ep_tx_pkt_len_array single index 7 => hlen 3 dlen 0 hlen+dlen 3
[69836] EP  Loading EP Tx Mem  index 7 addr 17 hdw0 a000000 
[69836] EP  Loading EP Tx Mem  index 7 addr 18 hdw1 1000004 
[69836] EP  Loading EP Tx Mem  index 7 addr 19 hdw1 0 
[69844] Preparing the IO Packet Header hdw0: 02000001 hdw1: 0000000f hdw2: abcdef00 

[69908] RC TX BEGIN, PKT WITH DIRECT DATA rc_tx_pkt_index 8 
[69932] RC TX END, PKT WITH DIRECT DATA rc_tx_pkt_index 8 
[69940] RC  Initializing rc_tx_pkt_len_array single index 8 => hlen 3 dlen 0 hlen+dlen 3
[69940] RC  Loading RC Tx Mem  index 8 addr 1e hdw0 2000001 
[69940] RC  Loading RC Tx Mem  index 8 addr 1f hdw1 f 
[69940] RC  Loading RC Tx Mem  index 8 addr 20 hdw2 abcdef00 
[69948] Preparing the CPL  Packet Header hdw0: 4a000001 hdw1: 01000004 hdw2: 00000000 

[69948] EP  Initializing ep_tx_pkt_len_array single index 8 => hlen 3 dlen 1 hlen+dlen 4
[69948] EP  Loading EP Tx Mem  index 8 addr 1a hdw0 4a000001 
[69948] EP  Loading EP Tx Mem  index 8 addr 1b hdw1 1000004 
[69948] EP  Loading EP Tx Mem  index 8 addr 1c hdw1 0 
[69948] EP  Loading EP Tx Mem  index 8 addr 1d data eb3 
[70312] RC  RECEIVE PKT BEGIN  rc_rx_pkt_index 4
70317: pex_tb.PEX_RC.rc_rx_cmd_mem MemWr 0x0a000000 @Addr = 0x00d
70325: pex_tb.PEX_RC.rc_rx_cmd_mem MemWr 0x01000004 @Addr = 0x00e
[70328] RC  RECEIVE PKT END  rc_rx_pkt_index 4
70333: pex_tb.PEX_RC.rc_rx_cmd_mem MemWr 0x00000000 @Addr = 0x00f
[70336] INFO:  EP -> RC Packet 4 Data Compare Start! RC MEM SADR : 0000000d RC PKTLEN 00000003 

[70336] EP -> RC Packet 004 Data Compare passed! 

[70504] EP  RECEIVE PKT BEGIN  ep_rx_pkt_index 6
70509: pex_tb.PEX_EP_0.ep_rx_cmd_mem MemWr 0x42000001 @Addr = 0x016
70517: pex_tb.PEX_EP_0.ep_rx_cmd_mem MemWr 0x0000000f @Addr = 0x017
70525: pex_tb.PEX_EP_0.ep_rx_cmd_mem MemWr 0xabcdef00 @Addr = 0x018
[70528] EP  RECEIVE PKT END  ep_rx_pkt_index 6
70533: pex_tb.PEX_EP_0.ep_rx_cmd_mem MemWr 0x000005b3 @Addr = 0x019
[70536] INFO:  RC -> EP Packet 6 Data Compare Start! EP MEM SADR : 00000016 EP PKTLEN 00000004 

[70536] RC -> EP Packet 006 Data Compare passed! 

[71248] RC  RECEIVE PKT BEGIN  rc_rx_pkt_index 5
71253: pex_tb.PEX_RC.rc_rx_cmd_mem MemWr 0x4a000001 @Addr = 0x010
71261: pex_tb.PEX_RC.rc_rx_cmd_mem MemWr 0x01000004 @Addr = 0x011
71269: pex_tb.PEX_RC.rc_rx_cmd_mem MemWr 0x00000000 @Addr = 0x012
[71272] RC  RECEIVE PKT END  rc_rx_pkt_index 5
71277: pex_tb.PEX_RC.rc_rx_cmd_mem MemWr 0x000002cf @Addr = 0x013
[71280] INFO:  EP -> RC Packet 5 Data Compare Start! RC MEM SADR : 00000010 RC PKTLEN 00000004 

[71280] EP -> RC Packet 005 Data Compare passed! 

[72176] RC  RECEIVE PKT BEGIN  rc_rx_pkt_index 6
72181: pex_tb.PEX_RC.rc_rx_cmd_mem MemWr 0x0a000000 @Addr = 0x014
72189: pex_tb.PEX_RC.rc_rx_cmd_mem MemWr 0x01000004 @Addr = 0x015
[72192] RC  RECEIVE PKT END  rc_rx_pkt_index 6
72197: pex_tb.PEX_RC.rc_rx_cmd_mem MemWr 0x00000000 @Addr = 0x016
[72200] INFO:  EP -> RC Packet 6 Data Compare Start! RC MEM SADR : 00000014 RC PKTLEN 00000003 

[72200] EP -> RC Packet 006 Data Compare passed! 

[72576] EP  RECEIVE PKT BEGIN  ep_rx_pkt_index 7
72581: pex_tb.PEX_EP_0.ep_rx_cmd_mem MemWr 0x42000001 @Addr = 0x01a
72589: pex_tb.PEX_EP_0.ep_rx_cmd_mem MemWr 0x00000002 @Addr = 0x01b
72597: pex_tb.PEX_EP_0.ep_rx_cmd_mem MemWr 0xabcdef00 @Addr = 0x01c
[72600] EP  RECEIVE PKT END  ep_rx_pkt_index 7
72605: pex_tb.PEX_EP_0.ep_rx_cmd_mem MemWr 0x00000eb8 @Addr = 0x01d
[72608] INFO:  RC -> EP Packet 7 Data Compare Start! EP MEM SADR : 0000001a EP PKTLEN 00000004 

[72608] RC -> EP Packet 007 Data Compare passed! 

[72832] EP  RECEIVE PKT BEGIN  ep_rx_pkt_index 8
72837: pex_tb.PEX_EP_0.ep_rx_cmd_mem MemWr 0x02000001 @Addr = 0x01e
72845: pex_tb.PEX_EP_0.ep_rx_cmd_mem MemWr 0x0000000f @Addr = 0x01f
[72848] EP  RECEIVE PKT END  ep_rx_pkt_index 8
72853: pex_tb.PEX_EP_0.ep_rx_cmd_mem MemWr 0xabcdef00 @Addr = 0x020
[72856] INFO:  RC -> EP Packet 0 Data Compare Start! EP MEM SADR : 0000001e EP PKTLEN 00000003 

[72856] RC -> EP Packet 008 Data Compare passed! 

[73840] RC  RECEIVE PKT BEGIN  rc_rx_pkt_index 7
73845: pex_tb.PEX_RC.rc_rx_cmd_mem MemWr 0x0a000000 @Addr = 0x017
73853: pex_tb.PEX_RC.rc_rx_cmd_mem MemWr 0x01000004 @Addr = 0x018
[73856] RC  RECEIVE PKT END  rc_rx_pkt_index 7
73861: pex_tb.PEX_RC.rc_rx_cmd_mem MemWr 0x00000000 @Addr = 0x019
[73864] INFO:  EP -> RC Packet 7 Data Compare Start! RC MEM SADR : 00000017 RC PKTLEN 00000003 

[73864] EP -> RC Packet 007 Data Compare passed! 







		 EP Compliance Test TXN.2.6#5 
 

		 PACKETS GOING FROM RC TO EP 
 
[73956] Preparing the IO Packet Header hdw0: 42000001 hdw1: 0000000f hdw2: abcdef00 

[74020] RC TX BEGIN, PKT WITH DIRECT DATA rc_tx_pkt_index 9 
[74052] RC TX END, PKT WITH DIRECT DATA rc_tx_pkt_index 9 
[74060] RC  Initializing rc_tx_pkt_len_array single index 9 => hlen 3 dlen 1 hlen+dlen 4
[74060] RC  Loading RC Tx Mem  index 9 addr 21 hdw0 42000001 
[74060] RC  Loading RC Tx Mem  index 9 addr 22 hdw1 f 
[74060] RC  Loading RC Tx Mem  index 9 addr 23 hdw2 abcdef00 
[74060] RC  Loading RC Tx Mem  index 9 addr 24 data 8b3 
[74068] Preparing the CPL  Packet Header hdw0: 0a000000 hdw1: 01000004 hdw2: 00000000 

[74068] EP  Initializing ep_tx_pkt_len_array single index 9 => hlen 3 dlen 0 hlen+dlen 3
[74068] EP  Loading EP Tx Mem  index 9 addr 1e hdw0 a000000 
[74068] EP  Loading EP Tx Mem  index 9 addr 1f hdw1 1000004 
[74068] EP  Loading EP Tx Mem  index 9 addr 20 hdw1 0 
[74076] Preparing the IO Packet Header hdw0: 42000001 hdw1: 00000003 hdw2: abcdef00 

[74140] RC TX BEGIN, PKT WITH DIRECT DATA rc_tx_pkt_index a 
[74172] RC TX END, PKT WITH DIRECT DATA rc_tx_pkt_index a 
[74180] RC  Initializing rc_tx_pkt_len_array single index a => hlen 3 dlen 1 hlen+dlen 4
[74180] RC  Loading RC Tx Mem  index a addr 25 hdw0 42000001 
[74180] RC  Loading RC Tx Mem  index a addr 26 hdw1 3 
[74180] RC  Loading RC Tx Mem  index a addr 27 hdw2 abcdef00 
[74180] RC  Loading RC Tx Mem  index a addr 28 data 12c 
[74188] Preparing the CPL  Packet Header hdw0: 0a000000 hdw1: 01000004 hdw2: 00000000 

[74188] EP  Initializing ep_tx_pkt_len_array single index a => hlen 3 dlen 0 hlen+dlen 3
[74188] EP  Loading EP Tx Mem  index a addr 21 hdw0 a000000 
[74188] EP  Loading EP Tx Mem  index a addr 22 hdw1 1000004 
[74188] EP  Loading EP Tx Mem  index a addr 23 hdw1 0 
[74196] Preparing the IO Packet Header hdw0: 02000001 hdw1: 0000000f hdw2: abcdef00 

[74260] RC TX BEGIN, PKT WITH DIRECT DATA rc_tx_pkt_index b 
[74284] RC TX END, PKT WITH DIRECT DATA rc_tx_pkt_index b 
[74292] RC  Initializing rc_tx_pkt_len_array single index b => hlen 3 dlen 0 hlen+dlen 3
[74292] RC  Loading RC Tx Mem  index b addr 29 hdw0 2000001 
[74292] RC  Loading RC Tx Mem  index b addr 2a hdw1 f 
[74292] RC  Loading RC Tx Mem  index b addr 2b hdw2 abcdef00 
[74300] Preparing the CPL  Packet Header hdw0: 4a000001 hdw1: 01000004 hdw2: 00000000 

[74300] EP  Initializing ep_tx_pkt_len_array single index b => hlen 3 dlen 1 hlen+dlen 4
[74300] EP  Loading EP Tx Mem  index b addr 24 hdw0 4a000001 
[74300] EP  Loading EP Tx Mem  index b addr 25 hdw1 1000004 
[74300] EP  Loading EP Tx Mem  index b addr 26 hdw1 0 
[74300] EP  Loading EP Tx Mem  index b addr 27 data 12c 
[74776] RC  RECEIVE PKT BEGIN  rc_rx_pkt_index 8
74781: pex_tb.PEX_RC.rc_rx_cmd_mem MemWr 0x4a000001 @Addr = 0x01a
74789: pex_tb.PEX_RC.rc_rx_cmd_mem MemWr 0x01000004 @Addr = 0x01b
74797: pex_tb.PEX_RC.rc_rx_cmd_mem MemWr 0x00000000 @Addr = 0x01c
[74800] RC  RECEIVE PKT END  rc_rx_pkt_index 8
74805: pex_tb.PEX_RC.rc_rx_cmd_mem MemWr 0x00000eb3 @Addr = 0x01d
[74808] INFO:  EP -> RC Packet 0 Data Compare Start! RC MEM SADR : 0000001a RC PKTLEN 00000004 

[74808] EP -> RC Packet 008 Data Compare passed! 

[74896] EP  RECEIVE PKT BEGIN  ep_rx_pkt_index 9
74901: pex_tb.PEX_EP_0.ep_rx_cmd_mem MemWr 0x42000001 @Addr = 0x021
74909: pex_tb.PEX_EP_0.ep_rx_cmd_mem MemWr 0x0000000f @Addr = 0x022
74917: pex_tb.PEX_EP_0.ep_rx_cmd_mem MemWr 0xabcdef00 @Addr = 0x023
[74920] EP  RECEIVE PKT END  ep_rx_pkt_index 9
74925: pex_tb.PEX_EP_0.ep_rx_cmd_mem MemWr 0x000008b3 @Addr = 0x024
[74928] INFO:  RC -> EP Packet 1 Data Compare Start! EP MEM SADR : 00000021 EP PKTLEN 00000004 

[74928] RC -> EP Packet 009 Data Compare passed! 

[75640] RC  RECEIVE PKT BEGIN  rc_rx_pkt_index 9
75645: pex_tb.PEX_RC.rc_rx_cmd_mem MemWr 0x0a000000 @Addr = 0x01e
75653: pex_tb.PEX_RC.rc_rx_cmd_mem MemWr 0x01000004 @Addr = 0x01f
[75656] RC  RECEIVE PKT END  rc_rx_pkt_index 9
75661: pex_tb.PEX_RC.rc_rx_cmd_mem MemWr 0x00000000 @Addr = 0x020
[75664] INFO:  EP -> RC Packet 1 Data Compare Start! RC MEM SADR : 0000001e RC PKTLEN 00000003 

[75664] EP -> RC Packet 009 Data Compare passed! 

[75776] EP  RECEIVE PKT BEGIN  ep_rx_pkt_index a
75781: pex_tb.PEX_EP_0.ep_rx_cmd_mem MemWr 0x42000001 @Addr = 0x025
75789: pex_tb.PEX_EP_0.ep_rx_cmd_mem MemWr 0x00000003 @Addr = 0x026
75797: pex_tb.PEX_EP_0.ep_rx_cmd_mem MemWr 0xabcdef00 @Addr = 0x027
[75800] EP  RECEIVE PKT END  ep_rx_pkt_index a
75805: pex_tb.PEX_EP_0.ep_rx_cmd_mem MemWr 0x0000012c @Addr = 0x028
[75808] INFO:  RC -> EP Packet 2 Data Compare Start! EP MEM SADR : 00000025 EP PKTLEN 00000004 

[75808] RC -> EP Packet 00a Data Compare passed! 

[76616] RC  RECEIVE PKT BEGIN  rc_rx_pkt_index a
76621: pex_tb.PEX_RC.rc_rx_cmd_mem MemWr 0x0a000000 @Addr = 0x021
76629: pex_tb.PEX_RC.rc_rx_cmd_mem MemWr 0x01000004 @Addr = 0x022
[76632] RC  RECEIVE PKT END  rc_rx_pkt_index a
76637: pex_tb.PEX_RC.rc_rx_cmd_mem MemWr 0x00000000 @Addr = 0x023
[76640] INFO:  EP -> RC Packet 2 Data Compare Start! RC MEM SADR : 00000021 RC PKTLEN 00000003 

[76640] EP -> RC Packet 00a Data Compare passed! 

[77016] EP  RECEIVE PKT BEGIN  ep_rx_pkt_index b
77021: pex_tb.PEX_EP_0.ep_rx_cmd_mem MemWr 0x02000001 @Addr = 0x029
77029: pex_tb.PEX_EP_0.ep_rx_cmd_mem MemWr 0x0000000f @Addr = 0x02a
[77032] EP  RECEIVE PKT END  ep_rx_pkt_index b
77037: pex_tb.PEX_EP_0.ep_rx_cmd_mem MemWr 0xabcdef00 @Addr = 0x02b
[77040] INFO:  RC -> EP Packet 3 Data Compare Start! EP MEM SADR : 00000029 EP PKTLEN 00000003 

[77040] RC -> EP Packet 00b Data Compare passed! 

[78304] RC  RECEIVE PKT BEGIN  rc_rx_pkt_index b






		 EP Compliance Test TXN.2.6#5 
 

		 PACKETS GOING FROM RC TO EP 
 
[78308] Preparing the IO Packet Header hdw0: 42000001 hdw1: 0000000f hdw2: abcdef00 

78309: pex_tb.PEX_RC.rc_rx_cmd_mem MemWr 0x4a000001 @Addr = 0x024
78317: pex_tb.PEX_RC.rc_rx_cmd_mem MemWr 0x01000004 @Addr = 0x025
78325: pex_tb.PEX_RC.rc_rx_cmd_mem MemWr 0x00000000 @Addr = 0x026
[78328] RC  RECEIVE PKT END  rc_rx_pkt_index b
78333: pex_tb.PEX_RC.rc_rx_cmd_mem MemWr 0x0000012c @Addr = 0x027
[78336] INFO:  EP -> RC Packet 3 Data Compare Start! RC MEM SADR : 00000024 RC PKTLEN 00000004 

[78336] EP -> RC Packet 00b Data Compare passed! 

[78372] RC TX BEGIN, PKT WITH DIRECT DATA rc_tx_pkt_index c 
[78404] RC TX END, PKT WITH DIRECT DATA rc_tx_pkt_index c 
[78412] RC  Initializing rc_tx_pkt_len_array single index c => hlen 3 dlen 1 hlen+dlen 4
[78412] RC  Loading RC Tx Mem  index c addr 2c hdw0 42000001 
[78412] RC  Loading RC Tx Mem  index c addr 2d hdw1 f 
[78412] RC  Loading RC Tx Mem  index c addr 2e hdw2 abcdef00 
[78412] RC  Loading RC Tx Mem  index c addr 2f data 170 
[78420] Preparing the CPL  Packet Header hdw0: 0a000000 hdw1: 01000004 hdw2: 00000000 

[78420] EP  Initializing ep_tx_pkt_len_array single index c => hlen 3 dlen 0 hlen+dlen 3
[78420] EP  Loading EP Tx Mem  index c addr 28 hdw0 a000000 
[78420] EP  Loading EP Tx Mem  index c addr 29 hdw1 1000004 
[78420] EP  Loading EP Tx Mem  index c addr 2a hdw1 0 
[78428] Preparing the IO Packet Header hdw0: 42000001 hdw1: 00000004 hdw2: abcdef00 

[78492] RC TX BEGIN, PKT WITH DIRECT DATA rc_tx_pkt_index d 
[78524] RC TX END, PKT WITH DIRECT DATA rc_tx_pkt_index d 
[78532] RC  Initializing rc_tx_pkt_len_array single index d => hlen 3 dlen 1 hlen+dlen 4
[78532] RC  Loading RC Tx Mem  index d addr 30 hdw0 42000001 
[78532] RC  Loading RC Tx Mem  index d addr 31 hdw1 4 
[78532] RC  Loading RC Tx Mem  index d addr 32 hdw2 abcdef00 
[78532] RC  Loading RC Tx Mem  index d addr 33 data 724 
[78540] Preparing the CPL  Packet Header hdw0: 0a000000 hdw1: 01000004 hdw2: 00000000 

[78540] EP  Initializing ep_tx_pkt_len_array single index d => hlen 3 dlen 0 hlen+dlen 3
[78540] EP  Loading EP Tx Mem  index d addr 2b hdw0 a000000 
[78540] EP  Loading EP Tx Mem  index d addr 2c hdw1 1000004 
[78540] EP  Loading EP Tx Mem  index d addr 2d hdw1 0 
[78548] Preparing the IO Packet Header hdw0: 02000001 hdw1: 0000000f hdw2: abcdef00 

[78612] RC TX BEGIN, PKT WITH DIRECT DATA rc_tx_pkt_index e 
[78636] RC TX END, PKT WITH DIRECT DATA rc_tx_pkt_index e 
[78644] RC  Initializing rc_tx_pkt_len_array single index e => hlen 3 dlen 0 hlen+dlen 3
[78644] RC  Loading RC Tx Mem  index e addr 34 hdw0 2000001 
[78644] RC  Loading RC Tx Mem  index e addr 35 hdw1 f 
[78644] RC  Loading RC Tx Mem  index e addr 36 hdw2 abcdef00 
[78652] Preparing the CPL  Packet Header hdw0: 4a000001 hdw1: 01000004 hdw2: 00000000 

[78652] EP  Initializing ep_tx_pkt_len_array single index e => hlen 3 dlen 1 hlen+dlen 4
[78652] EP  Loading EP Tx Mem  index e addr 2e hdw0 4a000001 
[78652] EP  Loading EP Tx Mem  index e addr 2f hdw1 1000004 
[78652] EP  Loading EP Tx Mem  index e addr 30 hdw1 0 
[78652] EP  Loading EP Tx Mem  index e addr 31 data 170 
[79240] EP  RECEIVE PKT BEGIN  ep_rx_pkt_index c
79245: pex_tb.PEX_EP_0.ep_rx_cmd_mem MemWr 0x42000001 @Addr = 0x02c
79253: pex_tb.PEX_EP_0.ep_rx_cmd_mem MemWr 0x0000000f @Addr = 0x02d
79261: pex_tb.PEX_EP_0.ep_rx_cmd_mem MemWr 0xabcdef00 @Addr = 0x02e
[79264] EP  RECEIVE PKT END  ep_rx_pkt_index c
79269: pex_tb.PEX_EP_0.ep_rx_cmd_mem MemWr 0x00000170 @Addr = 0x02f
[79272] INFO:  RC -> EP Packet 4 Data Compare Start! EP MEM SADR : 0000002c EP PKTLEN 00000004 

[79272] RC -> EP Packet 00c Data Compare passed! 

[80008] RC  RECEIVE PKT BEGIN  rc_rx_pkt_index c
80013: pex_tb.PEX_RC.rc_rx_cmd_mem MemWr 0x0a000000 @Addr = 0x028
80021: pex_tb.PEX_RC.rc_rx_cmd_mem MemWr 0x01000004 @Addr = 0x029
[80024] RC  RECEIVE PKT END  rc_rx_pkt_index c
80029: pex_tb.PEX_RC.rc_rx_cmd_mem MemWr 0x00000000 @Addr = 0x02a
[80032] INFO:  EP -> RC Packet 4 Data Compare Start! RC MEM SADR : 00000028 RC PKTLEN 00000003 

[80032] EP -> RC Packet 00c Data Compare passed! 

[80144] EP  RECEIVE PKT BEGIN  ep_rx_pkt_index d
80149: pex_tb.PEX_EP_0.ep_rx_cmd_mem MemWr 0x42000001 @Addr = 0x030
80157: pex_tb.PEX_EP_0.ep_rx_cmd_mem MemWr 0x00000004 @Addr = 0x031
80165: pex_tb.PEX_EP_0.ep_rx_cmd_mem MemWr 0xabcdef00 @Addr = 0x032
[80168] EP  RECEIVE PKT END  ep_rx_pkt_index d
80173: pex_tb.PEX_EP_0.ep_rx_cmd_mem MemWr 0x00000724 @Addr = 0x033
[80176] INFO:  RC -> EP Packet 5 Data Compare Start! EP MEM SADR : 00000030 EP PKTLEN 00000004 

[80176] RC -> EP Packet 00d Data Compare passed! 

[80896] RC  RECEIVE PKT BEGIN  rc_rx_pkt_index d
80901: pex_tb.PEX_RC.rc_rx_cmd_mem MemWr 0x0a000000 @Addr = 0x02b
80909: pex_tb.PEX_RC.rc_rx_cmd_mem MemWr 0x01000004 @Addr = 0x02c
[80912] RC  RECEIVE PKT END  rc_rx_pkt_index d
80917: pex_tb.PEX_RC.rc_rx_cmd_mem MemWr 0x00000000 @Addr = 0x02d
[80920] INFO:  EP -> RC Packet 5 Data Compare Start! RC MEM SADR : 0000002b RC PKTLEN 00000003 

[80920] EP -> RC Packet 00d Data Compare passed! 

[81144] EP  RECEIVE PKT BEGIN  ep_rx_pkt_index e
81149: pex_tb.PEX_EP_0.ep_rx_cmd_mem MemWr 0x02000001 @Addr = 0x034
81157: pex_tb.PEX_EP_0.ep_rx_cmd_mem MemWr 0x0000000f @Addr = 0x035
[81160] EP  RECEIVE PKT END  ep_rx_pkt_index e
81165: pex_tb.PEX_EP_0.ep_rx_cmd_mem MemWr 0xabcdef00 @Addr = 0x036
[81168] INFO:  RC -> EP Packet 6 Data Compare Start! EP MEM SADR : 00000034 EP PKTLEN 00000003 

[81168] RC -> EP Packet 00e Data Compare passed! 

[82376] RC  RECEIVE PKT BEGIN  rc_rx_pkt_index e
82381: pex_tb.PEX_RC.rc_rx_cmd_mem MemWr 0x4a000001 @Addr = 0x02e
82389: pex_tb.PEX_RC.rc_rx_cmd_mem MemWr 0x01000004 @Addr = 0x02f
82397: pex_tb.PEX_RC.rc_rx_cmd_mem MemWr 0x00000000 @Addr = 0x030
[82400] RC  RECEIVE PKT END  rc_rx_pkt_index e
82405: pex_tb.PEX_RC.rc_rx_cmd_mem MemWr 0x00000170 @Addr = 0x031
[82408] INFO:  EP -> RC Packet 6 Data Compare Start! RC MEM SADR : 0000002e RC PKTLEN 00000004 

[82408] EP -> RC Packet 00e Data Compare passed! 







		 EP Compliance Test TXN.2.6#5 
 

		 PACKETS GOING FROM RC TO EP 
 
[82660] Preparing the IO Packet Header hdw0: 42000001 hdw1: 0000000f hdw2: abcdef00 

[82724] RC TX BEGIN, PKT WITH DIRECT DATA rc_tx_pkt_index f 
[82756] RC TX END, PKT WITH DIRECT DATA rc_tx_pkt_index f 
[82764] RC  Initializing rc_tx_pkt_len_array single index f => hlen 3 dlen 1 hlen+dlen 4
[82764] RC  Loading RC Tx Mem  index f addr 37 hdw0 42000001 
[82764] RC  Loading RC Tx Mem  index f addr 38 hdw1 f 
[82764] RC  Loading RC Tx Mem  index f addr 39 hdw2 abcdef00 
[82764] RC  Loading RC Tx Mem  index f addr 3a data f4c 
[82772] Preparing the CPL  Packet Header hdw0: 0a000000 hdw1: 01000004 hdw2: 00000000 

[82772] EP  Initializing ep_tx_pkt_len_array single index f => hlen 3 dlen 0 hlen+dlen 3
[82772] EP  Loading EP Tx Mem  index f addr 32 hdw0 a000000 
[82772] EP  Loading EP Tx Mem  index f addr 33 hdw1 1000004 
[82772] EP  Loading EP Tx Mem  index f addr 34 hdw1 0 
[82780] Preparing the IO Packet Header hdw0: 42000001 hdw1: 00000005 hdw2: abcdef00 

[82844] RC TX BEGIN, PKT WITH DIRECT DATA rc_tx_pkt_index 10 
[82876] RC TX END, PKT WITH DIRECT DATA rc_tx_pkt_index 10 
[82884] RC  Initializing rc_tx_pkt_len_array single index 10 => hlen 3 dlen 1 hlen+dlen 4
[82884] RC  Loading RC Tx Mem  index 10 addr 3b hdw0 42000001 
[82884] RC  Loading RC Tx Mem  index 10 addr 3c hdw1 5 
[82884] RC  Loading RC Tx Mem  index 10 addr 3d hdw2 abcdef00 
[82884] RC  Loading RC Tx Mem  index 10 addr 3e data 50d 
[82892] Preparing the CPL  Packet Header hdw0: 0a000000 hdw1: 01000004 hdw2: 00000000 

[82892] EP  Initializing ep_tx_pkt_len_array single index 10 => hlen 3 dlen 0 hlen+dlen 3
[82892] EP  Loading EP Tx Mem  index 10 addr 35 hdw0 a000000 
[82892] EP  Loading EP Tx Mem  index 10 addr 36 hdw1 1000004 
[82892] EP  Loading EP Tx Mem  index 10 addr 37 hdw1 0 
[82900] Preparing the IO Packet Header hdw0: 02000001 hdw1: 0000000f hdw2: abcdef00 

[82964] RC TX BEGIN, PKT WITH DIRECT DATA rc_tx_pkt_index 11 
[82988] RC TX END, PKT WITH DIRECT DATA rc_tx_pkt_index 11 
[82996] RC  Initializing rc_tx_pkt_len_array single index 11 => hlen 3 dlen 0 hlen+dlen 3
[82996] RC  Loading RC Tx Mem  index 11 addr 3f hdw0 2000001 
[82996] RC  Loading RC Tx Mem  index 11 addr 40 hdw1 f 
[82996] RC  Loading RC Tx Mem  index 11 addr 41 hdw2 abcdef00 
[83004] Preparing the CPL  Packet Header hdw0: 4a000001 hdw1: 01000004 hdw2: 00000000 

[83004] EP  Initializing ep_tx_pkt_len_array single index 11 => hlen 3 dlen 1 hlen+dlen 4
[83004] EP  Loading EP Tx Mem  index 11 addr 38 hdw0 4a000001 
[83004] EP  Loading EP Tx Mem  index 11 addr 39 hdw1 1000004 
[83004] EP  Loading EP Tx Mem  index 11 addr 3a hdw1 0 
[83004] EP  Loading EP Tx Mem  index 11 addr 3b data f0d 
[83608] EP  RECEIVE PKT BEGIN  ep_rx_pkt_index f
83613: pex_tb.PEX_EP_0.ep_rx_cmd_mem MemWr 0x42000001 @Addr = 0x037
83621: pex_tb.PEX_EP_0.ep_rx_cmd_mem MemWr 0x0000000f @Addr = 0x038
83629: pex_tb.PEX_EP_0.ep_rx_cmd_mem MemWr 0xabcdef00 @Addr = 0x039
[83632] EP  RECEIVE PKT END  ep_rx_pkt_index f
83637: pex_tb.PEX_EP_0.ep_rx_cmd_mem MemWr 0x00000f4c @Addr = 0x03a
[83640] INFO:  RC -> EP Packet 7 Data Compare Start! EP MEM SADR : 00000037 EP PKTLEN 00000004 

[83640] RC -> EP Packet 00f Data Compare passed! 

[84360] RC  RECEIVE PKT BEGIN  rc_rx_pkt_index f
84365: pex_tb.PEX_RC.rc_rx_cmd_mem MemWr 0x0a000000 @Addr = 0x032
84373: pex_tb.PEX_RC.rc_rx_cmd_mem MemWr 0x01000004 @Addr = 0x033
[84376] RC  RECEIVE PKT END  rc_rx_pkt_index f
84381: pex_tb.PEX_RC.rc_rx_cmd_mem MemWr 0x00000000 @Addr = 0x034
[84384] INFO:  EP -> RC Packet 7 Data Compare Start! RC MEM SADR : 00000032 RC PKTLEN 00000003 

[84384] EP -> RC Packet 00f Data Compare passed! 

[84512] EP  RECEIVE PKT BEGIN  ep_rx_pkt_index 10
84517: pex_tb.PEX_EP_0.ep_rx_cmd_mem MemWr 0x42000001 @Addr = 0x03b
84525: pex_tb.PEX_EP_0.ep_rx_cmd_mem MemWr 0x00000005 @Addr = 0x03c
84533: pex_tb.PEX_EP_0.ep_rx_cmd_mem MemWr 0xabcdef00 @Addr = 0x03d
[84536] EP  RECEIVE PKT END  ep_rx_pkt_index 10
84541: pex_tb.PEX_EP_0.ep_rx_cmd_mem MemWr 0x0000050d @Addr = 0x03e
[84544] INFO:  RC -> EP Packet 0 Data Compare Start! EP MEM SADR : 0000003b EP PKTLEN 00000004 

[84544] RC -> EP Packet 010 Data Compare passed! 

[85256] RC  RECEIVE PKT BEGIN  rc_rx_pkt_index 10
85261: pex_tb.PEX_RC.rc_rx_cmd_mem MemWr 0x0a000000 @Addr = 0x035
85269: pex_tb.PEX_RC.rc_rx_cmd_mem MemWr 0x01000004 @Addr = 0x036
[85272] RC  RECEIVE PKT END  rc_rx_pkt_index 10
85277: pex_tb.PEX_RC.rc_rx_cmd_mem MemWr 0x00000000 @Addr = 0x037
[85280] INFO:  EP -> RC Packet 0 Data Compare Start! RC MEM SADR : 00000035 RC PKTLEN 00000003 

[85280] EP -> RC Packet 010 Data Compare passed! 

[85512] EP  RECEIVE PKT BEGIN  ep_rx_pkt_index 11
85517: pex_tb.PEX_EP_0.ep_rx_cmd_mem MemWr 0x02000001 @Addr = 0x03f
85525: pex_tb.PEX_EP_0.ep_rx_cmd_mem MemWr 0x0000000f @Addr = 0x040
[85528] EP  RECEIVE PKT END  ep_rx_pkt_index 11
85533: pex_tb.PEX_EP_0.ep_rx_cmd_mem MemWr 0xabcdef00 @Addr = 0x041
[85536] INFO:  RC -> EP Packet 1 Data Compare Start! EP MEM SADR : 0000003f EP PKTLEN 00000003 

[85536] RC -> EP Packet 011 Data Compare passed! 

[86440] RC  RECEIVE PKT BEGIN  rc_rx_pkt_index 11
86445: pex_tb.PEX_RC.rc_rx_cmd_mem MemWr 0x4a000001 @Addr = 0x038
86453: pex_tb.PEX_RC.rc_rx_cmd_mem MemWr 0x01000004 @Addr = 0x039
86461: pex_tb.PEX_RC.rc_rx_cmd_mem MemWr 0x00000000 @Addr = 0x03a
[86464] RC  RECEIVE PKT END  rc_rx_pkt_index 11
86469: pex_tb.PEX_RC.rc_rx_cmd_mem MemWr 0x00000f0d @Addr = 0x03b
[86472] INFO:  EP -> RC Packet 1 Data Compare Start! RC MEM SADR : 00000038 RC PKTLEN 00000004 

[86472] EP -> RC Packet 011 Data Compare passed! 







		 EP Compliance Test TXN.2.6#5 
 

		 PACKETS GOING FROM RC TO EP 
 
[87012] Preparing the IO Packet Header hdw0: 42000001 hdw1: 0000000f hdw2: abcdef00 

[87076] RC TX BEGIN, PKT WITH DIRECT DATA rc_tx_pkt_index 12 
[87108] RC TX END, PKT WITH DIRECT DATA rc_tx_pkt_index 12 
[87116] RC  Initializing rc_tx_pkt_len_array single index 12 => hlen 3 dlen 1 hlen+dlen 4
[87116] RC  Loading RC Tx Mem  index 12 addr 42 hdw0 42000001 
[87116] RC  Loading RC Tx Mem  index 12 addr 43 hdw1 f 
[87116] RC  Loading RC Tx Mem  index 12 addr 44 hdw2 abcdef00 
[87116] RC  Loading RC Tx Mem  index 12 addr 45 data eda 
[87124] Preparing the CPL  Packet Header hdw0: 0a000000 hdw1: 01000004 hdw2: 00000000 

[87124] EP  Initializing ep_tx_pkt_len_array single index 12 => hlen 3 dlen 0 hlen+dlen 3
[87124] EP  Loading EP Tx Mem  index 12 addr 3c hdw0 a000000 
[87124] EP  Loading EP Tx Mem  index 12 addr 3d hdw1 1000004 
[87124] EP  Loading EP Tx Mem  index 12 addr 3e hdw1 0 
[87132] Preparing the IO Packet Header hdw0: 42000001 hdw1: 00000006 hdw2: abcdef00 

[87196] RC TX BEGIN, PKT WITH DIRECT DATA rc_tx_pkt_index 13 
[87228] RC TX END, PKT WITH DIRECT DATA rc_tx_pkt_index 13 
[87236] RC  Initializing rc_tx_pkt_len_array single index 13 => hlen 3 dlen 1 hlen+dlen 4
[87236] RC  Loading RC Tx Mem  index 13 addr 46 hdw0 42000001 
[87236] RC  Loading RC Tx Mem  index 13 addr 47 hdw1 6 
[87236] RC  Loading RC Tx Mem  index 13 addr 48 hdw2 abcdef00 
[87236] RC  Loading RC Tx Mem  index 13 addr 49 data eeb 
[87244] Preparing the CPL  Packet Header hdw0: 0a000000 hdw1: 01000004 hdw2: 00000000 

[87244] EP  Initializing ep_tx_pkt_len_array single index 13 => hlen 3 dlen 0 hlen+dlen 3
[87244] EP  Loading EP Tx Mem  index 13 addr 3f hdw0 a000000 
[87244] EP  Loading EP Tx Mem  index 13 addr 40 hdw1 1000004 
[87244] EP  Loading EP Tx Mem  index 13 addr 41 hdw1 0 
[87252] Preparing the IO Packet Header hdw0: 02000001 hdw1: 0000000f hdw2: abcdef00 

[87316] RC TX BEGIN, PKT WITH DIRECT DATA rc_tx_pkt_index 14 
[87340] RC TX END, PKT WITH DIRECT DATA rc_tx_pkt_index 14 
[87348] RC  Initializing rc_tx_pkt_len_array single index 14 => hlen 3 dlen 0 hlen+dlen 3
[87348] RC  Loading RC Tx Mem  index 14 addr 4a hdw0 2000001 
[87348] RC  Loading RC Tx Mem  index 14 addr 4b hdw1 f 
[87348] RC  Loading RC Tx Mem  index 14 addr 4c hdw2 abcdef00 
[87356] Preparing the CPL  Packet Header hdw0: 4a000001 hdw1: 01000004 hdw2: 00000000 

[87356] EP  Initializing ep_tx_pkt_len_array single index 14 => hlen 3 dlen 1 hlen+dlen 4
[87356] EP  Loading EP Tx Mem  index 14 addr 42 hdw0 4a000001 
[87356] EP  Loading EP Tx Mem  index 14 addr 43 hdw1 1000004 
[87356] EP  Loading EP Tx Mem  index 14 addr 44 hdw1 0 
[87356] EP  Loading EP Tx Mem  index 14 addr 45 data eda 
[87976] EP  RECEIVE PKT BEGIN  ep_rx_pkt_index 12
87981: pex_tb.PEX_EP_0.ep_rx_cmd_mem MemWr 0x42000001 @Addr = 0x042
87989: pex_tb.PEX_EP_0.ep_rx_cmd_mem MemWr 0x0000000f @Addr = 0x043
87997: pex_tb.PEX_EP_0.ep_rx_cmd_mem MemWr 0xabcdef00 @Addr = 0x044
[88000] EP  RECEIVE PKT END  ep_rx_pkt_index 12
88005: pex_tb.PEX_EP_0.ep_rx_cmd_mem MemWr 0x00000eda @Addr = 0x045
[88008] INFO:  RC -> EP Packet 2 Data Compare Start! EP MEM SADR : 00000042 EP PKTLEN 00000004 

[88008] RC -> EP Packet 012 Data Compare passed! 

[88728] RC  RECEIVE PKT BEGIN  rc_rx_pkt_index 12
88733: pex_tb.PEX_RC.rc_rx_cmd_mem MemWr 0x0a000000 @Addr = 0x03c
88741: pex_tb.PEX_RC.rc_rx_cmd_mem MemWr 0x01000004 @Addr = 0x03d
[88744] RC  RECEIVE PKT END  rc_rx_pkt_index 12
88749: pex_tb.PEX_RC.rc_rx_cmd_mem MemWr 0x00000000 @Addr = 0x03e
[88752] INFO:  EP -> RC Packet 2 Data Compare Start! RC MEM SADR : 0000003c RC PKTLEN 00000003 

[88752] EP -> RC Packet 012 Data Compare passed! 

[88880] EP  RECEIVE PKT BEGIN  ep_rx_pkt_index 13
88885: pex_tb.PEX_EP_0.ep_rx_cmd_mem MemWr 0x42000001 @Addr = 0x046
88893: pex_tb.PEX_EP_0.ep_rx_cmd_mem MemWr 0x00000006 @Addr = 0x047
88901: pex_tb.PEX_EP_0.ep_rx_cmd_mem MemWr 0xabcdef00 @Addr = 0x048
[88904] EP  RECEIVE PKT END  ep_rx_pkt_index 13
88909: pex_tb.PEX_EP_0.ep_rx_cmd_mem MemWr 0x00000eeb @Addr = 0x049
[88912] INFO:  RC -> EP Packet 3 Data Compare Start! EP MEM SADR : 00000046 EP PKTLEN 00000004 

[88912] RC -> EP Packet 013 Data Compare passed! 







		 EP Compliance Test TXN.2.6#5 
 

		 PACKETS GOING FROM RC TO EP 
 
[91364] Preparing the IO Packet Header hdw0: 42000001 hdw1: 0000000f hdw2: abcdef00 

[91428] RC TX BEGIN, PKT WITH DIRECT DATA rc_tx_pkt_index 15 
[91460] RC TX END, PKT WITH DIRECT DATA rc_tx_pkt_index 15 
[91468] RC  Initializing rc_tx_pkt_len_array single index 15 => hlen 3 dlen 1 hlen+dlen 4
[91468] RC  Loading RC Tx Mem  index 15 addr 4d hdw0 42000001 
[91468] RC  Loading RC Tx Mem  index 15 addr 4e hdw1 f 
[91468] RC  Loading RC Tx Mem  index 15 addr 4f hdw2 abcdef00 
[91468] RC  Loading RC Tx Mem  index 15 addr 50 data 56f 
[91476] Preparing the CPL  Packet Header hdw0: 0a000000 hdw1: 01000004 hdw2: 00000000 

[91476] EP  Initializing ep_tx_pkt_len_array single index 15 => hlen 3 dlen 0 hlen+dlen 3
[91476] EP  Loading EP Tx Mem  index 15 addr 46 hdw0 a000000 
[91476] EP  Loading EP Tx Mem  index 15 addr 47 hdw1 1000004 
[91476] EP  Loading EP Tx Mem  index 15 addr 48 hdw1 0 
[91484] Preparing the IO Packet Header hdw0: 42000001 hdw1: 00000007 hdw2: abcdef00 

[91548] RC TX BEGIN, PKT WITH DIRECT DATA rc_tx_pkt_index 16 
[91580] RC TX END, PKT WITH DIRECT DATA rc_tx_pkt_index 16 
[91588] RC  Initializing rc_tx_pkt_len_array single index 16 => hlen 3 dlen 1 hlen+dlen 4
[91588] RC  Loading RC Tx Mem  index 16 addr 51 hdw0 42000001 
[91588] RC  Loading RC Tx Mem  index 16 addr 52 hdw1 7 
[91588] RC  Loading RC Tx Mem  index 16 addr 53 hdw2 abcdef00 
[91588] RC  Loading RC Tx Mem  index 16 addr 54 data 419 
[91596] Preparing the CPL  Packet Header hdw0: 0a000000 hdw1: 01000004 hdw2: 00000000 

[91596] EP  Initializing ep_tx_pkt_len_array single index 16 => hlen 3 dlen 0 hlen+dlen 3
[91596] EP  Loading EP Tx Mem  index 16 addr 49 hdw0 a000000 
[91596] EP  Loading EP Tx Mem  index 16 addr 4a hdw1 1000004 
[91596] EP  Loading EP Tx Mem  index 16 addr 4b hdw1 0 
[91604] Preparing the IO Packet Header hdw0: 02000001 hdw1: 0000000f hdw2: abcdef00 

[91668] RC TX BEGIN, PKT WITH DIRECT DATA rc_tx_pkt_index 17 
[91692] RC TX END, PKT WITH DIRECT DATA rc_tx_pkt_index 17 
[91700] RC  Initializing rc_tx_pkt_len_array single index 17 => hlen 3 dlen 0 hlen+dlen 3
[91700] RC  Loading RC Tx Mem  index 17 addr 55 hdw0 2000001 
[91700] RC  Loading RC Tx Mem  index 17 addr 56 hdw1 f 
[91700] RC  Loading RC Tx Mem  index 17 addr 57 hdw2 abcdef00 
[91708] Preparing the CPL  Packet Header hdw0: 4a000001 hdw1: 01000004 hdw2: 00000000 

[91708] EP  Initializing ep_tx_pkt_len_array single index 17 => hlen 3 dlen 1 hlen+dlen 4
[91708] EP  Loading EP Tx Mem  index 17 addr 4c hdw0 4a000001 
[91708] EP  Loading EP Tx Mem  index 17 addr 4d hdw1 1000004 
[91708] EP  Loading EP Tx Mem  index 17 addr 4e hdw1 0 
[91708] EP  Loading EP Tx Mem  index 17 addr 4f data 419 
[91992] RC  RECEIVE PKT BEGIN  rc_rx_pkt_index 13
91997: pex_tb.PEX_RC.rc_rx_cmd_mem MemWr 0x0a000000 @Addr = 0x03f
92005: pex_tb.PEX_RC.rc_rx_cmd_mem MemWr 0x01000004 @Addr = 0x040
[92008] RC  RECEIVE PKT END  rc_rx_pkt_index 13
92013: pex_tb.PEX_RC.rc_rx_cmd_mem MemWr 0x00000000 @Addr = 0x041
[92016] INFO:  EP -> RC Packet 3 Data Compare Start! RC MEM SADR : 0000003f RC PKTLEN 00000003 

[92016] EP -> RC Packet 013 Data Compare passed! 

[92440] EP  RECEIVE PKT BEGIN  ep_rx_pkt_index 14
92445: pex_tb.PEX_EP_0.ep_rx_cmd_mem MemWr 0x02000001 @Addr = 0x04a
92453: pex_tb.PEX_EP_0.ep_rx_cmd_mem MemWr 0x0000000f @Addr = 0x04b
[92456] EP  RECEIVE PKT END  ep_rx_pkt_index 14
92461: pex_tb.PEX_EP_0.ep_rx_cmd_mem MemWr 0xabcdef00 @Addr = 0x04c
[92464] INFO:  RC -> EP Packet 4 Data Compare Start! EP MEM SADR : 0000004a EP PKTLEN 00000003 

[92464] RC -> EP Packet 014 Data Compare passed! 

[92728] EP  RECEIVE PKT BEGIN  ep_rx_pkt_index 15
92733: pex_tb.PEX_EP_0.ep_rx_cmd_mem MemWr 0x42000001 @Addr = 0x04d
92741: pex_tb.PEX_EP_0.ep_rx_cmd_mem MemWr 0x0000000f @Addr = 0x04e
92749: pex_tb.PEX_EP_0.ep_rx_cmd_mem MemWr 0xabcdef00 @Addr = 0x04f
[92752] EP  RECEIVE PKT END  ep_rx_pkt_index 15
92757: pex_tb.PEX_EP_0.ep_rx_cmd_mem MemWr 0x0000056f @Addr = 0x050
[92760] INFO:  RC -> EP Packet 5 Data Compare Start! EP MEM SADR : 0000004d EP PKTLEN 00000004 

[92760] RC -> EP Packet 015 Data Compare passed! 

[93248] EP  RECEIVE PKT BEGIN  ep_rx_pkt_index 16
93253: pex_tb.PEX_EP_0.ep_rx_cmd_mem MemWr 0x42000001 @Addr = 0x051
93261: pex_tb.PEX_EP_0.ep_rx_cmd_mem MemWr 0x00000007 @Addr = 0x052
93269: pex_tb.PEX_EP_0.ep_rx_cmd_mem MemWr 0xabcdef00 @Addr = 0x053
[93272] EP  RECEIVE PKT END  ep_rx_pkt_index 16
93277: pex_tb.PEX_EP_0.ep_rx_cmd_mem MemWr 0x00000419 @Addr = 0x054
[93280] INFO:  RC -> EP Packet 6 Data Compare Start! EP MEM SADR : 00000051 EP PKTLEN 00000004 

[93280] RC -> EP Packet 016 Data Compare passed! 

[93888] RC  RECEIVE PKT BEGIN  rc_rx_pkt_index 14
93893: pex_tb.PEX_RC.rc_rx_cmd_mem MemWr 0x4a000001 @Addr = 0x042
93901: pex_tb.PEX_RC.rc_rx_cmd_mem MemWr 0x01000004 @Addr = 0x043
93909: pex_tb.PEX_RC.rc_rx_cmd_mem MemWr 0x00000000 @Addr = 0x044
[93912] RC  RECEIVE PKT END  rc_rx_pkt_index 14
93917: pex_tb.PEX_RC.rc_rx_cmd_mem MemWr 0x00000eda @Addr = 0x045
[93920] INFO:  EP -> RC Packet 4 Data Compare Start! RC MEM SADR : 00000042 RC PKTLEN 00000004 

[93920] EP -> RC Packet 014 Data Compare passed! 

[94112] EP  RECEIVE PKT BEGIN  ep_rx_pkt_index 17
94117: pex_tb.PEX_EP_0.ep_rx_cmd_mem MemWr 0x02000001 @Addr = 0x055
94125: pex_tb.PEX_EP_0.ep_rx_cmd_mem MemWr 0x0000000f @Addr = 0x056
[94128] EP  RECEIVE PKT END  ep_rx_pkt_index 17
94133: pex_tb.PEX_EP_0.ep_rx_cmd_mem MemWr 0xabcdef00 @Addr = 0x057
[94136] INFO:  RC -> EP Packet 7 Data Compare Start! EP MEM SADR : 00000055 EP PKTLEN 00000003 

[94136] RC -> EP Packet 017 Data Compare passed! 

[94776] RC  RECEIVE PKT BEGIN  rc_rx_pkt_index 15
94781: pex_tb.PEX_RC.rc_rx_cmd_mem MemWr 0x0a000000 @Addr = 0x046
94789: pex_tb.PEX_RC.rc_rx_cmd_mem MemWr 0x01000004 @Addr = 0x047
[94792] RC  RECEIVE PKT END  rc_rx_pkt_index 15
94797: pex_tb.PEX_RC.rc_rx_cmd_mem MemWr 0x00000000 @Addr = 0x048
[94800] INFO:  EP -> RC Packet 5 Data Compare Start! RC MEM SADR : 00000046 RC PKTLEN 00000003 

[94800] EP -> RC Packet 015 Data Compare passed! 







		 EP Compliance Test TXN.2.6#5 
 

		 PACKETS GOING FROM RC TO EP 
 
[95716] Preparing the IO Packet Header hdw0: 42000001 hdw1: 0000000f hdw2: abcdef00 

[95780] RC TX BEGIN, PKT WITH DIRECT DATA rc_tx_pkt_index 18 
[95812] RC TX END, PKT WITH DIRECT DATA rc_tx_pkt_index 18 
[95820] RC  Initializing rc_tx_pkt_len_array single index 18 => hlen 3 dlen 1 hlen+dlen 4
[95820] RC  Loading RC Tx Mem  index 18 addr 58 hdw0 42000001 
[95820] RC  Loading RC Tx Mem  index 18 addr 59 hdw1 f 
[95820] RC  Loading RC Tx Mem  index 18 addr 5a hdw2 abcdef00 
[95820] RC  Loading RC Tx Mem  index 18 addr 5b data 502 
[95828] Preparing the CPL  Packet Header hdw0: 0a000000 hdw1: 01000004 hdw2: 00000000 

[95828] EP  Initializing ep_tx_pkt_len_array single index 18 => hlen 3 dlen 0 hlen+dlen 3
[95828] EP  Loading EP Tx Mem  index 18 addr 50 hdw0 a000000 
[95828] EP  Loading EP Tx Mem  index 18 addr 51 hdw1 1000004 
[95828] EP  Loading EP Tx Mem  index 18 addr 52 hdw1 0 
[95836] Preparing the IO Packet Header hdw0: 42000001 hdw1: 00000008 hdw2: abcdef00 

[95900] RC TX BEGIN, PKT WITH DIRECT DATA rc_tx_pkt_index 19 
[95932] RC TX END, PKT WITH DIRECT DATA rc_tx_pkt_index 19 
[95940] RC  Initializing rc_tx_pkt_len_array single index 19 => hlen 3 dlen 1 hlen+dlen 4
[95940] RC  Loading RC Tx Mem  index 19 addr 5c hdw0 42000001 
[95940] RC  Loading RC Tx Mem  index 19 addr 5d hdw1 8 
[95940] RC  Loading RC Tx Mem  index 19 addr 5e hdw2 abcdef00 
[95940] RC  Loading RC Tx Mem  index 19 addr 5f data c86 
[95948] Preparing the CPL  Packet Header hdw0: 0a000000 hdw1: 01000004 hdw2: 00000000 

[95948] EP  Initializing ep_tx_pkt_len_array single index 19 => hlen 3 dlen 0 hlen+dlen 3
[95948] EP  Loading EP Tx Mem  index 19 addr 53 hdw0 a000000 
[95948] EP  Loading EP Tx Mem  index 19 addr 54 hdw1 1000004 
[95948] EP  Loading EP Tx Mem  index 19 addr 55 hdw1 0 
[95956] Preparing the IO Packet Header hdw0: 02000001 hdw1: 0000000f hdw2: abcdef00 

[96020] RC TX BEGIN, PKT WITH DIRECT DATA rc_tx_pkt_index 1a 
[96044] RC TX END, PKT WITH DIRECT DATA rc_tx_pkt_index 1a 
[96052] RC  Initializing rc_tx_pkt_len_array single index 1a => hlen 3 dlen 0 hlen+dlen 3
[96052] RC  Loading RC Tx Mem  index 1a addr 60 hdw0 2000001 
[96052] RC  Loading RC Tx Mem  index 1a addr 61 hdw1 f 
[96052] RC  Loading RC Tx Mem  index 1a addr 62 hdw2 abcdef00 
[96060] Preparing the CPL  Packet Header hdw0: 4a000001 hdw1: 01000004 hdw2: 00000000 

[96060] EP  Initializing ep_tx_pkt_len_array single index 1a => hlen 3 dlen 1 hlen+dlen 4
[96060] EP  Loading EP Tx Mem  index 1a addr 56 hdw0 4a000001 
[96060] EP  Loading EP Tx Mem  index 1a addr 57 hdw1 1000004 
[96060] EP  Loading EP Tx Mem  index 1a addr 58 hdw1 0 
[96060] EP  Loading EP Tx Mem  index 1a addr 59 data 502 
[96192] RC  RECEIVE PKT BEGIN  rc_rx_pkt_index 16
96197: pex_tb.PEX_RC.rc_rx_cmd_mem MemWr 0x0a000000 @Addr = 0x049
96205: pex_tb.PEX_RC.rc_rx_cmd_mem MemWr 0x01000004 @Addr = 0x04a
[96208] RC  RECEIVE PKT END  rc_rx_pkt_index 16
96213: pex_tb.PEX_RC.rc_rx_cmd_mem MemWr 0x00000000 @Addr = 0x04b
[96216] INFO:  EP -> RC Packet 6 Data Compare Start! RC MEM SADR : 00000049 RC PKTLEN 00000003 

[96216] EP -> RC Packet 016 Data Compare passed! 

[96584] RC  RECEIVE PKT BEGIN  rc_rx_pkt_index 17
96589: pex_tb.PEX_RC.rc_rx_cmd_mem MemWr 0x4a000001 @Addr = 0x04c
96597: pex_tb.PEX_RC.rc_rx_cmd_mem MemWr 0x01000004 @Addr = 0x04d
96605: pex_tb.PEX_RC.rc_rx_cmd_mem MemWr 0x00000000 @Addr = 0x04e
[96608] RC  RECEIVE PKT END  rc_rx_pkt_index 17
96613: pex_tb.PEX_RC.rc_rx_cmd_mem MemWr 0x00000419 @Addr = 0x04f
[96616] INFO:  EP -> RC Packet 7 Data Compare Start! RC MEM SADR : 0000004c RC PKTLEN 00000004 

[96616] EP -> RC Packet 017 Data Compare passed! 

[96816] EP  RECEIVE PKT BEGIN  ep_rx_pkt_index 18
96821: pex_tb.PEX_EP_0.ep_rx_cmd_mem MemWr 0x42000001 @Addr = 0x058
96829: pex_tb.PEX_EP_0.ep_rx_cmd_mem MemWr 0x0000000f @Addr = 0x059
96837: pex_tb.PEX_EP_0.ep_rx_cmd_mem MemWr 0xabcdef00 @Addr = 0x05a
[96840] EP  RECEIVE PKT END  ep_rx_pkt_index 18
96845: pex_tb.PEX_EP_0.ep_rx_cmd_mem MemWr 0x00000502 @Addr = 0x05b
[96848] INFO:  RC -> EP Packet 0 Data Compare Start! EP MEM SADR : 00000058 EP PKTLEN 00000004 

[96848] RC -> EP Packet 018 Data Compare passed! 

[97520] RC  RECEIVE PKT BEGIN  rc_rx_pkt_index 18
97525: pex_tb.PEX_RC.rc_rx_cmd_mem MemWr 0x0a000000 @Addr = 0x050
97533: pex_tb.PEX_RC.rc_rx_cmd_mem MemWr 0x01000004 @Addr = 0x051
[97536] RC  RECEIVE PKT END  rc_rx_pkt_index 18
97541: pex_tb.PEX_RC.rc_rx_cmd_mem MemWr 0x00000000 @Addr = 0x052
[97544] INFO:  EP -> RC Packet 0 Data Compare Start! RC MEM SADR : 00000050 RC PKTLEN 00000003 

[97544] EP -> RC Packet 018 Data Compare passed! 

[97616] EP  RECEIVE PKT BEGIN  ep_rx_pkt_index 19
97621: pex_tb.PEX_EP_0.ep_rx_cmd_mem MemWr 0x42000001 @Addr = 0x05c
97629: pex_tb.PEX_EP_0.ep_rx_cmd_mem MemWr 0x00000008 @Addr = 0x05d
97637: pex_tb.PEX_EP_0.ep_rx_cmd_mem MemWr 0xabcdef00 @Addr = 0x05e
[97640] EP  RECEIVE PKT END  ep_rx_pkt_index 19
97645: pex_tb.PEX_EP_0.ep_rx_cmd_mem MemWr 0x00000c86 @Addr = 0x05f
[97648] INFO:  RC -> EP Packet 1 Data Compare Start! EP MEM SADR : 0000005c EP PKTLEN 00000004 

[97648] RC -> EP Packet 019 Data Compare passed! 

[98344] RC  RECEIVE PKT BEGIN  rc_rx_pkt_index 19
98349: pex_tb.PEX_RC.rc_rx_cmd_mem MemWr 0x0a000000 @Addr = 0x053
98357: pex_tb.PEX_RC.rc_rx_cmd_mem MemWr 0x01000004 @Addr = 0x054
[98360] RC  RECEIVE PKT END  rc_rx_pkt_index 19
98365: pex_tb.PEX_RC.rc_rx_cmd_mem MemWr 0x00000000 @Addr = 0x055
[98368] INFO:  EP -> RC Packet 1 Data Compare Start! RC MEM SADR : 00000053 RC PKTLEN 00000003 

[98368] EP -> RC Packet 019 Data Compare passed! 

[98528] EP  RECEIVE PKT BEGIN  ep_rx_pkt_index 1a
98533: pex_tb.PEX_EP_0.ep_rx_cmd_mem MemWr 0x02000001 @Addr = 0x060
98541: pex_tb.PEX_EP_0.ep_rx_cmd_mem MemWr 0x0000000f @Addr = 0x061
[98544] EP  RECEIVE PKT END  ep_rx_pkt_index 1a
98549: pex_tb.PEX_EP_0.ep_rx_cmd_mem MemWr 0xabcdef00 @Addr = 0x062
[98552] INFO:  RC -> EP Packet 2 Data Compare Start! EP MEM SADR : 00000060 EP PKTLEN 00000003 

[98552] RC -> EP Packet 01a Data Compare passed! 







		 EP Compliance Test TXN.2.6#5 
 

		 PACKETS GOING FROM RC TO EP 
 
[100068] Preparing the IO Packet Header hdw0: 42000001 hdw1: 0000000f hdw2: abcdef00 

[100132] RC TX BEGIN, PKT WITH DIRECT DATA rc_tx_pkt_index 1b 
[100164] RC TX END, PKT WITH DIRECT DATA rc_tx_pkt_index 1b 
[100172] RC  Initializing rc_tx_pkt_len_array single index 1b => hlen 3 dlen 1 hlen+dlen 4
[100172] RC  Loading RC Tx Mem  index 1b addr 63 hdw0 42000001 
[100172] RC  Loading RC Tx Mem  index 1b addr 64 hdw1 f 
[100172] RC  Loading RC Tx Mem  index 1b addr 65 hdw2 abcdef00 
[100172] RC  Loading RC Tx Mem  index 1b addr 66 data 75e 
[100180] Preparing the CPL  Packet Header hdw0: 0a000000 hdw1: 01000004 hdw2: 00000000 

[100180] EP  Initializing ep_tx_pkt_len_array single index 1b => hlen 3 dlen 0 hlen+dlen 3
[100180] EP  Loading EP Tx Mem  index 1b addr 5a hdw0 a000000 
[100180] EP  Loading EP Tx Mem  index 1b addr 5b hdw1 1000004 
[100180] EP  Loading EP Tx Mem  index 1b addr 5c hdw1 0 
[100188] Preparing the IO Packet Header hdw0: 42000001 hdw1: 00000009 hdw2: abcdef00 

[100252] RC TX BEGIN, PKT WITH DIRECT DATA rc_tx_pkt_index 1c 
[100284] RC TX END, PKT WITH DIRECT DATA rc_tx_pkt_index 1c 
[100292] RC  Initializing rc_tx_pkt_len_array single index 1c => hlen 3 dlen 1 hlen+dlen 4
[100292] RC  Loading RC Tx Mem  index 1c addr 67 hdw0 42000001 
[100292] RC  Loading RC Tx Mem  index 1c addr 68 hdw1 9 
[100292] RC  Loading RC Tx Mem  index 1c addr 69 hdw2 abcdef00 
[100292] RC  Loading RC Tx Mem  index 1c addr 6a data a24 
[100300] Preparing the CPL  Packet Header hdw0: 0a000000 hdw1: 01000004 hdw2: 00000000 

[100300] EP  Initializing ep_tx_pkt_len_array single index 1c => hlen 3 dlen 0 hlen+dlen 3
[100300] EP  Loading EP Tx Mem  index 1c addr 5d hdw0 a000000 
[100300] EP  Loading EP Tx Mem  index 1c addr 5e hdw1 1000004 
[100300] EP  Loading EP Tx Mem  index 1c addr 5f hdw1 0 
[100308] Preparing the IO Packet Header hdw0: 02000001 hdw1: 0000000f hdw2: abcdef00 

[100372] RC TX BEGIN, PKT WITH DIRECT DATA rc_tx_pkt_index 1d 
[100396] RC TX END, PKT WITH DIRECT DATA rc_tx_pkt_index 1d 
[100404] RC  Initializing rc_tx_pkt_len_array single index 1d => hlen 3 dlen 0 hlen+dlen 3
[100404] RC  Loading RC Tx Mem  index 1d addr 6b hdw0 2000001 
[100404] RC  Loading RC Tx Mem  index 1d addr 6c hdw1 f 
[100404] RC  Loading RC Tx Mem  index 1d addr 6d hdw2 abcdef00 
[100412] Preparing the CPL  Packet Header hdw0: 4a000001 hdw1: 01000004 hdw2: 00000000 

[100412] EP  Initializing ep_tx_pkt_len_array single index 1d => hlen 3 dlen 1 hlen+dlen 4
[100412] EP  Loading EP Tx Mem  index 1d addr 60 hdw0 4a000001 
[100412] EP  Loading EP Tx Mem  index 1d addr 61 hdw1 1000004 
[100412] EP  Loading EP Tx Mem  index 1d addr 62 hdw1 0 
[100412] EP  Loading EP Tx Mem  index 1d addr 63 data 724 
[101096] RC  RECEIVE PKT BEGIN  rc_rx_pkt_index 1a
101101: pex_tb.PEX_RC.rc_rx_cmd_mem MemWr 0x4a000001 @Addr = 0x056
101109: pex_tb.PEX_RC.rc_rx_cmd_mem MemWr 0x01000004 @Addr = 0x057
101117: pex_tb.PEX_RC.rc_rx_cmd_mem MemWr 0x00000000 @Addr = 0x058
[101120] RC  RECEIVE PKT END  rc_rx_pkt_index 1a
101125: pex_tb.PEX_RC.rc_rx_cmd_mem MemWr 0x00000502 @Addr = 0x059
[101128] INFO:  EP -> RC Packet 2 Data Compare Start! RC MEM SADR : 00000056 RC PKTLEN 00000004 

[101128] EP -> RC Packet 01a Data Compare passed! 

[101160] EP  RECEIVE PKT BEGIN  ep_rx_pkt_index 1b
101165: pex_tb.PEX_EP_0.ep_rx_cmd_mem MemWr 0x42000001 @Addr = 0x063
101173: pex_tb.PEX_EP_0.ep_rx_cmd_mem MemWr 0x0000000f @Addr = 0x064
101181: pex_tb.PEX_EP_0.ep_rx_cmd_mem MemWr 0xabcdef00 @Addr = 0x065
[101184] EP  RECEIVE PKT END  ep_rx_pkt_index 1b
101189: pex_tb.PEX_EP_0.ep_rx_cmd_mem MemWr 0x0000075e @Addr = 0x066
[101192] INFO:  RC -> EP Packet 3 Data Compare Start! EP MEM SADR : 00000063 EP PKTLEN 00000004 

[101192] RC -> EP Packet 01b Data Compare passed! 

[101864] RC  RECEIVE PKT BEGIN  rc_rx_pkt_index 1b
101869: pex_tb.PEX_RC.rc_rx_cmd_mem MemWr 0x0a000000 @Addr = 0x05a
101877: pex_tb.PEX_RC.rc_rx_cmd_mem MemWr 0x01000004 @Addr = 0x05b
[101880] RC  RECEIVE PKT END  rc_rx_pkt_index 1b
101885: pex_tb.PEX_RC.rc_rx_cmd_mem MemWr 0x00000000 @Addr = 0x05c
[101888] INFO:  EP -> RC Packet 3 Data Compare Start! RC MEM SADR : 0000005a RC PKTLEN 00000003 

[101888] EP -> RC Packet 01b Data Compare passed! 

[101984] EP  RECEIVE PKT BEGIN  ep_rx_pkt_index 1c
101989: pex_tb.PEX_EP_0.ep_rx_cmd_mem MemWr 0x42000001 @Addr = 0x067
101997: pex_tb.PEX_EP_0.ep_rx_cmd_mem MemWr 0x00000009 @Addr = 0x068
102005: pex_tb.PEX_EP_0.ep_rx_cmd_mem MemWr 0xabcdef00 @Addr = 0x069
[102008] EP  RECEIVE PKT END  ep_rx_pkt_index 1c
102013: pex_tb.PEX_EP_0.ep_rx_cmd_mem MemWr 0x00000a24 @Addr = 0x06a
[102016] INFO:  RC -> EP Packet 4 Data Compare Start! EP MEM SADR : 00000067 EP PKTLEN 00000004 

[102016] RC -> EP Packet 01c Data Compare passed! 

[102704] RC  RECEIVE PKT BEGIN  rc_rx_pkt_index 1c
102709: pex_tb.PEX_RC.rc_rx_cmd_mem MemWr 0x0a000000 @Addr = 0x05d
102717: pex_tb.PEX_RC.rc_rx_cmd_mem MemWr 0x01000004 @Addr = 0x05e
[102720] RC  RECEIVE PKT END  rc_rx_pkt_index 1c
102725: pex_tb.PEX_RC.rc_rx_cmd_mem MemWr 0x00000000 @Addr = 0x05f
[102728] INFO:  EP -> RC Packet 4 Data Compare Start! RC MEM SADR : 0000005d RC PKTLEN 00000003 

[102728] EP -> RC Packet 01c Data Compare passed! 

[102848] EP  RECEIVE PKT BEGIN  ep_rx_pkt_index 1d
102853: pex_tb.PEX_EP_0.ep_rx_cmd_mem MemWr 0x02000001 @Addr = 0x06b
102861: pex_tb.PEX_EP_0.ep_rx_cmd_mem MemWr 0x0000000f @Addr = 0x06c
[102864] EP  RECEIVE PKT END  ep_rx_pkt_index 1d
102869: pex_tb.PEX_EP_0.ep_rx_cmd_mem MemWr 0xabcdef00 @Addr = 0x06d
[102872] INFO:  RC -> EP Packet 5 Data Compare Start! EP MEM SADR : 0000006b EP PKTLEN 00000003 

[102872] RC -> EP Packet 01d Data Compare passed! 

[103640] RC  RECEIVE PKT BEGIN  rc_rx_pkt_index 1d
103645: pex_tb.PEX_RC.rc_rx_cmd_mem MemWr 0x4a000001 @Addr = 0x060
103653: pex_tb.PEX_RC.rc_rx_cmd_mem MemWr 0x01000004 @Addr = 0x061
103661: pex_tb.PEX_RC.rc_rx_cmd_mem MemWr 0x00000000 @Addr = 0x062
[103664] RC  RECEIVE PKT END  rc_rx_pkt_index 1d
103669: pex_tb.PEX_RC.rc_rx_cmd_mem MemWr 0x00000724 @Addr = 0x063
[103672] INFO:  EP -> RC Packet 5 Data Compare Start! RC MEM SADR : 00000060 RC PKTLEN 00000004 

[103672] EP -> RC Packet 01d Data Compare passed! 







		 EP Compliance Test TXN.2.6#5 
 

		 PACKETS GOING FROM RC TO EP 
 
[104420] Preparing the IO Packet Header hdw0: 42000001 hdw1: 0000000f hdw2: abcdef00 

[104484] RC TX BEGIN, PKT WITH DIRECT DATA rc_tx_pkt_index 1e 
[104516] RC TX END, PKT WITH DIRECT DATA rc_tx_pkt_index 1e 
[104524] RC  Initializing rc_tx_pkt_len_array single index 1e => hlen 3 dlen 1 hlen+dlen 4
[104524] RC  Loading RC Tx Mem  index 1e addr 6e hdw0 42000001 
[104524] RC  Loading RC Tx Mem  index 1e addr 6f hdw1 f 
[104524] RC  Loading RC Tx Mem  index 1e addr 70 hdw2 abcdef00 
[104524] RC  Loading RC Tx Mem  index 1e addr 71 data 25c 
[104532] Preparing the CPL  Packet Header hdw0: 0a000000 hdw1: 01000004 hdw2: 00000000 

[104532] EP  Initializing ep_tx_pkt_len_array single index 1e => hlen 3 dlen 0 hlen+dlen 3
[104532] EP  Loading EP Tx Mem  index 1e addr 64 hdw0 a000000 
[104532] EP  Loading EP Tx Mem  index 1e addr 65 hdw1 1000004 
[104532] EP  Loading EP Tx Mem  index 1e addr 66 hdw1 0 
[104540] Preparing the IO Packet Header hdw0: 42000001 hdw1: 0000000a hdw2: abcdef00 

[104604] RC TX BEGIN, PKT WITH DIRECT DATA rc_tx_pkt_index 1f 
[104636] RC TX END, PKT WITH DIRECT DATA rc_tx_pkt_index 1f 
[104644] RC  Initializing rc_tx_pkt_len_array single index 1f => hlen 3 dlen 1 hlen+dlen 4
[104644] RC  Loading RC Tx Mem  index 1f addr 72 hdw0 42000001 
[104644] RC  Loading RC Tx Mem  index 1f addr 73 hdw1 a 
[104644] RC  Loading RC Tx Mem  index 1f addr 74 hdw2 abcdef00 
[104644] RC  Loading RC Tx Mem  index 1f addr 75 data 57a 
[104652] Preparing the CPL  Packet Header hdw0: 0a000000 hdw1: 01000004 hdw2: 00000000 

[104652] EP  Initializing ep_tx_pkt_len_array single index 1f => hlen 3 dlen 0 hlen+dlen 3
[104652] EP  Loading EP Tx Mem  index 1f addr 67 hdw0 a000000 
[104652] EP  Loading EP Tx Mem  index 1f addr 68 hdw1 1000004 
[104652] EP  Loading EP Tx Mem  index 1f addr 69 hdw1 0 
[104660] Preparing the IO Packet Header hdw0: 02000001 hdw1: 0000000f hdw2: abcdef00 

[104724] RC TX BEGIN, PKT WITH DIRECT DATA rc_tx_pkt_index 20 
[104748] RC TX END, PKT WITH DIRECT DATA rc_tx_pkt_index 20 
[104756] RC  Initializing rc_tx_pkt_len_array single index 20 => hlen 3 dlen 0 hlen+dlen 3
[104756] RC  Loading RC Tx Mem  index 20 addr 76 hdw0 2000001 
[104756] RC  Loading RC Tx Mem  index 20 addr 77 hdw1 f 
[104756] RC  Loading RC Tx Mem  index 20 addr 78 hdw2 abcdef00 
[104764] Preparing the CPL  Packet Header hdw0: 4a000001 hdw1: 01000004 hdw2: 00000000 

[104764] EP  Initializing ep_tx_pkt_len_array single index 20 => hlen 3 dlen 1 hlen+dlen 4
[104764] EP  Loading EP Tx Mem  index 20 addr 6a hdw0 4a000001 
[104764] EP  Loading EP Tx Mem  index 20 addr 6b hdw1 1000004 
[104764] EP  Loading EP Tx Mem  index 20 addr 6c hdw1 0 
[104764] EP  Loading EP Tx Mem  index 20 addr 6d data 55c 
[105448] EP  RECEIVE PKT BEGIN  ep_rx_pkt_index 1e
105453: pex_tb.PEX_EP_0.ep_rx_cmd_mem MemWr 0x42000001 @Addr = 0x06e
105461: pex_tb.PEX_EP_0.ep_rx_cmd_mem MemWr 0x0000000f @Addr = 0x06f
105469: pex_tb.PEX_EP_0.ep_rx_cmd_mem MemWr 0xabcdef00 @Addr = 0x070
[105472] EP  RECEIVE PKT END  ep_rx_pkt_index 1e
105477: pex_tb.PEX_EP_0.ep_rx_cmd_mem MemWr 0x0000025c @Addr = 0x071
[105480] INFO:  RC -> EP Packet 6 Data Compare Start! EP MEM SADR : 0000006e EP PKTLEN 00000004 

[105480] RC -> EP Packet 01e Data Compare passed! 

[106168] RC  RECEIVE PKT BEGIN  rc_rx_pkt_index 1e
106173: pex_tb.PEX_RC.rc_rx_cmd_mem MemWr 0x0a000000 @Addr = 0x064
106181: pex_tb.PEX_RC.rc_rx_cmd_mem MemWr 0x01000004 @Addr = 0x065
[106184] RC  RECEIVE PKT END  rc_rx_pkt_index 1e
106189: pex_tb.PEX_RC.rc_rx_cmd_mem MemWr 0x00000000 @Addr = 0x066
[106192] INFO:  EP -> RC Packet 6 Data Compare Start! RC MEM SADR : 00000064 RC PKTLEN 00000003 

[106192] EP -> RC Packet 01e Data Compare passed! 

[106352] EP  RECEIVE PKT BEGIN  ep_rx_pkt_index 1f
106357: pex_tb.PEX_EP_0.ep_rx_cmd_mem MemWr 0x42000001 @Addr = 0x072
106365: pex_tb.PEX_EP_0.ep_rx_cmd_mem MemWr 0x0000000a @Addr = 0x073
106373: pex_tb.PEX_EP_0.ep_rx_cmd_mem MemWr 0xabcdef00 @Addr = 0x074
[106376] EP  RECEIVE PKT END  ep_rx_pkt_index 1f
106381: pex_tb.PEX_EP_0.ep_rx_cmd_mem MemWr 0x0000057a @Addr = 0x075
[106384] INFO:  RC -> EP Packet 7 Data Compare Start! EP MEM SADR : 00000072 EP PKTLEN 00000004 

[106384] RC -> EP Packet 01f Data Compare passed! 

[107136] RC  RECEIVE PKT BEGIN  rc_rx_pkt_index 1f
107141: pex_tb.PEX_RC.rc_rx_cmd_mem MemWr 0x0a000000 @Addr = 0x067
107149: pex_tb.PEX_RC.rc_rx_cmd_mem MemWr 0x01000004 @Addr = 0x068
[107152] RC  RECEIVE PKT END  rc_rx_pkt_index 1f
107157: pex_tb.PEX_RC.rc_rx_cmd_mem MemWr 0x00000000 @Addr = 0x069
[107160] INFO:  EP -> RC Packet 7 Data Compare Start! RC MEM SADR : 00000067 RC PKTLEN 00000003 

[107160] EP -> RC Packet 01f Data Compare passed! 

[107216] EP  RECEIVE PKT BEGIN  ep_rx_pkt_index 20
107221: pex_tb.PEX_EP_0.ep_rx_cmd_mem MemWr 0x02000001 @Addr = 0x076
107229: pex_tb.PEX_EP_0.ep_rx_cmd_mem MemWr 0x0000000f @Addr = 0x077
[107232] EP  RECEIVE PKT END  ep_rx_pkt_index 20
107237: pex_tb.PEX_EP_0.ep_rx_cmd_mem MemWr 0xabcdef00 @Addr = 0x078
[107240] INFO:  RC -> EP Packet 0 Data Compare Start! EP MEM SADR : 00000076 EP PKTLEN 00000003 

[107240] RC -> EP Packet 020 Data Compare passed! 

[108000] RC  RECEIVE PKT BEGIN  rc_rx_pkt_index 20
108005: pex_tb.PEX_RC.rc_rx_cmd_mem MemWr 0x4a000001 @Addr = 0x06a
108013: pex_tb.PEX_RC.rc_rx_cmd_mem MemWr 0x01000004 @Addr = 0x06b
108021: pex_tb.PEX_RC.rc_rx_cmd_mem MemWr 0x00000000 @Addr = 0x06c
[108024] RC  RECEIVE PKT END  rc_rx_pkt_index 20
108029: pex_tb.PEX_RC.rc_rx_cmd_mem MemWr 0x0000055c @Addr = 0x06d
[108032] INFO:  EP -> RC Packet 0 Data Compare Start! RC MEM SADR : 0000006a RC PKTLEN 00000004 

[108032] EP -> RC Packet 020 Data Compare passed! 







		 EP Compliance Test TXN.2.6#5 
 

		 PACKETS GOING FROM RC TO EP 
 
[108772] Preparing the IO Packet Header hdw0: 42000001 hdw1: 0000000f hdw2: abcdef00 

[108836] RC TX BEGIN, PKT WITH DIRECT DATA rc_tx_pkt_index 21 
[108868] RC TX END, PKT WITH DIRECT DATA rc_tx_pkt_index 21 
[108876] RC  Initializing rc_tx_pkt_len_array single index 21 => hlen 3 dlen 1 hlen+dlen 4
[108876] RC  Loading RC Tx Mem  index 21 addr 79 hdw0 42000001 
[108876] RC  Loading RC Tx Mem  index 21 addr 7a hdw1 f 
[108876] RC  Loading RC Tx Mem  index 21 addr 7b hdw2 abcdef00 
[108876] RC  Loading RC Tx Mem  index 21 addr 7c data 3e0 
[108884] Preparing the CPL  Packet Header hdw0: 0a000000 hdw1: 01000004 hdw2: 00000000 

[108884] EP  Initializing ep_tx_pkt_len_array single index 21 => hlen 3 dlen 0 hlen+dlen 3
[108884] EP  Loading EP Tx Mem  index 21 addr 6e hdw0 a000000 
[108884] EP  Loading EP Tx Mem  index 21 addr 6f hdw1 1000004 
[108884] EP  Loading EP Tx Mem  index 21 addr 70 hdw1 0 
[108892] Preparing the IO Packet Header hdw0: 42000001 hdw1: 0000000b hdw2: abcdef00 

[108956] RC TX BEGIN, PKT WITH DIRECT DATA rc_tx_pkt_index 22 
[108988] RC TX END, PKT WITH DIRECT DATA rc_tx_pkt_index 22 
[108996] RC  Initializing rc_tx_pkt_len_array single index 22 => hlen 3 dlen 1 hlen+dlen 4
[108996] RC  Loading RC Tx Mem  index 22 addr 7d hdw0 42000001 
[108996] RC  Loading RC Tx Mem  index 22 addr 7e hdw1 b 
[108996] RC  Loading RC Tx Mem  index 22 addr 7f hdw2 abcdef00 
[108996] RC  Loading RC Tx Mem  index 22 addr 80 data 7a8 
[109004] Preparing the CPL  Packet Header hdw0: 0a000000 hdw1: 01000004 hdw2: 00000000 

[109004] EP  Initializing ep_tx_pkt_len_array single index 22 => hlen 3 dlen 0 hlen+dlen 3
[109004] EP  Loading EP Tx Mem  index 22 addr 71 hdw0 a000000 
[109004] EP  Loading EP Tx Mem  index 22 addr 72 hdw1 1000004 
[109004] EP  Loading EP Tx Mem  index 22 addr 73 hdw1 0 
[109012] Preparing the IO Packet Header hdw0: 02000001 hdw1: 0000000f hdw2: abcdef00 

[109076] RC TX BEGIN, PKT WITH DIRECT DATA rc_tx_pkt_index 23 
[109100] RC TX END, PKT WITH DIRECT DATA rc_tx_pkt_index 23 
[109108] RC  Initializing rc_tx_pkt_len_array single index 23 => hlen 3 dlen 0 hlen+dlen 3
[109108] RC  Loading RC Tx Mem  index 23 addr 81 hdw0 2000001 
[109108] RC  Loading RC Tx Mem  index 23 addr 82 hdw1 f 
[109108] RC  Loading RC Tx Mem  index 23 addr 83 hdw2 abcdef00 
[109116] Preparing the CPL  Packet Header hdw0: 4a000001 hdw1: 01000004 hdw2: 00000000 

[109116] EP  Initializing ep_tx_pkt_len_array single index 23 => hlen 3 dlen 1 hlen+dlen 4
[109116] EP  Loading EP Tx Mem  index 23 addr 74 hdw0 4a000001 
[109116] EP  Loading EP Tx Mem  index 23 addr 75 hdw1 1000004 
[109116] EP  Loading EP Tx Mem  index 23 addr 76 hdw1 0 
[109116] EP  Loading EP Tx Mem  index 23 addr 77 data 7a8 
[109928] EP  RECEIVE PKT BEGIN  ep_rx_pkt_index 21
109933: pex_tb.PEX_EP_0.ep_rx_cmd_mem MemWr 0x42000001 @Addr = 0x079
109941: pex_tb.PEX_EP_0.ep_rx_cmd_mem MemWr 0x0000000f @Addr = 0x07a
109949: pex_tb.PEX_EP_0.ep_rx_cmd_mem MemWr 0xabcdef00 @Addr = 0x07b
[109952] EP  RECEIVE PKT END  ep_rx_pkt_index 21
109957: pex_tb.PEX_EP_0.ep_rx_cmd_mem MemWr 0x000003e0 @Addr = 0x07c
[109960] INFO:  RC -> EP Packet 1 Data Compare Start! EP MEM SADR : 00000079 EP PKTLEN 00000004 

[109960] RC -> EP Packet 021 Data Compare passed! 

[110528] RC  RECEIVE PKT BEGIN  rc_rx_pkt_index 21
110533: pex_tb.PEX_RC.rc_rx_cmd_mem MemWr 0x0a000000 @Addr = 0x06e
110541: pex_tb.PEX_RC.rc_rx_cmd_mem MemWr 0x01000004 @Addr = 0x06f
[110544] RC  RECEIVE PKT END  rc_rx_pkt_index 21
110549: pex_tb.PEX_RC.rc_rx_cmd_mem MemWr 0x00000000 @Addr = 0x070
[110552] INFO:  EP -> RC Packet 1 Data Compare Start! RC MEM SADR : 0000006e RC PKTLEN 00000003 

[110552] EP -> RC Packet 021 Data Compare passed! 

[110720] EP  RECEIVE PKT BEGIN  ep_rx_pkt_index 22
110725: pex_tb.PEX_EP_0.ep_rx_cmd_mem MemWr 0x42000001 @Addr = 0x07d
110733: pex_tb.PEX_EP_0.ep_rx_cmd_mem MemWr 0x0000000b @Addr = 0x07e
110741: pex_tb.PEX_EP_0.ep_rx_cmd_mem MemWr 0xabcdef00 @Addr = 0x07f
[110744] EP  RECEIVE PKT END  ep_rx_pkt_index 22
110749: pex_tb.PEX_EP_0.ep_rx_cmd_mem MemWr 0x000007a8 @Addr = 0x080
[110752] INFO:  RC -> EP Packet 2 Data Compare Start! EP MEM SADR : 0000007d EP PKTLEN 00000004 

[110752] RC -> EP Packet 022 Data Compare passed! 

[111424] RC  RECEIVE PKT BEGIN  rc_rx_pkt_index 22
111429: pex_tb.PEX_RC.rc_rx_cmd_mem MemWr 0x0a000000 @Addr = 0x071
111437: pex_tb.PEX_RC.rc_rx_cmd_mem MemWr 0x01000004 @Addr = 0x072
[111440] RC  RECEIVE PKT END  rc_rx_pkt_index 22
111445: pex_tb.PEX_RC.rc_rx_cmd_mem MemWr 0x00000000 @Addr = 0x073
[111448] INFO:  EP -> RC Packet 2 Data Compare Start! RC MEM SADR : 00000071 RC PKTLEN 00000003 

[111448] EP -> RC Packet 022 Data Compare passed! 

[111584] EP  RECEIVE PKT BEGIN  ep_rx_pkt_index 23
111589: pex_tb.PEX_EP_0.ep_rx_cmd_mem MemWr 0x02000001 @Addr = 0x081
111597: pex_tb.PEX_EP_0.ep_rx_cmd_mem MemWr 0x0000000f @Addr = 0x082
[111600] EP  RECEIVE PKT END  ep_rx_pkt_index 23
111605: pex_tb.PEX_EP_0.ep_rx_cmd_mem MemWr 0xabcdef00 @Addr = 0x083
[111608] INFO:  RC -> EP Packet 3 Data Compare Start! EP MEM SADR : 00000081 EP PKTLEN 00000003 

[111608] RC -> EP Packet 023 Data Compare passed! 

[112360] RC  RECEIVE PKT BEGIN  rc_rx_pkt_index 23
112365: pex_tb.PEX_RC.rc_rx_cmd_mem MemWr 0x4a000001 @Addr = 0x074
112373: pex_tb.PEX_RC.rc_rx_cmd_mem MemWr 0x01000004 @Addr = 0x075
112381: pex_tb.PEX_RC.rc_rx_cmd_mem MemWr 0x00000000 @Addr = 0x076
[112384] RC  RECEIVE PKT END  rc_rx_pkt_index 23
112389: pex_tb.PEX_RC.rc_rx_cmd_mem MemWr 0x000007a8 @Addr = 0x077
[112392] INFO:  EP -> RC Packet 3 Data Compare Start! RC MEM SADR : 00000074 RC PKTLEN 00000004 

[112392] EP -> RC Packet 023 Data Compare passed! 







		 EP Compliance Test TXN.2.6#5 
 

		 PACKETS GOING FROM RC TO EP 
 
[113124] Preparing the IO Packet Header hdw0: 42000001 hdw1: 0000000f hdw2: abcdef00 

[113188] RC TX BEGIN, PKT WITH DIRECT DATA rc_tx_pkt_index 24 
[113220] RC TX END, PKT WITH DIRECT DATA rc_tx_pkt_index 24 
[113228] RC  Initializing rc_tx_pkt_len_array single index 24 => hlen 3 dlen 1 hlen+dlen 4
[113228] RC  Loading RC Tx Mem  index 24 addr 84 hdw0 42000001 
[113228] RC  Loading RC Tx Mem  index 24 addr 85 hdw1 f 
[113228] RC  Loading RC Tx Mem  index 24 addr 86 hdw2 abcdef00 
[113228] RC  Loading RC Tx Mem  index 24 addr 87 data 73c 
[113236] Preparing the CPL  Packet Header hdw0: 0a000000 hdw1: 01000004 hdw2: 00000000 

[113236] EP  Initializing ep_tx_pkt_len_array single index 24 => hlen 3 dlen 0 hlen+dlen 3
[113236] EP  Loading EP Tx Mem  index 24 addr 78 hdw0 a000000 
[113236] EP  Loading EP Tx Mem  index 24 addr 79 hdw1 1000004 
[113236] EP  Loading EP Tx Mem  index 24 addr 7a hdw1 0 
[113244] Preparing the IO Packet Header hdw0: 42000001 hdw1: 0000000c hdw2: abcdef00 

[113308] RC TX BEGIN, PKT WITH DIRECT DATA rc_tx_pkt_index 25 
[113340] RC TX END, PKT WITH DIRECT DATA rc_tx_pkt_index 25 
[113348] RC  Initializing rc_tx_pkt_len_array single index 25 => hlen 3 dlen 1 hlen+dlen 4
[113348] RC  Loading RC Tx Mem  index 25 addr 88 hdw0 42000001 
[113348] RC  Loading RC Tx Mem  index 25 addr 89 hdw1 c 
[113348] RC  Loading RC Tx Mem  index 25 addr 8a hdw2 abcdef00 
[113348] RC  Loading RC Tx Mem  index 25 addr 8b data a98 
[113356] Preparing the CPL  Packet Header hdw0: 0a000000 hdw1: 01000004 hdw2: 00000000 

[113356] EP  Initializing ep_tx_pkt_len_array single index 25 => hlen 3 dlen 0 hlen+dlen 3
[113356] EP  Loading EP Tx Mem  index 25 addr 7b hdw0 a000000 
[113356] EP  Loading EP Tx Mem  index 25 addr 7c hdw1 1000004 
[113356] EP  Loading EP Tx Mem  index 25 addr 7d hdw1 0 
[113364] Preparing the IO Packet Header hdw0: 02000001 hdw1: 0000000f hdw2: abcdef00 

[113428] RC TX BEGIN, PKT WITH DIRECT DATA rc_tx_pkt_index 26 
[113452] RC TX END, PKT WITH DIRECT DATA rc_tx_pkt_index 26 
[113460] RC  Initializing rc_tx_pkt_len_array single index 26 => hlen 3 dlen 0 hlen+dlen 3
[113460] RC  Loading RC Tx Mem  index 26 addr 8c hdw0 2000001 
[113460] RC  Loading RC Tx Mem  index 26 addr 8d hdw1 f 
[113460] RC  Loading RC Tx Mem  index 26 addr 8e hdw2 abcdef00 
[113468] Preparing the CPL  Packet Header hdw0: 4a000001 hdw1: 01000004 hdw2: 00000000 

[113468] EP  Initializing ep_tx_pkt_len_array single index 26 => hlen 3 dlen 1 hlen+dlen 4
[113468] EP  Loading EP Tx Mem  index 26 addr 7e hdw0 4a000001 
[113468] EP  Loading EP Tx Mem  index 26 addr 7f hdw1 1000004 
[113468] EP  Loading EP Tx Mem  index 26 addr 80 hdw1 0 
[113468] EP  Loading EP Tx Mem  index 26 addr 81 data 73c 
[116312] EP  RECEIVE PKT BEGIN  ep_rx_pkt_index 24
116317: pex_tb.PEX_EP_0.ep_rx_cmd_mem MemWr 0x42000001 @Addr = 0x084
116325: pex_tb.PEX_EP_0.ep_rx_cmd_mem MemWr 0x0000000f @Addr = 0x085
116333: pex_tb.PEX_EP_0.ep_rx_cmd_mem MemWr 0xabcdef00 @Addr = 0x086
[116336] EP  RECEIVE PKT END  ep_rx_pkt_index 24
116341: pex_tb.PEX_EP_0.ep_rx_cmd_mem MemWr 0x0000073c @Addr = 0x087
[116344] INFO:  RC -> EP Packet 4 Data Compare Start! EP MEM SADR : 00000084 EP PKTLEN 00000004 

[116344] RC -> EP Packet 024 Data Compare passed! 

[116520] EP  RECEIVE PKT BEGIN  ep_rx_pkt_index 25
116525: pex_tb.PEX_EP_0.ep_rx_cmd_mem MemWr 0x42000001 @Addr = 0x088
116533: pex_tb.PEX_EP_0.ep_rx_cmd_mem MemWr 0x0000000c @Addr = 0x089
116541: pex_tb.PEX_EP_0.ep_rx_cmd_mem MemWr 0xabcdef00 @Addr = 0x08a
[116544] EP  RECEIVE PKT END  ep_rx_pkt_index 25
116549: pex_tb.PEX_EP_0.ep_rx_cmd_mem MemWr 0x00000a98 @Addr = 0x08b
[116552] INFO:  RC -> EP Packet 5 Data Compare Start! EP MEM SADR : 00000088 EP PKTLEN 00000004 

[116552] RC -> EP Packet 025 Data Compare passed! 

[116696] EP  RECEIVE PKT BEGIN  ep_rx_pkt_index 26
116701: pex_tb.PEX_EP_0.ep_rx_cmd_mem MemWr 0x02000001 @Addr = 0x08c
116709: pex_tb.PEX_EP_0.ep_rx_cmd_mem MemWr 0x0000000f @Addr = 0x08d
[116712] EP  RECEIVE PKT END  ep_rx_pkt_index 26
116717: pex_tb.PEX_EP_0.ep_rx_cmd_mem MemWr 0xabcdef00 @Addr = 0x08e
[116720] INFO:  RC -> EP Packet 6 Data Compare Start! EP MEM SADR : 0000008c EP PKTLEN 00000003 

[116720] RC -> EP Packet 026 Data Compare passed! 

[117384] RC  RECEIVE PKT BEGIN  rc_rx_pkt_index 24
117389: pex_tb.PEX_RC.rc_rx_cmd_mem MemWr 0x0a000000 @Addr = 0x078
117397: pex_tb.PEX_RC.rc_rx_cmd_mem MemWr 0x01000004 @Addr = 0x079
[117400] RC  RECEIVE PKT END  rc_rx_pkt_index 24
117405: pex_tb.PEX_RC.rc_rx_cmd_mem MemWr 0x00000000 @Addr = 0x07a
[117408] INFO:  EP -> RC Packet 4 Data Compare Start! RC MEM SADR : 00000078 RC PKTLEN 00000003 

[117408] EP -> RC Packet 024 Data Compare passed! 







		 EP Compliance Test TXN.2.6#5 
 

		 PACKETS GOING FROM RC TO EP 
 
[117476] Preparing the IO Packet Header hdw0: 42000001 hdw1: 0000000f hdw2: abcdef00 

[117540] RC TX BEGIN, PKT WITH DIRECT DATA rc_tx_pkt_index 27 
[117572] RC TX END, PKT WITH DIRECT DATA rc_tx_pkt_index 27 
[117580] RC  Initializing rc_tx_pkt_len_array single index 27 => hlen 3 dlen 1 hlen+dlen 4
[117580] RC  Loading RC Tx Mem  index 27 addr 8f hdw0 42000001 
[117580] RC  Loading RC Tx Mem  index 27 addr 90 hdw1 f 
[117580] RC  Loading RC Tx Mem  index 27 addr 91 hdw2 abcdef00 
[117580] RC  Loading RC Tx Mem  index 27 addr 92 data baa 
[117588] Preparing the CPL  Packet Header hdw0: 0a000000 hdw1: 01000004 hdw2: 00000000 

[117588] EP  Initializing ep_tx_pkt_len_array single index 27 => hlen 3 dlen 0 hlen+dlen 3
[117588] EP  Loading EP Tx Mem  index 27 addr 82 hdw0 a000000 
[117588] EP  Loading EP Tx Mem  index 27 addr 83 hdw1 1000004 
[117588] EP  Loading EP Tx Mem  index 27 addr 84 hdw1 0 
[117596] Preparing the IO Packet Header hdw0: 42000001 hdw1: 0000000d hdw2: abcdef00 

[117660] RC TX BEGIN, PKT WITH DIRECT DATA rc_tx_pkt_index 28 
[117692] RC TX END, PKT WITH DIRECT DATA rc_tx_pkt_index 28 
[117700] RC  Initializing rc_tx_pkt_len_array single index 28 => hlen 3 dlen 1 hlen+dlen 4
[117700] RC  Loading RC Tx Mem  index 28 addr 93 hdw0 42000001 
[117700] RC  Loading RC Tx Mem  index 28 addr 94 hdw1 d 
[117700] RC  Loading RC Tx Mem  index 28 addr 95 hdw2 abcdef00 
[117700] RC  Loading RC Tx Mem  index 28 addr 96 data a1e 
[117708] Preparing the CPL  Packet Header hdw0: 0a000000 hdw1: 01000004 hdw2: 00000000 

[117708] EP  Initializing ep_tx_pkt_len_array single index 28 => hlen 3 dlen 0 hlen+dlen 3
[117708] EP  Loading EP Tx Mem  index 28 addr 85 hdw0 a000000 
[117708] EP  Loading EP Tx Mem  index 28 addr 86 hdw1 1000004 
[117708] EP  Loading EP Tx Mem  index 28 addr 87 hdw1 0 
[117716] Preparing the IO Packet Header hdw0: 02000001 hdw1: 0000000f hdw2: abcdef00 

[117780] RC TX BEGIN, PKT WITH DIRECT DATA rc_tx_pkt_index 29 
[117804] RC TX END, PKT WITH DIRECT DATA rc_tx_pkt_index 29 
[117812] RC  Initializing rc_tx_pkt_len_array single index 29 => hlen 3 dlen 0 hlen+dlen 3
[117812] RC  Loading RC Tx Mem  index 29 addr 97 hdw0 2000001 
[117812] RC  Loading RC Tx Mem  index 29 addr 98 hdw1 f 
[117812] RC  Loading RC Tx Mem  index 29 addr 99 hdw2 abcdef00 
[117820] Preparing the CPL  Packet Header hdw0: 4a000001 hdw1: 01000004 hdw2: 00000000 

[117820] EP  Initializing ep_tx_pkt_len_array single index 29 => hlen 3 dlen 1 hlen+dlen 4
[117820] EP  Loading EP Tx Mem  index 29 addr 88 hdw0 4a000001 
[117820] EP  Loading EP Tx Mem  index 29 addr 89 hdw1 1000004 
[117820] EP  Loading EP Tx Mem  index 29 addr 8a hdw1 0 
[117820] EP  Loading EP Tx Mem  index 29 addr 8b data b1e 
[118328] RC  RECEIVE PKT BEGIN  rc_rx_pkt_index 25
118333: pex_tb.PEX_RC.rc_rx_cmd_mem MemWr 0x0a000000 @Addr = 0x07b
118341: pex_tb.PEX_RC.rc_rx_cmd_mem MemWr 0x01000004 @Addr = 0x07c
[118344] RC  RECEIVE PKT END  rc_rx_pkt_index 25
118349: pex_tb.PEX_RC.rc_rx_cmd_mem MemWr 0x00000000 @Addr = 0x07d
[118352] INFO:  EP -> RC Packet 5 Data Compare Start! RC MEM SADR : 0000007b RC PKTLEN 00000003 

[118352] EP -> RC Packet 025 Data Compare passed! 

[118552] EP  RECEIVE PKT BEGIN  ep_rx_pkt_index 27
118557: pex_tb.PEX_EP_0.ep_rx_cmd_mem MemWr 0x42000001 @Addr = 0x08f
118565: pex_tb.PEX_EP_0.ep_rx_cmd_mem MemWr 0x0000000f @Addr = 0x090
118573: pex_tb.PEX_EP_0.ep_rx_cmd_mem MemWr 0xabcdef00 @Addr = 0x091
[118576] EP  RECEIVE PKT END  ep_rx_pkt_index 27
118581: pex_tb.PEX_EP_0.ep_rx_cmd_mem MemWr 0x00000baa @Addr = 0x092
[118584] INFO:  RC -> EP Packet 7 Data Compare Start! EP MEM SADR : 0000008f EP PKTLEN 00000004 

[118584] RC -> EP Packet 027 Data Compare passed! 

[119216] RC  RECEIVE PKT BEGIN  rc_rx_pkt_index 26
119221: pex_tb.PEX_RC.rc_rx_cmd_mem MemWr 0x4a000001 @Addr = 0x07e
119229: pex_tb.PEX_RC.rc_rx_cmd_mem MemWr 0x01000004 @Addr = 0x07f
119237: pex_tb.PEX_RC.rc_rx_cmd_mem MemWr 0x00000000 @Addr = 0x080
[119240] RC  RECEIVE PKT END  rc_rx_pkt_index 26
119245: pex_tb.PEX_RC.rc_rx_cmd_mem MemWr 0x0000073c @Addr = 0x081
[119248] INFO:  EP -> RC Packet 6 Data Compare Start! RC MEM SADR : 0000007e RC PKTLEN 00000004 

[119248] EP -> RC Packet 026 Data Compare passed! 

[120104] RC  RECEIVE PKT BEGIN  rc_rx_pkt_index 27
120109: pex_tb.PEX_RC.rc_rx_cmd_mem MemWr 0x0a000000 @Addr = 0x082
120117: pex_tb.PEX_RC.rc_rx_cmd_mem MemWr 0x01000004 @Addr = 0x083
[120120] RC  RECEIVE PKT END  rc_rx_pkt_index 27
120125: pex_tb.PEX_RC.rc_rx_cmd_mem MemWr 0x00000000 @Addr = 0x084
[120128] INFO:  EP -> RC Packet 7 Data Compare Start! RC MEM SADR : 00000082 RC PKTLEN 00000003 

[120128] EP -> RC Packet 027 Data Compare passed! 

[120736] EP  RECEIVE PKT BEGIN  ep_rx_pkt_index 28
120741: pex_tb.PEX_EP_0.ep_rx_cmd_mem MemWr 0x42000001 @Addr = 0x093
120749: pex_tb.PEX_EP_0.ep_rx_cmd_mem MemWr 0x0000000d @Addr = 0x094
120757: pex_tb.PEX_EP_0.ep_rx_cmd_mem MemWr 0xabcdef00 @Addr = 0x095
[120760] EP  RECEIVE PKT END  ep_rx_pkt_index 28
120765: pex_tb.PEX_EP_0.ep_rx_cmd_mem MemWr 0x00000a1e @Addr = 0x096
[120768] INFO:  RC -> EP Packet 0 Data Compare Start! EP MEM SADR : 00000093 EP PKTLEN 00000004 

[120768] RC -> EP Packet 028 Data Compare passed! 

[120912] EP  RECEIVE PKT BEGIN  ep_rx_pkt_index 29
120917: pex_tb.PEX_EP_0.ep_rx_cmd_mem MemWr 0x02000001 @Addr = 0x097
120925: pex_tb.PEX_EP_0.ep_rx_cmd_mem MemWr 0x0000000f @Addr = 0x098
[120928] EP  RECEIVE PKT END  ep_rx_pkt_index 29
120933: pex_tb.PEX_EP_0.ep_rx_cmd_mem MemWr 0xabcdef00 @Addr = 0x099
[120936] INFO:  RC -> EP Packet 1 Data Compare Start! EP MEM SADR : 00000097 EP PKTLEN 00000003 

[120936] RC -> EP Packet 029 Data Compare passed! 

[121808] RC  RECEIVE PKT BEGIN  rc_rx_pkt_index 28
121813: pex_tb.PEX_RC.rc_rx_cmd_mem MemWr 0x0a000000 @Addr = 0x085
121821: pex_tb.PEX_RC.rc_rx_cmd_mem MemWr 0x01000004 @Addr = 0x086
[121824] RC  RECEIVE PKT END  rc_rx_pkt_index 28






		 EP Compliance Test TXN.2.6#5 
 

		 PACKETS GOING FROM RC TO EP 
 
[121828] Preparing the IO Packet Header hdw0: 42000001 hdw1: 0000000f hdw2: abcdef00 

121829: pex_tb.PEX_RC.rc_rx_cmd_mem MemWr 0x00000000 @Addr = 0x087
[121832] INFO:  EP -> RC Packet 0 Data Compare Start! RC MEM SADR : 00000085 RC PKTLEN 00000003 

[121832] EP -> RC Packet 028 Data Compare passed! 

[121892] RC TX BEGIN, PKT WITH DIRECT DATA rc_tx_pkt_index 2a 
[121924] RC TX END, PKT WITH DIRECT DATA rc_tx_pkt_index 2a 
[121932] RC  Initializing rc_tx_pkt_len_array single index 2a => hlen 3 dlen 1 hlen+dlen 4
[121932] RC  Loading RC Tx Mem  index 2a addr 9a hdw0 42000001 
[121932] RC  Loading RC Tx Mem  index 2a addr 9b hdw1 f 
[121932] RC  Loading RC Tx Mem  index 2a addr 9c hdw2 abcdef00 
[121932] RC  Loading RC Tx Mem  index 2a addr 9d data f02 
[121940] Preparing the CPL  Packet Header hdw0: 0a000000 hdw1: 01000004 hdw2: 00000000 

[121940] EP  Initializing ep_tx_pkt_len_array single index 2a => hlen 3 dlen 0 hlen+dlen 3
[121940] EP  Loading EP Tx Mem  index 2a addr 8c hdw0 a000000 
[121940] EP  Loading EP Tx Mem  index 2a addr 8d hdw1 1000004 
[121940] EP  Loading EP Tx Mem  index 2a addr 8e hdw1 0 
[121948] Preparing the IO Packet Header hdw0: 42000001 hdw1: 0000000e hdw2: abcdef00 

[122012] RC TX BEGIN, PKT WITH DIRECT DATA rc_tx_pkt_index 2b 
[122044] RC TX END, PKT WITH DIRECT DATA rc_tx_pkt_index 2b 
[122052] RC  Initializing rc_tx_pkt_len_array single index 2b => hlen 3 dlen 1 hlen+dlen 4
[122052] RC  Loading RC Tx Mem  index 2b addr 9e hdw0 42000001 
[122052] RC  Loading RC Tx Mem  index 2b addr 9f hdw1 e 
[122052] RC  Loading RC Tx Mem  index 2b addr a0 hdw2 abcdef00 
[122052] RC  Loading RC Tx Mem  index 2b addr a1 data e47 
[122060] Preparing the CPL  Packet Header hdw0: 0a000000 hdw1: 01000004 hdw2: 00000000 

[122060] EP  Initializing ep_tx_pkt_len_array single index 2b => hlen 3 dlen 0 hlen+dlen 3
[122060] EP  Loading EP Tx Mem  index 2b addr 8f hdw0 a000000 
[122060] EP  Loading EP Tx Mem  index 2b addr 90 hdw1 1000004 
[122060] EP  Loading EP Tx Mem  index 2b addr 91 hdw1 0 
[122068] Preparing the IO Packet Header hdw0: 02000001 hdw1: 0000000f hdw2: abcdef00 

[122132] RC TX BEGIN, PKT WITH DIRECT DATA rc_tx_pkt_index 2c 
[122156] RC TX END, PKT WITH DIRECT DATA rc_tx_pkt_index 2c 
[122164] RC  Initializing rc_tx_pkt_len_array single index 2c => hlen 3 dlen 0 hlen+dlen 3
[122164] RC  Loading RC Tx Mem  index 2c addr a2 hdw0 2000001 
[122164] RC  Loading RC Tx Mem  index 2c addr a3 hdw1 f 
[122164] RC  Loading RC Tx Mem  index 2c addr a4 hdw2 abcdef00 
[122172] Preparing the CPL  Packet Header hdw0: 4a000001 hdw1: 01000004 hdw2: 00000000 

[122172] EP  Initializing ep_tx_pkt_len_array single index 2c => hlen 3 dlen 1 hlen+dlen 4
[122172] EP  Loading EP Tx Mem  index 2c addr 92 hdw0 4a000001 
[122172] EP  Loading EP Tx Mem  index 2c addr 93 hdw1 1000004 
[122172] EP  Loading EP Tx Mem  index 2c addr 94 hdw1 0 
[122172] EP  Loading EP Tx Mem  index 2c addr 95 data e02 
[122784] RC  RECEIVE PKT BEGIN  rc_rx_pkt_index 29
122789: pex_tb.PEX_RC.rc_rx_cmd_mem MemWr 0x4a000001 @Addr = 0x088
122797: pex_tb.PEX_RC.rc_rx_cmd_mem MemWr 0x01000004 @Addr = 0x089
122805: pex_tb.PEX_RC.rc_rx_cmd_mem MemWr 0x00000000 @Addr = 0x08a
[122808] RC  RECEIVE PKT END  rc_rx_pkt_index 29
122813: pex_tb.PEX_RC.rc_rx_cmd_mem MemWr 0x00000b1e @Addr = 0x08b
[122816] INFO:  EP -> RC Packet 1 Data Compare Start! RC MEM SADR : 00000088 RC PKTLEN 00000004 

[122816] EP -> RC Packet 029 Data Compare passed! 

[122920] EP  RECEIVE PKT BEGIN  ep_rx_pkt_index 2a
122925: pex_tb.PEX_EP_0.ep_rx_cmd_mem MemWr 0x42000001 @Addr = 0x09a
122933: pex_tb.PEX_EP_0.ep_rx_cmd_mem MemWr 0x0000000f @Addr = 0x09b
122941: pex_tb.PEX_EP_0.ep_rx_cmd_mem MemWr 0xabcdef00 @Addr = 0x09c
[122944] EP  RECEIVE PKT END  ep_rx_pkt_index 2a
122949: pex_tb.PEX_EP_0.ep_rx_cmd_mem MemWr 0x00000f02 @Addr = 0x09d
[122952] INFO:  RC -> EP Packet 2 Data Compare Start! EP MEM SADR : 0000009a EP PKTLEN 00000004 

[122952] RC -> EP Packet 02a Data Compare passed! 

[123608] RC  RECEIVE PKT BEGIN  rc_rx_pkt_index 2a
123613: pex_tb.PEX_RC.rc_rx_cmd_mem MemWr 0x0a000000 @Addr = 0x08c
123621: pex_tb.PEX_RC.rc_rx_cmd_mem MemWr 0x01000004 @Addr = 0x08d
[123624] RC  RECEIVE PKT END  rc_rx_pkt_index 2a
123629: pex_tb.PEX_RC.rc_rx_cmd_mem MemWr 0x00000000 @Addr = 0x08e
[123632] INFO:  EP -> RC Packet 2 Data Compare Start! RC MEM SADR : 0000008c RC PKTLEN 00000003 

[123632] EP -> RC Packet 02a Data Compare passed! 

[123848] EP  RECEIVE PKT BEGIN  ep_rx_pkt_index 2b
123853: pex_tb.PEX_EP_0.ep_rx_cmd_mem MemWr 0x42000001 @Addr = 0x09e
123861: pex_tb.PEX_EP_0.ep_rx_cmd_mem MemWr 0x0000000e @Addr = 0x09f
123869: pex_tb.PEX_EP_0.ep_rx_cmd_mem MemWr 0xabcdef00 @Addr = 0x0a0
[123872] EP  RECEIVE PKT END  ep_rx_pkt_index 2b
123877: pex_tb.PEX_EP_0.ep_rx_cmd_mem MemWr 0x00000e47 @Addr = 0x0a1
[123880] INFO:  RC -> EP Packet 3 Data Compare Start! EP MEM SADR : 0000009e EP PKTLEN 00000004 

[123880] RC -> EP Packet 02b Data Compare passed! 

[124504] RC  RECEIVE PKT BEGIN  rc_rx_pkt_index 2b
124509: pex_tb.PEX_RC.rc_rx_cmd_mem MemWr 0x0a000000 @Addr = 0x08f
124517: pex_tb.PEX_RC.rc_rx_cmd_mem MemWr 0x01000004 @Addr = 0x090
[124520] RC  RECEIVE PKT END  rc_rx_pkt_index 2b
124525: pex_tb.PEX_RC.rc_rx_cmd_mem MemWr 0x00000000 @Addr = 0x091
[124528] INFO:  EP -> RC Packet 3 Data Compare Start! RC MEM SADR : 0000008f RC PKTLEN 00000003 

[124528] EP -> RC Packet 02b Data Compare passed! 

[125032] EP  RECEIVE PKT BEGIN  ep_rx_pkt_index 2c
125037: pex_tb.PEX_EP_0.ep_rx_cmd_mem MemWr 0x02000001 @Addr = 0x0a2
125045: pex_tb.PEX_EP_0.ep_rx_cmd_mem MemWr 0x0000000f @Addr = 0x0a3
[125048] EP  RECEIVE PKT END  ep_rx_pkt_index 2c
125053: pex_tb.PEX_EP_0.ep_rx_cmd_mem MemWr 0xabcdef00 @Addr = 0x0a4
[125056] INFO:  RC -> EP Packet 4 Data Compare Start! EP MEM SADR : 000000a2 EP PKTLEN 00000003 

[125056] RC -> EP Packet 02c Data Compare passed! 

[126272] RC  RECEIVE PKT BEGIN  rc_rx_pkt_index 2c
126277: pex_tb.PEX_RC.rc_rx_cmd_mem MemWr 0x4a000001 @Addr = 0x092
126285: pex_tb.PEX_RC.rc_rx_cmd_mem MemWr 0x01000004 @Addr = 0x093
126293: pex_tb.PEX_RC.rc_rx_cmd_mem MemWr 0x00000000 @Addr = 0x094
[126296] RC  RECEIVE PKT END  rc_rx_pkt_index 2c
126301: pex_tb.PEX_RC.rc_rx_cmd_mem MemWr 0x00000e02 @Addr = 0x095
[126304] INFO:  EP -> RC Packet 4 Data Compare Start! RC MEM SADR : 00000092 RC PKTLEN 00000004 

[126304] EP -> RC Packet 02c Data Compare passed! 

Checking for Left over packets in TX array 

[158180] TEST PASSED 

[198180] Simulation DONE

