 

 Time = @[60460] The value of din at Address = 5800  of reg_set ( EP -> RC ) = 00000001 
 

 Time = @[60884] The value of din at Address = 5800  of reg_set ( RC -> EP ) = 00000001 






		 EP Compliance Test TXN.2.6#5 
 

		 PACKETS GOING FROM RC TO EP 
 
[60884] Preparing the 32 bit MEM Packet Header hdw0: 40000003  hdw1: 010000ff hdw2: 12345000 

[60884] Loading RC TX MEM at addr 003 Data 0dad72e7 

[60884] Loading RC TX MEM at addr 004 Data c749ccec 

[60884] Loading RC TX MEM at addr 005 Data b7834294 

[60964] RC TX BEGIN, PKT WITH DATA FROM MEM rc_tx_pkt_index 0 
[61012] RC TX END, PKT WITH DATA FROM MEM rc_tx_pkt_index 0 
[61020] RC  Initializing rc_tx_pkt_len_array burst index 0 => hlen 3 dlen 3 hlen+dlen 6
[61020] RC  BURST DATA 0dad72e7 at ADDR 0002  src_or_data+i 003
[61020] RC  BURST DATA c749ccec at ADDR 0003  src_or_data+i 004
[61020] RC  BURST DATA b7834294 at ADDR 0004  src_or_data+i 005
[61028] Preparing the 32 bit MEM Packet Header hdw0: 40000003  hdw1: 0100000f hdw2: 12345000 

[61028] Loading RC TX MEM at addr 009 Data 7e467ecf 

[61028] Loading RC TX MEM at addr 00a Data a43185b3 

[61028] Loading RC TX MEM at addr 00b Data 5ddb6eb8 

[61092] RC TX BEGIN, PKT WITH DATA FROM MEM rc_tx_pkt_index 1 
[61140] RC TX END, PKT WITH DATA FROM MEM rc_tx_pkt_index 1 
[61148] RC  Initializing rc_tx_pkt_len_array burst index 1 => hlen 3 dlen 3 hlen+dlen 6
[61148] RC  BURST DATA 7e467ecf at ADDR 0008  src_or_data+i 009
[61148] RC  BURST DATA a43185b3 at ADDR 0009  src_or_data+i 00a
[61148] RC  BURST DATA 5ddb6eb8 at ADDR 000a  src_or_data+i 00b
[61156] Preparing the 32 bit MEM Packet Header hdw0: 00000003  hdw1: 0100000f hdw2: 12345000 

[61156] RC -> EP MRD32 Packet 1: 00 Sending hdw0 :00000003 hdw1 :0100000f hdw2 :12345000  
[61220] RC TX BEGIN, PKT WITH DIRECT DATA rc_tx_pkt_index 2 
[61244] RC TX END, PKT WITH DIRECT DATA rc_tx_pkt_index 2 
[61252] RC  Initializing rc_tx_pkt_len_array single index 2 => hlen 3 dlen 0 hlen+dlen 3
[61252] RC  Loading RC Tx Mem  index 2 addr c hdw0 3 
[61252] RC  Loading RC Tx Mem  index 2 addr d hdw1 100000f 
[61252] RC  Loading RC Tx Mem  index 2 addr e hdw2 12345000 
[61260] Preparing the CPL  Packet Header hdw0: 4a000003 hdw1: 0100000c hdw2: 01000000 

[61260] Exp Packet : waddr: 3 fdata: dad72e7  sdata: 7e467ecf edata: 7e467ecf fdw_be: f 
[61260] Exp Packet : waddr: 4 mdata: a43185b3  mdw_be: f 
[61260] EP  Initializing ep_tx_pkt_len_array burst index 0 => hlen 3 dlen 3 hlen+dlen 6
[61260] EP  BURST DATA 7e467ecf at ADDR 0003  sep_or_data+i 003
[61260] EP  BURST DATA a43185b3 at ADDR 0004  sep_or_data+i 004
[61260] EP  BURST DATA b7834294 at ADDR 0005  sep_or_data+i 005
[61268] Exp Packet : waddr: 5 fdata: b7834294  sdata: 5ddb6eb8 edata: b7834294 fdw_be: f 
[61848] EP  RECEIVE PKT BEGIN  ep_rx_pkt_index 0
61853: pex_tb.PEX_EP_0.ep_rx_cmd_mem MemWr 0x40000003 @Addr = 0x000
61861: pex_tb.PEX_EP_0.ep_rx_cmd_mem MemWr 0x010000ff @Addr = 0x001
61869: pex_tb.PEX_EP_0.ep_rx_cmd_mem MemWr 0x12345000 @Addr = 0x002
61877: pex_tb.PEX_EP_0.ep_rx_cmd_mem MemWr 0x0dad72e7 @Addr = 0x003
61885: pex_tb.PEX_EP_0.ep_rx_cmd_mem MemWr 0xc749ccec @Addr = 0x004
[61888] EP  RECEIVE PKT END  ep_rx_pkt_index 0
61893: pex_tb.PEX_EP_0.ep_rx_cmd_mem MemWr 0xb7834294 @Addr = 0x005
[61896] INFO:  RC -> EP Packet 0 Data Compare Start! EP MEM SADR : 00000000 EP PKTLEN 00000006 

[61896] RC -> EP Packet 000 Data Compare passed! 

[62768] EP  RECEIVE PKT BEGIN  ep_rx_pkt_index 1
62773: pex_tb.PEX_EP_0.ep_rx_cmd_mem MemWr 0x40000003 @Addr = 0x006
62781: pex_tb.PEX_EP_0.ep_rx_cmd_mem MemWr 0x0100000f @Addr = 0x007
62789: pex_tb.PEX_EP_0.ep_rx_cmd_mem MemWr 0x12345000 @Addr = 0x008
62797: pex_tb.PEX_EP_0.ep_rx_cmd_mem MemWr 0x7e467ecf @Addr = 0x009
62805: pex_tb.PEX_EP_0.ep_rx_cmd_mem MemWr 0xa43185b3 @Addr = 0x00a
[62808] EP  RECEIVE PKT END  ep_rx_pkt_index 1
62813: pex_tb.PEX_EP_0.ep_rx_cmd_mem MemWr 0x5ddb6eb8 @Addr = 0x00b
[62816] INFO:  RC -> EP Packet 1 Data Compare Start! EP MEM SADR : 00000006 EP PKTLEN 00000006 

[62816] RC -> EP Packet 001 Data Compare passed! 

[63568] EP  RECEIVE PKT BEGIN  ep_rx_pkt_index 2
63573: pex_tb.PEX_EP_0.ep_rx_cmd_mem MemWr 0x00000003 @Addr = 0x00c
63581: pex_tb.PEX_EP_0.ep_rx_cmd_mem MemWr 0x0100000f @Addr = 0x00d
[63584] EP  RECEIVE PKT END  ep_rx_pkt_index 2
63589: pex_tb.PEX_EP_0.ep_rx_cmd_mem MemWr 0x12345000 @Addr = 0x00e
[63592] INFO:  RC -> EP Packet 2 Data Compare Start! EP MEM SADR : 0000000c EP PKTLEN 00000003 

[63592] RC -> EP Packet 002 Data Compare passed! 







		 EP Compliance Test TXN.2.6#5 
 

		 PACKETS GOING FROM RC TO EP 
 
[65268] Preparing the 32 bit MEM Packet Header hdw0: 40000003  hdw1: 010000ff hdw2: 12345000 

[65268] Loading RC TX MEM at addr 012 Data fb1438b3 

[65268] Loading RC TX MEM at addr 013 Data 89bc512c 

[65268] Loading RC TX MEM at addr 014 Data 3226f170 

[65332] RC TX BEGIN, PKT WITH DATA FROM MEM rc_tx_pkt_index 3 
[65380] RC TX END, PKT WITH DATA FROM MEM rc_tx_pkt_index 3 
[65388] RC  Initializing rc_tx_pkt_len_array burst index 3 => hlen 3 dlen 3 hlen+dlen 6
[65388] RC  BURST DATA fb1438b3 at ADDR 0011  src_or_data+i 012
[65388] RC  BURST DATA 89bc512c at ADDR 0012  src_or_data+i 013
[65388] RC  BURST DATA 3226f170 at ADDR 0013  src_or_data+i 014
[65396] Preparing the 32 bit MEM Packet Header hdw0: 40000003  hdw1: 0100001e hdw2: 12345000 

[65396] Loading RC TX MEM at addr 018 Data 564c0724 

[65396] Loading RC TX MEM at addr 019 Data bf3baf4c 

[65396] Loading RC TX MEM at addr 01a Data 3107150d 

[65460] RC TX BEGIN, PKT WITH DATA FROM MEM rc_tx_pkt_index 4 
[65508] RC TX END, PKT WITH DATA FROM MEM rc_tx_pkt_index 4 
[65516] RC  Initializing rc_tx_pkt_len_array burst index 4 => hlen 3 dlen 3 hlen+dlen 6
[65516] RC  BURST DATA 564c0724 at ADDR 0017  src_or_data+i 018
[65516] RC  BURST DATA bf3baf4c at ADDR 0018  src_or_data+i 019
[65516] RC  BURST DATA 3107150d at ADDR 0019  src_or_data+i 01a
[65524] Preparing the 32 bit MEM Packet Header hdw0: 00000003  hdw1: 0100001e hdw2: 12345000 

[65524] RC -> EP MRD32 Packet 1: 00 Sending hdw0 :00000003 hdw1 :0100001e hdw2 :12345000  
[65588] RC TX BEGIN, PKT WITH DIRECT DATA rc_tx_pkt_index 5 
[65612] RC TX END, PKT WITH DIRECT DATA rc_tx_pkt_index 5 
[65620] RC  Initializing rc_tx_pkt_len_array single index 5 => hlen 3 dlen 0 hlen+dlen 3
[65620] RC  Loading RC Tx Mem  index 5 addr 1b hdw0 3 
[65620] RC  Loading RC Tx Mem  index 5 addr 1c hdw1 100001e 
[65620] RC  Loading RC Tx Mem  index 5 addr 1d hdw2 12345000 
[65628] Preparing the CPL  Packet Header hdw0: 4a000003 hdw1: 0100000c hdw2: 01000000 

[65628] Exp Packet : waddr: 9 fdata: fb1438b3  sdata: 564c0724 edata: 564c07b3 fdw_be: e 
[65628] Exp Packet : waddr: a mdata: bf3baf4c  mdw_be: f 
[65628] EP  Initializing ep_tx_pkt_len_array burst index 1 => hlen 3 dlen 3 hlen+dlen 6
[65628] EP  BURST DATA 564c07b3 at ADDR 0009  sep_or_data+i 009
[65628] EP  BURST DATA bf3baf4c at ADDR 000a  sep_or_data+i 00a
[65628] EP  BURST DATA 3226f10d at ADDR 000b  sep_or_data+i 00b
[65636] Exp Packet : waddr: b fdata: 3226f170  sdata: 3107150d edata: 3226f10d fdw_be: e 
[67584] RC  RECEIVE PKT BEGIN  rc_rx_pkt_index 0
67589: pex_tb.PEX_RC.rc_rx_cmd_mem MemWr 0x4a000003 @Addr = 0x000
67597: pex_tb.PEX_RC.rc_rx_cmd_mem MemWr 0x0100000c @Addr = 0x001
67605: pex_tb.PEX_RC.rc_rx_cmd_mem MemWr 0x01000000 @Addr = 0x002
67613: pex_tb.PEX_RC.rc_rx_cmd_mem MemWr 0x7e467ecf @Addr = 0x003
67621: pex_tb.PEX_RC.rc_rx_cmd_mem MemWr 0xa43185b3 @Addr = 0x004
[67624] RC  RECEIVE PKT END  rc_rx_pkt_index 0
67629: pex_tb.PEX_RC.rc_rx_cmd_mem MemWr 0xb7834294 @Addr = 0x005
[67632] INFO:  EP -> RC Packet 0 Data Compare Start! RC MEM SADR : 00000000 RC PKTLEN 00000006 

[67632] EP -> RC Packet 000 Data Compare passed! 

[67736] EP  RECEIVE PKT BEGIN  ep_rx_pkt_index 3
67741: pex_tb.PEX_EP_0.ep_rx_cmd_mem MemWr 0x40000003 @Addr = 0x00f
67749: pex_tb.PEX_EP_0.ep_rx_cmd_mem MemWr 0x010000ff @Addr = 0x010
67757: pex_tb.PEX_EP_0.ep_rx_cmd_mem MemWr 0x12345000 @Addr = 0x011
67765: pex_tb.PEX_EP_0.ep_rx_cmd_mem MemWr 0xfb1438b3 @Addr = 0x012
67773: pex_tb.PEX_EP_0.ep_rx_cmd_mem MemWr 0x89bc512c @Addr = 0x013
[67776] EP  RECEIVE PKT END  ep_rx_pkt_index 3
67781: pex_tb.PEX_EP_0.ep_rx_cmd_mem MemWr 0x3226f170 @Addr = 0x014
[67784] INFO:  RC -> EP Packet 3 Data Compare Start! EP MEM SADR : 0000000f EP PKTLEN 00000006 

[67784] RC -> EP Packet 003 Data Compare passed! 

[68008] EP  RECEIVE PKT BEGIN  ep_rx_pkt_index 4
68013: pex_tb.PEX_EP_0.ep_rx_cmd_mem MemWr 0x40000003 @Addr = 0x015
68021: pex_tb.PEX_EP_0.ep_rx_cmd_mem MemWr 0x0100001e @Addr = 0x016
68029: pex_tb.PEX_EP_0.ep_rx_cmd_mem MemWr 0x12345000 @Addr = 0x017
68037: pex_tb.PEX_EP_0.ep_rx_cmd_mem MemWr 0x564c0724 @Addr = 0x018
68045: pex_tb.PEX_EP_0.ep_rx_cmd_mem MemWr 0xbf3baf4c @Addr = 0x019
[68048] EP  RECEIVE PKT END  ep_rx_pkt_index 4
68053: pex_tb.PEX_EP_0.ep_rx_cmd_mem MemWr 0x3107150d @Addr = 0x01a
[68056] INFO:  RC -> EP Packet 4 Data Compare Start! EP MEM SADR : 00000015 EP PKTLEN 00000006 

[68056] RC -> EP Packet 004 Data Compare passed! 

[68184] EP  RECEIVE PKT BEGIN  ep_rx_pkt_index 5
68189: pex_tb.PEX_EP_0.ep_rx_cmd_mem MemWr 0x00000003 @Addr = 0x01b
68197: pex_tb.PEX_EP_0.ep_rx_cmd_mem MemWr 0x0100001e @Addr = 0x01c
[68200] EP  RECEIVE PKT END  ep_rx_pkt_index 5
68205: pex_tb.PEX_EP_0.ep_rx_cmd_mem MemWr 0x12345000 @Addr = 0x01d
[68208] INFO:  RC -> EP Packet 5 Data Compare Start! EP MEM SADR : 0000001b EP PKTLEN 00000003 

[68208] RC -> EP Packet 005 Data Compare passed! 

[69424] RC  RECEIVE PKT BEGIN  rc_rx_pkt_index 1
69429: pex_tb.PEX_RC.rc_rx_cmd_mem MemWr 0x4a000003 @Addr = 0x006
69437: pex_tb.PEX_RC.rc_rx_cmd_mem MemWr 0x0100000c @Addr = 0x007
69445: pex_tb.PEX_RC.rc_rx_cmd_mem MemWr 0x01000000 @Addr = 0x008
69453: pex_tb.PEX_RC.rc_rx_cmd_mem MemWr 0x564c07b3 @Addr = 0x009
69461: pex_tb.PEX_RC.rc_rx_cmd_mem MemWr 0xbf3baf4c @Addr = 0x00a
[69464] RC  RECEIVE PKT END  rc_rx_pkt_index 1
69469: pex_tb.PEX_RC.rc_rx_cmd_mem MemWr 0x3226f10d @Addr = 0x00b
[69472] INFO:  EP -> RC Packet 1 Data Compare Start! RC MEM SADR : 00000006 RC PKTLEN 00000006 

[69472] EP -> RC Packet 001 Data Compare passed! 







		 EP Compliance Test TXN.2.6#5 
 

		 PACKETS GOING FROM RC TO EP 
 
[69636] Preparing the 32 bit MEM Packet Header hdw0: 40000003  hdw1: 010000ff hdw2: 12345000 

[69636] Loading RC TX MEM at addr 021 Data e929aeda 

[69636] Loading RC TX MEM at addr 022 Data fd41aeeb 

[69636] Loading RC TX MEM at addr 023 Data eb34856f 

[69700] RC TX BEGIN, PKT WITH DATA FROM MEM rc_tx_pkt_index 6 
[69748] RC TX END, PKT WITH DATA FROM MEM rc_tx_pkt_index 6 
[69756] RC  Initializing rc_tx_pkt_len_array burst index 6 => hlen 3 dlen 3 hlen+dlen 6
[69756] RC  BURST DATA e929aeda at ADDR 0020  src_or_data+i 021
[69756] RC  BURST DATA fd41aeeb at ADDR 0021  src_or_data+i 022
[69756] RC  BURST DATA eb34856f at ADDR 0022  src_or_data+i 023
[69764] Preparing the 32 bit MEM Packet Header hdw0: 40000003  hdw1: 0100003c hdw2: 12345000 

[69764] Loading RC TX MEM at addr 027 Data dd8cf419 

[69764] Loading RC TX MEM at addr 028 Data 54d83502 

[69764] Loading RC TX MEM at addr 029 Data 8c904c86 

[69828] RC TX BEGIN, PKT WITH DATA FROM MEM rc_tx_pkt_index 7 
[69876] RC TX END, PKT WITH DATA FROM MEM rc_tx_pkt_index 7 
[69884] RC  Initializing rc_tx_pkt_len_array burst index 7 => hlen 3 dlen 3 hlen+dlen 6
[69884] RC  BURST DATA dd8cf419 at ADDR 0026  src_or_data+i 027
[69884] RC  BURST DATA 54d83502 at ADDR 0027  src_or_data+i 028
[69884] RC  BURST DATA 8c904c86 at ADDR 0028  src_or_data+i 029
[69892] Preparing the 32 bit MEM Packet Header hdw0: 00000003  hdw1: 0100003c hdw2: 12345000 

[69892] RC -> EP MRD32 Packet 1: 02 Sending hdw0 :00000003 hdw1 :0100003c hdw2 :12345000  
[69956] RC TX BEGIN, PKT WITH DIRECT DATA rc_tx_pkt_index 8 
[69980] RC TX END, PKT WITH DIRECT DATA rc_tx_pkt_index 8 
[69988] RC  Initializing rc_tx_pkt_len_array single index 8 => hlen 3 dlen 0 hlen+dlen 3
[69988] RC  Loading RC Tx Mem  index 8 addr 2a hdw0 3 
[69988] RC  Loading RC Tx Mem  index 8 addr 2b hdw1 100003c 
[69988] RC  Loading RC Tx Mem  index 8 addr 2c hdw2 12345000 
[69996] Preparing the CPL  Packet Header hdw0: 4a000003 hdw1: 0100000c hdw2: 01000000 

[69996] Exp Packet : waddr: f fdata: e929aeda  sdata: dd8cf419 edata: dd8caeda fdw_be: c 
[69996] Exp Packet : waddr: 10 mdata: 54d83502  mdw_be: f 
[69996] EP  Initializing ep_tx_pkt_len_array burst index 2 => hlen 3 dlen 3 hlen+dlen 6
[69996] EP  BURST DATA dd8caeda at ADDR 000f  sep_or_data+i 00f
[69996] EP  BURST DATA 54d83502 at ADDR 0010  sep_or_data+i 010
[69996] EP  BURST DATA eb344c86 at ADDR 0011  sep_or_data+i 011
[70004] Exp Packet : waddr: 11 fdata: eb34856f  sdata: 8c904c86 edata: eb344c86 fdw_be: c 
[70696] EP  RECEIVE PKT BEGIN  ep_rx_pkt_index 6
70701: pex_tb.PEX_EP_0.ep_rx_cmd_mem MemWr 0x40000003 @Addr = 0x01e
70709: pex_tb.PEX_EP_0.ep_rx_cmd_mem MemWr 0x010000ff @Addr = 0x01f
70717: pex_tb.PEX_EP_0.ep_rx_cmd_mem MemWr 0x12345000 @Addr = 0x020
70725: pex_tb.PEX_EP_0.ep_rx_cmd_mem MemWr 0xe929aeda @Addr = 0x021
70733: pex_tb.PEX_EP_0.ep_rx_cmd_mem MemWr 0xfd41aeeb @Addr = 0x022
[70736] EP  RECEIVE PKT END  ep_rx_pkt_index 6
70741: pex_tb.PEX_EP_0.ep_rx_cmd_mem MemWr 0xeb34856f @Addr = 0x023
[70744] INFO:  RC -> EP Packet 6 Data Compare Start! EP MEM SADR : 0000001e EP PKTLEN 00000006 

[70744] RC -> EP Packet 006 Data Compare passed! 

[72392] EP  RECEIVE PKT BEGIN  ep_rx_pkt_index 7
72397: pex_tb.PEX_EP_0.ep_rx_cmd_mem MemWr 0x40000003 @Addr = 0x024
72405: pex_tb.PEX_EP_0.ep_rx_cmd_mem MemWr 0x0100003c @Addr = 0x025
72413: pex_tb.PEX_EP_0.ep_rx_cmd_mem MemWr 0x12345000 @Addr = 0x026
72421: pex_tb.PEX_EP_0.ep_rx_cmd_mem MemWr 0xdd8cf419 @Addr = 0x027
72429: pex_tb.PEX_EP_0.ep_rx_cmd_mem MemWr 0x54d83502 @Addr = 0x028
[72432] EP  RECEIVE PKT END  ep_rx_pkt_index 7
72437: pex_tb.PEX_EP_0.ep_rx_cmd_mem MemWr 0x8c904c86 @Addr = 0x029
[72440] INFO:  RC -> EP Packet 7 Data Compare Start! EP MEM SADR : 00000024 EP PKTLEN 00000006 

[72440] RC -> EP Packet 007 Data Compare passed! 

[72568] EP  RECEIVE PKT BEGIN  ep_rx_pkt_index 8
72573: pex_tb.PEX_EP_0.ep_rx_cmd_mem MemWr 0x00000003 @Addr = 0x02a
72581: pex_tb.PEX_EP_0.ep_rx_cmd_mem MemWr 0x0100003c @Addr = 0x02b
[72584] EP  RECEIVE PKT END  ep_rx_pkt_index 8
72589: pex_tb.PEX_EP_0.ep_rx_cmd_mem MemWr 0x12345000 @Addr = 0x02c
[72592] INFO:  RC -> EP Packet 0 Data Compare Start! EP MEM SADR : 0000002a EP PKTLEN 00000003 

[72592] RC -> EP Packet 008 Data Compare passed! 

[73672] RC  RECEIVE PKT BEGIN  rc_rx_pkt_index 2
73677: pex_tb.PEX_RC.rc_rx_cmd_mem MemWr 0x4a000003 @Addr = 0x00c
73685: pex_tb.PEX_RC.rc_rx_cmd_mem MemWr 0x0100000c @Addr = 0x00d
73693: pex_tb.PEX_RC.rc_rx_cmd_mem MemWr 0x01000000 @Addr = 0x00e
73701: pex_tb.PEX_RC.rc_rx_cmd_mem MemWr 0xdd8caeda @Addr = 0x00f
73709: pex_tb.PEX_RC.rc_rx_cmd_mem MemWr 0x54d83502 @Addr = 0x010
[73712] RC  RECEIVE PKT END  rc_rx_pkt_index 2
73717: pex_tb.PEX_RC.rc_rx_cmd_mem MemWr 0xeb344c86 @Addr = 0x011
[73720] INFO:  EP -> RC Packet 2 Data Compare Start! RC MEM SADR : 0000000c RC PKTLEN 00000006 

[73720] EP -> RC Packet 002 Data Compare passed! 







		 EP Compliance Test TXN.2.6#5 
 

		 PACKETS GOING FROM RC TO EP 
 
[74004] Preparing the 32 bit MEM Packet Header hdw0: 40000003  hdw1: 010000ff hdw2: 12345000 

[74004] Loading RC TX MEM at addr 030 Data 6d56c75e 

[74004] Loading RC TX MEM at addr 031 Data 50d35a24 

[74004] Loading RC TX MEM at addr 032 Data 5776e25c 

[74068] RC TX BEGIN, PKT WITH DATA FROM MEM rc_tx_pkt_index 9 
[74116] RC TX END, PKT WITH DATA FROM MEM rc_tx_pkt_index 9 
[74124] RC  Initializing rc_tx_pkt_len_array burst index 9 => hlen 3 dlen 3 hlen+dlen 6
[74124] RC  BURST DATA 6d56c75e at ADDR 002f  src_or_data+i 030
[74124] RC  BURST DATA 50d35a24 at ADDR 0030  src_or_data+i 031
[74124] RC  BURST DATA 5776e25c at ADDR 0031  src_or_data+i 032
[74132] Preparing the 32 bit MEM Packet Header hdw0: 40000003  hdw1: 01000078 hdw2: 12345000 

[74132] Loading RC TX MEM at addr 036 Data 6682057a 

[74132] Loading RC TX MEM at addr 037 Data 5d1ef3e0 

[74132] Loading RC TX MEM at addr 038 Data 195887a8 

[74196] RC TX BEGIN, PKT WITH DATA FROM MEM rc_tx_pkt_index a 
[74244] RC TX END, PKT WITH DATA FROM MEM rc_tx_pkt_index a 
[74252] RC  Initializing rc_tx_pkt_len_array burst index a => hlen 3 dlen 3 hlen+dlen 6
[74252] RC  BURST DATA 6682057a at ADDR 0035  src_or_data+i 036
[74252] RC  BURST DATA 5d1ef3e0 at ADDR 0036  src_or_data+i 037
[74252] RC  BURST DATA 195887a8 at ADDR 0037  src_or_data+i 038
[74260] Preparing the 32 bit MEM Packet Header hdw0: 00000003  hdw1: 01000078 hdw2: 12345000 

[74260] RC -> EP MRD32 Packet 1: 03 Sending hdw0 :00000003 hdw1 :01000078 hdw2 :12345000  
[74324] RC TX BEGIN, PKT WITH DIRECT DATA rc_tx_pkt_index b 
[74348] RC TX END, PKT WITH DIRECT DATA rc_tx_pkt_index b 
[74356] RC  Initializing rc_tx_pkt_len_array single index b => hlen 3 dlen 0 hlen+dlen 3
[74356] RC  Loading RC Tx Mem  index b addr 39 hdw0 3 
[74356] RC  Loading RC Tx Mem  index b addr 3a hdw1 1000078 
[74356] RC  Loading RC Tx Mem  index b addr 3b hdw2 12345000 
[74364] Preparing the CPL  Packet Header hdw0: 4a000003 hdw1: 0100000c hdw2: 01000000 

[74364] Exp Packet : waddr: 15 fdata: 6d56c75e  sdata: 6682057a edata: 6656c75e fdw_be: 8 
[74364] Exp Packet : waddr: 16 mdata: 5d1ef3e0  mdw_be: f 
[74364] EP  Initializing ep_tx_pkt_len_array burst index 3 => hlen 3 dlen 3 hlen+dlen 6
[74364] EP  BURST DATA 6656c75e at ADDR 0015  sep_or_data+i 015
[74364] EP  BURST DATA 5d1ef3e0 at ADDR 0016  sep_or_data+i 016
[74364] EP  BURST DATA 575887a8 at ADDR 0017  sep_or_data+i 017
[74372] Exp Packet : waddr: 17 fdata: 5776e25c  sdata: 195887a8 edata: 575887a8 fdw_be: 8 
[75048] EP  RECEIVE PKT BEGIN  ep_rx_pkt_index 9
75053: pex_tb.PEX_EP_0.ep_rx_cmd_mem MemWr 0x40000003 @Addr = 0x02d
75061: pex_tb.PEX_EP_0.ep_rx_cmd_mem MemWr 0x010000ff @Addr = 0x02e
75069: pex_tb.PEX_EP_0.ep_rx_cmd_mem MemWr 0x12345000 @Addr = 0x02f
75077: pex_tb.PEX_EP_0.ep_rx_cmd_mem MemWr 0x6d56c75e @Addr = 0x030
75085: pex_tb.PEX_EP_0.ep_rx_cmd_mem MemWr 0x50d35a24 @Addr = 0x031
[75088] EP  RECEIVE PKT END  ep_rx_pkt_index 9
75093: pex_tb.PEX_EP_0.ep_rx_cmd_mem MemWr 0x5776e25c @Addr = 0x032
[75096] INFO:  RC -> EP Packet 1 Data Compare Start! EP MEM SADR : 0000002d EP PKTLEN 00000006 

[75096] RC -> EP Packet 009 Data Compare passed! 

[76672] EP  RECEIVE PKT BEGIN  ep_rx_pkt_index a
76677: pex_tb.PEX_EP_0.ep_rx_cmd_mem MemWr 0x40000003 @Addr = 0x033
76685: pex_tb.PEX_EP_0.ep_rx_cmd_mem MemWr 0x01000078 @Addr = 0x034
76693: pex_tb.PEX_EP_0.ep_rx_cmd_mem MemWr 0x12345000 @Addr = 0x035
76701: pex_tb.PEX_EP_0.ep_rx_cmd_mem MemWr 0x6682057a @Addr = 0x036
76709: pex_tb.PEX_EP_0.ep_rx_cmd_mem MemWr 0x5d1ef3e0 @Addr = 0x037
[76712] EP  RECEIVE PKT END  ep_rx_pkt_index a
76717: pex_tb.PEX_EP_0.ep_rx_cmd_mem MemWr 0x195887a8 @Addr = 0x038
[76720] INFO:  RC -> EP Packet 2 Data Compare Start! EP MEM SADR : 00000033 EP PKTLEN 00000006 

[76720] RC -> EP Packet 00a Data Compare passed! 

[76928] EP  RECEIVE PKT BEGIN  ep_rx_pkt_index b
76933: pex_tb.PEX_EP_0.ep_rx_cmd_mem MemWr 0x00000003 @Addr = 0x039
76941: pex_tb.PEX_EP_0.ep_rx_cmd_mem MemWr 0x01000078 @Addr = 0x03a
[76944] EP  RECEIVE PKT END  ep_rx_pkt_index b
76949: pex_tb.PEX_EP_0.ep_rx_cmd_mem MemWr 0x12345000 @Addr = 0x03b
[76952] INFO:  RC -> EP Packet 3 Data Compare Start! EP MEM SADR : 00000039 EP PKTLEN 00000003 

[76952] RC -> EP Packet 00b Data Compare passed! 

[77920] RC  RECEIVE PKT BEGIN  rc_rx_pkt_index 3
77925: pex_tb.PEX_RC.rc_rx_cmd_mem MemWr 0x4a000003 @Addr = 0x012
77933: pex_tb.PEX_RC.rc_rx_cmd_mem MemWr 0x0100000c @Addr = 0x013
77941: pex_tb.PEX_RC.rc_rx_cmd_mem MemWr 0x01000000 @Addr = 0x014
77949: pex_tb.PEX_RC.rc_rx_cmd_mem MemWr 0x6656c75e @Addr = 0x015
77957: pex_tb.PEX_RC.rc_rx_cmd_mem MemWr 0x5d1ef3e0 @Addr = 0x016
[77960] RC  RECEIVE PKT END  rc_rx_pkt_index 3
77965: pex_tb.PEX_RC.rc_rx_cmd_mem MemWr 0x575887a8 @Addr = 0x017
[77968] INFO:  EP -> RC Packet 3 Data Compare Start! RC MEM SADR : 00000012 RC PKTLEN 00000006 

[77968] EP -> RC Packet 003 Data Compare passed! 







		 EP Compliance Test TXN.2.6#5 
 

		 PACKETS GOING FROM RC TO EP 
 
[78372] Preparing the 32 bit MEM Packet Header hdw0: 40000003  hdw1: 010000ff hdw2: 12345000 

[78372] Loading RC TX MEM at addr 03f Data 26ee273c 

[78372] Loading RC TX MEM at addr 040 Data 1864fa98 

[78372] Loading RC TX MEM at addr 041 Data da90bbaa 

[78436] RC TX BEGIN, PKT WITH DATA FROM MEM rc_tx_pkt_index c 
[78484] RC TX END, PKT WITH DATA FROM MEM rc_tx_pkt_index c 
[78492] RC  Initializing rc_tx_pkt_len_array burst index c => hlen 3 dlen 3 hlen+dlen 6
[78492] RC  BURST DATA 26ee273c at ADDR 003e  src_or_data+i 03f
[78492] RC  BURST DATA 1864fa98 at ADDR 003f  src_or_data+i 040
[78492] RC  BURST DATA da90bbaa at ADDR 0040  src_or_data+i 041
[78500] Preparing the 32 bit MEM Packet Header hdw0: 40000003  hdw1: 010000f0 hdw2: 12345000 

[78500] Loading RC TX MEM at addr 045 Data 5cdb3a1e 

[78500] Loading RC TX MEM at addr 046 Data 1ecd9f02 

[78500] Loading RC TX MEM at addr 047 Data 42c5de47 

[78564] RC TX BEGIN, PKT WITH DATA FROM MEM rc_tx_pkt_index d 
[78612] RC TX END, PKT WITH DATA FROM MEM rc_tx_pkt_index d 
[78620] RC  Initializing rc_tx_pkt_len_array burst index d => hlen 3 dlen 3 hlen+dlen 6
[78620] RC  BURST DATA 5cdb3a1e at ADDR 0044  src_or_data+i 045
[78620] RC  BURST DATA 1ecd9f02 at ADDR 0045  src_or_data+i 046
[78620] RC  BURST DATA 42c5de47 at ADDR 0046  src_or_data+i 047
[78628] Preparing the 32 bit MEM Packet Header hdw0: 00000003  hdw1: 010000f0 hdw2: 12345000 

[78628] RC -> EP MRD32 Packet 1: 04 Sending hdw0 :00000003 hdw1 :010000f0 hdw2 :12345000  
[78692] RC TX BEGIN, PKT WITH DIRECT DATA rc_tx_pkt_index e 
[78716] RC TX END, PKT WITH DIRECT DATA rc_tx_pkt_index e 
[78724] RC  Initializing rc_tx_pkt_len_array single index e => hlen 3 dlen 0 hlen+dlen 3
[78724] RC  Loading RC Tx Mem  index e addr 48 hdw0 3 
[78724] RC  Loading RC Tx Mem  index e addr 49 hdw1 10000f0 
[78724] RC  Loading RC Tx Mem  index e addr 4a hdw2 12345000 
[78732] Preparing the CPL  Packet Header hdw0: 4a000003 hdw1: 0100000c hdw2: 01000000 

[78732] Exp Packet : waddr: 1b fdata: 26ee273c  sdata: 5cdb3a1e edata: 26ee273c fdw_be: 0 
[78732] Exp Packet : waddr: 1c mdata: 1ecd9f02  mdw_be: f 
[78732] EP  Initializing ep_tx_pkt_len_array burst index 4 => hlen 3 dlen 3 hlen+dlen 6
[78732] EP  BURST DATA 26ee273c at ADDR 001b  sep_or_data+i 01b
[78732] EP  BURST DATA 1ecd9f02 at ADDR 001c  sep_or_data+i 01c
[78732] EP  BURST DATA 42c5de47 at ADDR 001d  sep_or_data+i 01d
[78740] Exp Packet : waddr: 1d fdata: da90bbaa  sdata: 42c5de47 edata: 42c5de47 fdw_be: 0 
[79448] EP  RECEIVE PKT BEGIN  ep_rx_pkt_index c
79453: pex_tb.PEX_EP_0.ep_rx_cmd_mem MemWr 0x40000003 @Addr = 0x03c
79461: pex_tb.PEX_EP_0.ep_rx_cmd_mem MemWr 0x010000ff @Addr = 0x03d
79469: pex_tb.PEX_EP_0.ep_rx_cmd_mem MemWr 0x12345000 @Addr = 0x03e
79477: pex_tb.PEX_EP_0.ep_rx_cmd_mem MemWr 0x26ee273c @Addr = 0x03f
79485: pex_tb.PEX_EP_0.ep_rx_cmd_mem MemWr 0x1864fa98 @Addr = 0x040
[79488] EP  RECEIVE PKT END  ep_rx_pkt_index c
79493: pex_tb.PEX_EP_0.ep_rx_cmd_mem MemWr 0xda90bbaa @Addr = 0x041
[79496] INFO:  RC -> EP Packet 4 Data Compare Start! EP MEM SADR : 0000003c EP PKTLEN 00000006 

[79496] RC -> EP Packet 00c Data Compare passed! 

[80920] EP  RECEIVE PKT BEGIN  ep_rx_pkt_index d
80925: pex_tb.PEX_EP_0.ep_rx_cmd_mem MemWr 0x40000003 @Addr = 0x042
80933: pex_tb.PEX_EP_0.ep_rx_cmd_mem MemWr 0x010000f0 @Addr = 0x043
80941: pex_tb.PEX_EP_0.ep_rx_cmd_mem MemWr 0x12345000 @Addr = 0x044
80949: pex_tb.PEX_EP_0.ep_rx_cmd_mem MemWr 0x5cdb3a1e @Addr = 0x045
80957: pex_tb.PEX_EP_0.ep_rx_cmd_mem MemWr 0x1ecd9f02 @Addr = 0x046
[80960] EP  RECEIVE PKT END  ep_rx_pkt_index d
80965: pex_tb.PEX_EP_0.ep_rx_cmd_mem MemWr 0x42c5de47 @Addr = 0x047
[80968] INFO:  RC -> EP Packet 5 Data Compare Start! EP MEM SADR : 00000042 EP PKTLEN 00000006 

[80968] RC -> EP Packet 00d Data Compare passed! 

[81176] EP  RECEIVE PKT BEGIN  ep_rx_pkt_index e
81181: pex_tb.PEX_EP_0.ep_rx_cmd_mem MemWr 0x00000003 @Addr = 0x048
81189: pex_tb.PEX_EP_0.ep_rx_cmd_mem MemWr 0x010000f0 @Addr = 0x049
[81192] EP  RECEIVE PKT END  ep_rx_pkt_index e
81197: pex_tb.PEX_EP_0.ep_rx_cmd_mem MemWr 0x12345000 @Addr = 0x04a
[81200] INFO:  RC -> EP Packet 6 Data Compare Start! EP MEM SADR : 00000048 EP PKTLEN 00000003 

[81200] RC -> EP Packet 00e Data Compare passed! 

[82168] RC  RECEIVE PKT BEGIN  rc_rx_pkt_index 4
82173: pex_tb.PEX_RC.rc_rx_cmd_mem MemWr 0x4a000003 @Addr = 0x018
82181: pex_tb.PEX_RC.rc_rx_cmd_mem MemWr 0x0100000c @Addr = 0x019
82189: pex_tb.PEX_RC.rc_rx_cmd_mem MemWr 0x01000000 @Addr = 0x01a
82197: pex_tb.PEX_RC.rc_rx_cmd_mem MemWr 0x26ee273c @Addr = 0x01b
82205: pex_tb.PEX_RC.rc_rx_cmd_mem MemWr 0x1ecd9f02 @Addr = 0x01c
[82208] RC  RECEIVE PKT END  rc_rx_pkt_index 4
82213: pex_tb.PEX_RC.rc_rx_cmd_mem MemWr 0x42c5de47 @Addr = 0x01d
[82216] INFO:  EP -> RC Packet 4 Data Compare Start! RC MEM SADR : 00000018 RC PKTLEN 00000006 

[82216] EP -> RC Packet 004 Data Compare passed! 

Checking for Left over packets in TX array 

[114740] TEST PASSED 

[154740] Simulation DONE

