# vsim -do vsim.do -l verilog.log -c -suppress 4029 -novopt pex_tb 
# //  QuestaSim 6.3a Jun 25 2007 Linux 2.4.18-3smp
# //
# //  Copyright 1991-2007 Mentor Graphics Corporation
# //              All Rights Reserved.
# //
# //  THIS WORK CONTAINS TRADE SECRET AND 
# //  PROPRIETARY INFORMATION WHICH IS THE PROPERTY
# //  OF MENTOR GRAPHICS CORPORATION OR ITS LICENSORS
# //  AND IS SUBJECT TO LICENSE TERMS.
# //
# Refreshing /home/anand/pcixp/pcixp_rev1/VlogSim/run/work.pex_tb
# Loading work.pex_tb
# Refreshing /home/anand/pcixp/pcixp_rev1/VlogSim/run/work.PexRc
# Loading work.PexRc
# Refreshing /home/anand/pcixp/pcixp_rev1/VlogSim/run/work.pcixp_rc
# Loading work.pcixp_rc
# Refreshing /home/anand/pcixp/pcixp_rev1/VlogSim/run/work.pcixp_tl
# Loading work.pcixp_tl
# Refreshing /home/anand/pcixp/pcixp_rev1/VlogSim/run/work.tlrx
# Loading work.tlrx
# Refreshing /home/anand/pcixp/pcixp_rev1/VlogSim/run/work.sfMxN
# Loading work.sfMxN
# Refreshing /home/anand/pcixp/pcixp_rev1/VlogSim/run/work.xpmem
# Loading work.xpmem
# Refreshing /home/anand/pcixp/pcixp_rev1/VlogSim/run/work.tltx_arb
# Loading work.tltx_arb
# Refreshing /home/anand/pcixp/pcixp_rev1/VlogSim/run/work.tltx_top
# Loading work.tltx_top
# Refreshing /home/anand/pcixp/pcixp_rev1/VlogSim/run/work.tltx_bridge
# Loading work.tltx_bridge
# Refreshing /home/anand/pcixp/pcixp_rev1/VlogSim/run/work.tltx_router
# Loading work.tltx_router
# Refreshing /home/anand/pcixp/pcixp_rev1/VlogSim/run/work.tltx_tcm
# Loading work.tltx_tcm
# Refreshing /home/anand/pcixp/pcixp_rev1/VlogSim/run/work.tltx_tc
# Loading work.tltx_tc
# Refreshing /home/anand/pcixp/pcixp_rev1/VlogSim/run/work.tltx_vc2tcmap
# Loading work.tltx_vc2tcmap
# Refreshing /home/anand/pcixp/pcixp_rev1/VlogSim/run/work.tltx_fcm
# Loading work.tltx_fcm
# Refreshing /home/anand/pcixp/pcixp_rev1/VlogSim/run/work.tltx_fc
# Loading work.tltx_fc
# Refreshing /home/anand/pcixp/pcixp_rev1/VlogSim/run/work.tltx_assembler
# Loading work.tltx_assembler
# Refreshing /home/anand/pcixp/pcixp_rev1/VlogSim/run/work.lcrc32
# Loading work.lcrc32
# Refreshing /home/anand/pcixp/pcixp_rev1/VlogSim/run/work.pcixp_dll
# Loading work.pcixp_dll
# Refreshing /home/anand/pcixp/pcixp_rev1/VlogSim/run/work.dltx_assembler
# Loading work.dltx_assembler
# Refreshing /home/anand/pcixp/pcixp_rev1/VlogSim/run/work.crc16
# Loading work.crc16
# Refreshing /home/anand/pcixp/pcixp_rev1/VlogSim/run/work.dltx_scheduler
# Loading work.dltx_scheduler
# Refreshing /home/anand/pcixp/pcixp_rev1/VlogSim/run/work.dltx_rty
# Loading work.dltx_rty
# Refreshing /home/anand/pcixp/pcixp_rev1/VlogSim/run/work.dltx_retire
# Loading work.dltx_retire
# Refreshing /home/anand/pcixp/pcixp_rev1/VlogSim/run/work.dltx_tlp
# Loading work.dltx_tlp
# Refreshing /home/anand/pcixp/pcixp_rev1/VlogSim/run/work.dltx_dllp
# Loading work.dltx_dllp
# Refreshing /home/anand/pcixp/pcixp_rev1/VlogSim/run/work.dltx_cntr
# Loading work.dltx_cntr
# Refreshing /home/anand/pcixp/pcixp_rev1/VlogSim/run/work.dlrx_tlp
# Loading work.dlrx_tlp
# Refreshing /home/anand/pcixp/pcixp_rev1/VlogSim/run/work.dlrx_dllp
# Loading work.dlrx_dllp
# Refreshing /home/anand/pcixp/pcixp_rev1/VlogSim/run/work.dlcmsm
# Loading work.dlcmsm
# Refreshing /home/anand/pcixp/pcixp_rev1/VlogSim/run/work.fcinit
# Loading work.fcinit
# Refreshing /home/anand/pcixp/pcixp_rev1/VlogSim/run/work.pcixp_pl
# Loading work.pcixp_pl
# Refreshing /home/anand/pcixp/pcixp_rev1/VlogSim/run/work.pl_ltssm
# Loading work.pl_ltssm
# Refreshing /home/anand/pcixp/pcixp_rev1/VlogSim/run/work.pl_det_ssm
# Loading work.pl_det_ssm
# Refreshing /home/anand/pcixp/pcixp_rev1/VlogSim/run/work.pl_pol_ssm
# Loading work.pl_pol_ssm
# Refreshing /home/anand/pcixp/pcixp_rev1/VlogSim/run/work.pl_l0s_ssm
# Loading work.pl_l0s_ssm
# Refreshing /home/anand/pcixp/pcixp_rev1/VlogSim/run/work.pl_dsb_ssm
# Loading work.pl_dsb_ssm
# Refreshing /home/anand/pcixp/pcixp_rev1/VlogSim/run/work.pl_hrst_ssm
# Loading work.pl_hrst_ssm
# Refreshing /home/anand/pcixp/pcixp_rev1/VlogSim/run/work.pl_cfg_ssm
# Loading work.pl_cfg_ssm
# Refreshing /home/anand/pcixp/pcixp_rev1/VlogSim/run/work.pl_rec_ssm
# Loading work.pl_rec_ssm
# Refreshing /home/anand/pcixp/pcixp_rev1/VlogSim/run/work.pl_framer
# Loading work.pl_framer
# Refreshing /home/anand/pcixp/pcixp_rev1/VlogSim/run/work.pl_scrm
# Loading work.pl_scrm
# Refreshing /home/anand/pcixp/pcixp_rev1/VlogSim/run/work.pl_descrm
# Loading work.pl_descrm
# Refreshing /home/anand/pcixp/pcixp_rev1/VlogSim/run/work.pl_deframer
# Loading work.pl_deframer
# Refreshing /home/anand/pcixp/pcixp_rev1/VlogSim/run/work.pl_data_deframer
# Loading work.pl_data_deframer
# Refreshing /home/anand/pcixp/pcixp_rev1/VlogSim/run/work.pl_os_deframer
# Loading work.pl_os_deframer
# Refreshing /home/anand/pcixp/pcixp_rev1/VlogSim/run/work.pi_cfg
# Loading work.pi_cfg
# Refreshing /home/anand/pcixp/pcixp_rev1/VlogSim/run/work.pi_arbiter
# Loading work.pi_arbiter
# Refreshing /home/anand/pcixp/pcixp_rev1/VlogSim/run/work.pipe8or16
# Loading work.pipe8or16
# Refreshing /home/anand/pcixp/pcixp_rev1/VlogSim/run/work.interface_monitor
# Loading work.interface_monitor
# Refreshing /home/anand/pcixp/pcixp_rev1/VlogSim/run/work.pm_disp
# Loading work.pm_disp
# Refreshing /home/anand/pcixp/pcixp_rev1/VlogSim/run/work.mem_model
# Loading work.mem_model
# Refreshing /home/anand/pcixp/pcixp_rev1/VlogSim/run/work.PexEp
# Loading work.PexEp
# Refreshing /home/anand/pcixp/pcixp_rev1/VlogSim/run/work.pcixp_ep
# Loading work.pcixp_ep
# Refreshing /home/anand/pcixp/pcixp_rev1/VlogSim/run/work.pex_mem_agent
# Loading work.pex_mem_agent
# do vsim.do 
# resume
#  
# 
#  Time = @[60452] The value of din at Address = 5800  of reg_set ( EP -> RC ) = 00000001 
#  
# 
#  Time = @[60876] The value of din at Address = 5800  of reg_set ( RC -> EP ) = 00000001 
# 
# 		 RC Compliance Test TXN.2.14#5 
#  
[60876] Preparing the MSG  Packet Header hdw0: 34100000 hdw1: 00000118 hdw2: 00000000 hdw3: 00000000 
# 
[60956] EP TX BEGIN, PKT WITH DIRECT DATA ep_tx_pkt_index 0 
[60988] EP TX END, PKT WITH DIRECT DATA ep_tx_pkt_index 0 
[60996] EP  Initializing ep_tx_pkt_len_array single index 0 => hlen 4 dlen 0 hlen+dlen 4
[60996] EP  Loading EP Tx Mem  index 0 addr 0 hdw0 34100000 
[60996] EP  Loading EP Tx Mem  index 0 addr 1 hdw1 118 
[60996] EP  Loading EP Tx Mem  index 0 addr 2 hdw1 0 
[60996] EP  Loading EP Tx Mem  index 0 addr 3 hdw3 0 
#  Time = @[61044] The value of dout at Address = 5804  of reg_get ( RC -> EP ) 
#  Actual Data :  00000000 
[61044] Malformed TLP status bit not set 
# 
#  Time = @[61084] The value of dout at Address = 5804  of reg_get ( RC -> EP ) 
#  Actual Data :  00000000 
# 
# 		 Loop Count idxi 0 lp_cnt 1  
#  
[61880] RC  RECEIVE PKT BEGIN  rc_rx_pkt_index 0
# 61885: pex_tb.PEX_RC.rc_rx_cmd_mem MemWr 0x34100000 @Addr = 0x000
# 61893: pex_tb.PEX_RC.rc_rx_cmd_mem MemWr 0x00000118 @Addr = 0x001
# 61901: pex_tb.PEX_RC.rc_rx_cmd_mem MemWr 0x00000000 @Addr = 0x002
[61904] RC  RECEIVE PKT END  rc_rx_pkt_index 0
# 61909: pex_tb.PEX_RC.rc_rx_cmd_mem MemWr 0x00000000 @Addr = 0x003
[61912] INFO:  EP -> RC Packet 0 Data Compare Start! RC MEM SADR : 00000000 RC PKTLEN 00000004 
# 
# PKT_DIFF (RC) : HdrLen = 4
# PKT_DIFF (RC) : Hdr[0] => Rx = 34100000, Exp = 34100000
# PKT_DIFF (RC) : Hdr[1] => Rx = 00000118, Exp = 00000118
# PKT_DIFF (RC) : Hdr[2] => Rx = 00000000, Exp = 00000000
# PKT_DIFF (RC) : Header Matched
# PKT_DIFF (RC) : PktLen => Rx = 4, Tx = 4
[61912] EP -> RC Packet 00000000 Data Compare passed! 
# 
# PKT_DIFF (RC) : Matched = 1, Passed = 1
[62784] RC  RECEIVE PKT BEGIN  rc_rx_pkt_index 1
# 62789: pex_tb.PEX_RC.rc_rx_cmd_mem MemWr 0x34100000 @Addr = 0x004
# 62797: pex_tb.PEX_RC.rc_rx_cmd_mem MemWr 0x00000118 @Addr = 0x005
# 62805: pex_tb.PEX_RC.rc_rx_cmd_mem MemWr 0x00000000 @Addr = 0x006
[62808] RC  RECEIVE PKT END  rc_rx_pkt_index 1
# 62813: pex_tb.PEX_RC.rc_rx_cmd_mem MemWr 0x00000000 @Addr = 0x007
[62816] INFO:  EP -> RC Packet 1 Data Compare Start! RC MEM SADR : 00000004 RC PKTLEN 00000004 
# 
[62816] ERROR:  RC Received Packet 1 Not MATCHED.  
# 
[62816] INFO:  RC Packet 1 MEM SADR : 00000004 PKTLEN 00000004 
# 
[62816] RC Packet Length 4 
# 
[62816] RC Packet Header[0] = 34100000 
# 
[62816] RC Packet Header[1] = 118 
# 
[62816] RC Packet Header[2] = 0 
# 
[62816] RC Packet Header[3] = 0 
# 
[63688] RC  RECEIVE PKT BEGIN  rc_rx_pkt_index 2
# 63693: pex_tb.PEX_RC.rc_rx_cmd_mem MemWr 0x34100000 @Addr = 0x008
# 63701: pex_tb.PEX_RC.rc_rx_cmd_mem MemWr 0x00000118 @Addr = 0x009
# 63709: pex_tb.PEX_RC.rc_rx_cmd_mem MemWr 0x00000000 @Addr = 0x00a
[63712] RC  RECEIVE PKT END  rc_rx_pkt_index 2
# 63717: pex_tb.PEX_RC.rc_rx_cmd_mem MemWr 0x00000000 @Addr = 0x00b
[63720] INFO:  EP -> RC Packet 2 Data Compare Start! RC MEM SADR : 00000008 RC PKTLEN 00000004 
# 
[63720] ERROR:  RC Received Packet 2 Not MATCHED.  
# 
[63720] INFO:  RC Packet 2 MEM SADR : 00000008 PKTLEN 00000004 
# 
[63720] RC Packet Length 4 
# 
[63720] RC Packet Header[0] = 34100000 
# 
[63720] RC Packet Header[1] = 118 
# 
[63720] RC Packet Header[2] = 0 
# 
[63720] RC Packet Header[3] = 0 
# 
[64592] RC  RECEIVE PKT BEGIN  rc_rx_pkt_index 3
# 64597: pex_tb.PEX_RC.rc_rx_cmd_mem MemWr 0x34100000 @Addr = 0x00c
# 64605: pex_tb.PEX_RC.rc_rx_cmd_mem MemWr 0x00000118 @Addr = 0x00d
# 64613: pex_tb.PEX_RC.rc_rx_cmd_mem MemWr 0x00000000 @Addr = 0x00e
[64616] RC  RECEIVE PKT END  rc_rx_pkt_index 3
# 64621: pex_tb.PEX_RC.rc_rx_cmd_mem MemWr 0x00000000 @Addr = 0x00f
[64624] INFO:  EP -> RC Packet 3 Data Compare Start! RC MEM SADR : 0000000c RC PKTLEN 00000004 
# 
[64624] ERROR:  RC Received Packet 3 Not MATCHED.  
# 
[64624] INFO:  RC Packet 3 MEM SADR : 0000000c PKTLEN 00000004 
# 
[64624] RC Packet Length 4 
# 
[64624] RC Packet Header[0] = 34100000 
# 
[64624] RC Packet Header[1] = 118 
# 
[64624] RC Packet Header[2] = 0 
# 
[64624] RC Packet Header[3] = 0 
# 
[67800] RC  RECEIVE PKT BEGIN  rc_rx_pkt_index 4
# 67805: pex_tb.PEX_RC.rc_rx_cmd_mem MemWr 0x34100000 @Addr = 0x010
# 67813: pex_tb.PEX_RC.rc_rx_cmd_mem MemWr 0x00000118 @Addr = 0x011
# 67821: pex_tb.PEX_RC.rc_rx_cmd_mem MemWr 0x00000000 @Addr = 0x012
[67824] RC  RECEIVE PKT END  rc_rx_pkt_index 4
# 67829: pex_tb.PEX_RC.rc_rx_cmd_mem MemWr 0x00000000 @Addr = 0x013
[67832] INFO:  EP -> RC Packet 4 Data Compare Start! RC MEM SADR : 00000010 RC PKTLEN 00000004 
# 
[67832] ERROR:  RC Received Packet 4 Not MATCHED.  
# 
[67832] INFO:  RC Packet 4 MEM SADR : 00000010 PKTLEN 00000004 
# 
[67832] RC Packet Length 4 
# 
[67832] RC Packet Header[0] = 34100000 
# 
[67832] RC Packet Header[1] = 118 
# 
[67832] RC Packet Header[2] = 0 
# 
[67832] RC Packet Header[3] = 0 
# 
[68008] RC  RECEIVE PKT BEGIN  rc_rx_pkt_index 5
# 68013: pex_tb.PEX_RC.rc_rx_cmd_mem MemWr 0x34100000 @Addr = 0x014
# 68021: pex_tb.PEX_RC.rc_rx_cmd_mem MemWr 0x00000118 @Addr = 0x015
# 68029: pex_tb.PEX_RC.rc_rx_cmd_mem MemWr 0x00000000 @Addr = 0x016
[68032] RC  RECEIVE PKT END  rc_rx_pkt_index 5
# 68037: pex_tb.PEX_RC.rc_rx_cmd_mem MemWr 0x00000000 @Addr = 0x017
[68040] INFO:  EP -> RC Packet 5 Data Compare Start! RC MEM SADR : 00000014 RC PKTLEN 00000004 
# 
[68040] ERROR:  RC Received Packet 5 Not MATCHED.  
# 
[68040] INFO:  RC Packet 5 MEM SADR : 00000014 PKTLEN 00000004 
# 
[68040] RC Packet Length 4 
# 
[68040] RC Packet Header[0] = 34100000 
# 
[68040] RC Packet Header[1] = 118 
# 
[68040] RC Packet Header[2] = 0 
# 
[68040] RC Packet Header[3] = 0 
# 
[68216] RC  RECEIVE PKT BEGIN  rc_rx_pkt_index 6
# 68221: pex_tb.PEX_RC.rc_rx_cmd_mem MemWr 0x34100000 @Addr = 0x018
# 68229: pex_tb.PEX_RC.rc_rx_cmd_mem MemWr 0x00000118 @Addr = 0x019
# 68237: pex_tb.PEX_RC.rc_rx_cmd_mem MemWr 0x00000000 @Addr = 0x01a
[68240] RC  RECEIVE PKT END  rc_rx_pkt_index 6
# 68245: pex_tb.PEX_RC.rc_rx_cmd_mem MemWr 0x00000000 @Addr = 0x01b
[68248] INFO:  EP -> RC Packet 6 Data Compare Start! RC MEM SADR : 00000018 RC PKTLEN 00000004 
# 
[68248] ERROR:  RC Received Packet 6 Not MATCHED.  
# 
[68248] INFO:  RC Packet 6 MEM SADR : 00000018 PKTLEN 00000004 
# 
[68248] RC Packet Length 4 
# 
[68248] RC Packet Header[0] = 34100000 
# 
[68248] RC Packet Header[1] = 118 
# 
[68248] RC Packet Header[2] = 0 
# 
[68248] RC Packet Header[3] = 0 
# 
[68424] RC  RECEIVE PKT BEGIN  rc_rx_pkt_index 7
# 68429: pex_tb.PEX_RC.rc_rx_cmd_mem MemWr 0x34100000 @Addr = 0x01c
# 68437: pex_tb.PEX_RC.rc_rx_cmd_mem MemWr 0x00000118 @Addr = 0x01d
# 68445: pex_tb.PEX_RC.rc_rx_cmd_mem MemWr 0x00000000 @Addr = 0x01e
[68448] RC  RECEIVE PKT END  rc_rx_pkt_index 7
# 68453: pex_tb.PEX_RC.rc_rx_cmd_mem MemWr 0x00000000 @Addr = 0x01f
[68456] INFO:  EP -> RC Packet 7 Data Compare Start! RC MEM SADR : 0000001c RC PKTLEN 00000004 
# 
[68456] ERROR:  RC Received Packet 7 Not MATCHED.  
# 
[68456] INFO:  RC Packet 7 MEM SADR : 0000001c PKTLEN 00000004 
# 
[68456] RC Packet Length 4 
# 
[68456] RC Packet Header[0] = 34100000 
# 
[68456] RC Packet Header[1] = 118 
# 
[68456] RC Packet Header[2] = 0 
# 
[68456] RC Packet Header[3] = 0 
# 
[72192] RC  RECEIVE PKT BEGIN  rc_rx_pkt_index 8
# 72197: pex_tb.PEX_RC.rc_rx_cmd_mem MemWr 0x34100000 @Addr = 0x020
# 72205: pex_tb.PEX_RC.rc_rx_cmd_mem MemWr 0x00000118 @Addr = 0x021
# 72213: pex_tb.PEX_RC.rc_rx_cmd_mem MemWr 0x00000000 @Addr = 0x022
[72216] RC  RECEIVE PKT END  rc_rx_pkt_index 8
# 72221: pex_tb.PEX_RC.rc_rx_cmd_mem MemWr 0x00000000 @Addr = 0x023
[72224] INFO:  EP -> RC Packet 0 Data Compare Start! RC MEM SADR : 00000020 RC PKTLEN 00000004 
# 
[72224] ERROR:  RC Received Packet 8 Not MATCHED.  
# 
[72224] INFO:  RC Packet 8 MEM SADR : 00000020 PKTLEN 00000004 
# 
[72224] RC Packet Length 4 
# 
[72224] RC Packet Header[0] = 34100000 
# 
[72224] RC Packet Header[1] = 118 
# 
[72224] RC Packet Header[2] = 0 
# 
[72224] RC Packet Header[3] = 0 
# 
[91400] RC  RECEIVE PKT BEGIN  rc_rx_pkt_index 9
# 91405: pex_tb.PEX_RC.rc_rx_cmd_mem MemWr 0x34100000 @Addr = 0x024
# 91413: pex_tb.PEX_RC.rc_rx_cmd_mem MemWr 0x00000118 @Addr = 0x025
# 91421: pex_tb.PEX_RC.rc_rx_cmd_mem MemWr 0x00000000 @Addr = 0x026
[91424] RC  RECEIVE PKT END  rc_rx_pkt_index 9
# 91429: pex_tb.PEX_RC.rc_rx_cmd_mem MemWr 0x00000000 @Addr = 0x027
[91432] INFO:  EP -> RC Packet 1 Data Compare Start! RC MEM SADR : 00000024 RC PKTLEN 00000004 
# 
[91432] ERROR:  RC Received Packet 9 Not MATCHED.  
# 
[91432] INFO:  RC Packet 9 MEM SADR : 00000024 PKTLEN 00000004 
# 
[91432] RC Packet Length 4 
# 
[91432] RC Packet Header[0] = 34100000 
# 
[91432] RC Packet Header[1] = 118 
# 
[91432] RC Packet Header[2] = 0 
# 
[91432] RC Packet Header[3] = 0 
# 
[91608] RC  RECEIVE PKT BEGIN  rc_rx_pkt_index a
# 91613: pex_tb.PEX_RC.rc_rx_cmd_mem MemWr 0x34100000 @Addr = 0x028
# 91621: pex_tb.PEX_RC.rc_rx_cmd_mem MemWr 0x00000118 @Addr = 0x029
# 91629: pex_tb.PEX_RC.rc_rx_cmd_mem MemWr 0x00000000 @Addr = 0x02a
[91632] RC  RECEIVE PKT END  rc_rx_pkt_index a
# 91637: pex_tb.PEX_RC.rc_rx_cmd_mem MemWr 0x00000000 @Addr = 0x02b
[91640] INFO:  EP -> RC Packet 2 Data Compare Start! RC MEM SADR : 00000028 RC PKTLEN 00000004 
# 
[91640] ERROR:  RC Received Packet a Not MATCHED.  
# 
[91640] INFO:  RC Packet a MEM SADR : 00000028 PKTLEN 00000004 
# 
[91640] RC Packet Length 4 
# 
[91640] RC Packet Header[0] = 34100000 
# 
[91640] RC Packet Header[1] = 118 
# 
[91640] RC Packet Header[2] = 0 
# 
[91640] RC Packet Header[3] = 0 
# 
[91816] RC  RECEIVE PKT BEGIN  rc_rx_pkt_index b
# 91821: pex_tb.PEX_RC.rc_rx_cmd_mem MemWr 0x34100000 @Addr = 0x02c
# 91829: pex_tb.PEX_RC.rc_rx_cmd_mem MemWr 0x00000118 @Addr = 0x02d
# 91837: pex_tb.PEX_RC.rc_rx_cmd_mem MemWr 0x00000000 @Addr = 0x02e
[91840] RC  RECEIVE PKT END  rc_rx_pkt_index b
# 91845: pex_tb.PEX_RC.rc_rx_cmd_mem MemWr 0x00000000 @Addr = 0x02f
[91848] INFO:  EP -> RC Packet 3 Data Compare Start! RC MEM SADR : 0000002c RC PKTLEN 00000004 
# 
[91848] ERROR:  RC Received Packet b Not MATCHED.  
# 
[91848] INFO:  RC Packet b MEM SADR : 0000002c PKTLEN 00000004 
# 
[91848] RC Packet Length 4 
# 
[91848] RC Packet Header[0] = 34100000 
# 
[91848] RC Packet Header[1] = 118 
# 
[91848] RC Packet Header[2] = 0 
# 
[91848] RC Packet Header[3] = 0 
# 
[92688] RC  RECEIVE PKT BEGIN  rc_rx_pkt_index c
# 92693: pex_tb.PEX_RC.rc_rx_cmd_mem MemWr 0x34100000 @Addr = 0x030
# 92701: pex_tb.PEX_RC.rc_rx_cmd_mem MemWr 0x00000118 @Addr = 0x031
# 92709: pex_tb.PEX_RC.rc_rx_cmd_mem MemWr 0x00000000 @Addr = 0x032
[92712] RC  RECEIVE PKT END  rc_rx_pkt_index c
# 92717: pex_tb.PEX_RC.rc_rx_cmd_mem MemWr 0x00000000 @Addr = 0x033
[92720] INFO:  EP -> RC Packet 4 Data Compare Start! RC MEM SADR : 00000030 RC PKTLEN 00000004 
# 
[92720] ERROR:  RC Received Packet c Not MATCHED.  
# 
[92720] INFO:  RC Packet c MEM SADR : 00000030 PKTLEN 00000004 
# 
[92720] RC Packet Length 4 
# 
[92720] RC Packet Header[0] = 34100000 
# 
[92720] RC Packet Header[1] = 118 
# 
[92720] RC Packet Header[2] = 0 
# 
[92720] RC Packet Header[3] = 0 
# 
[93084] Pkt Count Mismatch EP Transmitted = 0x1  RC Received = 0xd  
# 
# Checking for Left over packets in TX array 
# 
[93084] TEST FAILED 
# 
[95696] RC  RECEIVE PKT BEGIN  rc_rx_pkt_index d
# 95701: pex_tb.PEX_RC.rc_rx_cmd_mem MemWr 0x34100000 @Addr = 0x034
# 95709: pex_tb.PEX_RC.rc_rx_cmd_mem MemWr 0x00000118 @Addr = 0x035
# 95717: pex_tb.PEX_RC.rc_rx_cmd_mem MemWr 0x00000000 @Addr = 0x036
[95720] RC  RECEIVE PKT END  rc_rx_pkt_index d
# 95725: pex_tb.PEX_RC.rc_rx_cmd_mem MemWr 0x00000000 @Addr = 0x037
[95728] INFO:  EP -> RC Packet 5 Data Compare Start! RC MEM SADR : 00000034 RC PKTLEN 00000004 
# 
[95728] ERROR:  RC Received Packet d Not MATCHED.  
# 
[95728] INFO:  RC Packet d MEM SADR : 00000034 PKTLEN 00000004 
# 
[95728] RC Packet Length 4 
# 
[95728] RC Packet Header[0] = 34100000 
# 
[95728] RC Packet Header[1] = 118 
# 
[95728] RC Packet Header[2] = 0 
# 
[95728] RC Packet Header[3] = 0 
# 
[115984] RC  RECEIVE PKT BEGIN  rc_rx_pkt_index e
# 115989: pex_tb.PEX_RC.rc_rx_cmd_mem MemWr 0x34100000 @Addr = 0x038
# 115997: pex_tb.PEX_RC.rc_rx_cmd_mem MemWr 0x00000118 @Addr = 0x039
# 116005: pex_tb.PEX_RC.rc_rx_cmd_mem MemWr 0x00000000 @Addr = 0x03a
[116008] RC  RECEIVE PKT END  rc_rx_pkt_index e
# 116013: pex_tb.PEX_RC.rc_rx_cmd_mem MemWr 0x00000000 @Addr = 0x03b
[116016] INFO:  EP -> RC Packet 6 Data Compare Start! RC MEM SADR : 00000038 RC PKTLEN 00000004 
# 
[116016] ERROR:  RC Received Packet e Not MATCHED.  
# 
[116016] INFO:  RC Packet e MEM SADR : 00000038 PKTLEN 00000004 
# 
[116016] RC Packet Length 4 
# 
[116016] RC Packet Header[0] = 34100000 
# 
[116016] RC Packet Header[1] = 118 
# 
[116016] RC Packet Header[2] = 0 
# 
[116016] RC Packet Header[3] = 0 
# 
[116192] RC  RECEIVE PKT BEGIN  rc_rx_pkt_index f
# 116197: pex_tb.PEX_RC.rc_rx_cmd_mem MemWr 0x34100000 @Addr = 0x03c
# 116205: pex_tb.PEX_RC.rc_rx_cmd_mem MemWr 0x00000118 @Addr = 0x03d
# 116213: pex_tb.PEX_RC.rc_rx_cmd_mem MemWr 0x00000000 @Addr = 0x03e
[116216] RC  RECEIVE PKT END  rc_rx_pkt_index f
# 116221: pex_tb.PEX_RC.rc_rx_cmd_mem MemWr 0x00000000 @Addr = 0x03f
[116224] INFO:  EP -> RC Packet 7 Data Compare Start! RC MEM SADR : 0000003c RC PKTLEN 00000004 
# 
[116224] ERROR:  RC Received Packet f Not MATCHED.  
# 
[116224] INFO:  RC Packet f MEM SADR : 0000003c PKTLEN 00000004 
# 
[116224] RC Packet Length 4 
# 
[116224] RC Packet Header[0] = 34100000 
# 
[116224] RC Packet Header[1] = 118 
# 
[116224] RC Packet Header[2] = 0 
# 
[116224] RC Packet Header[3] = 0 
# 
[116400] RC  RECEIVE PKT BEGIN  rc_rx_pkt_index 10
# 116405: pex_tb.PEX_RC.rc_rx_cmd_mem MemWr 0x34100000 @Addr = 0x040
# 116413: pex_tb.PEX_RC.rc_rx_cmd_mem MemWr 0x00000118 @Addr = 0x041
# 116421: pex_tb.PEX_RC.rc_rx_cmd_mem MemWr 0x00000000 @Addr = 0x042
[116424] RC  RECEIVE PKT END  rc_rx_pkt_index 10
# 116429: pex_tb.PEX_RC.rc_rx_cmd_mem MemWr 0x00000000 @Addr = 0x043
[116432] INFO:  EP -> RC Packet 0 Data Compare Start! RC MEM SADR : 00000040 RC PKTLEN 00000004 
# 
[116432] ERROR:  RC Received Packet 10 Not MATCHED.  
# 
[116432] INFO:  RC Packet 10 MEM SADR : 00000040 PKTLEN 00000004 
# 
[116432] RC Packet Length 4 
# 
[116432] RC Packet Header[0] = 34100000 
# 
[116432] RC Packet Header[1] = 118 
# 
[116432] RC Packet Header[2] = 0 
# 
[116432] RC Packet Header[3] = 0 
# 
[117272] RC  RECEIVE PKT BEGIN  rc_rx_pkt_index 11
# 117277: pex_tb.PEX_RC.rc_rx_cmd_mem MemWr 0x34100000 @Addr = 0x044
# 117285: pex_tb.PEX_RC.rc_rx_cmd_mem MemWr 0x00000118 @Addr = 0x045
# 117293: pex_tb.PEX_RC.rc_rx_cmd_mem MemWr 0x00000000 @Addr = 0x046
[117296] RC  RECEIVE PKT END  rc_rx_pkt_index 11
# 117301: pex_tb.PEX_RC.rc_rx_cmd_mem MemWr 0x00000000 @Addr = 0x047
[117304] INFO:  EP -> RC Packet 1 Data Compare Start! RC MEM SADR : 00000044 RC PKTLEN 00000004 
# 
[117304] ERROR:  RC Received Packet 11 Not MATCHED.  
# 
[117304] INFO:  RC Packet 11 MEM SADR : 00000044 PKTLEN 00000004 
# 
[117304] RC Packet Length 4 
# 
[117304] RC Packet Header[0] = 34100000 
# 
[117304] RC Packet Header[1] = 118 
# 
[117304] RC Packet Header[2] = 0 
# 
[117304] RC Packet Header[3] = 0 
# 
[120280] RC  RECEIVE PKT BEGIN  rc_rx_pkt_index 12
# 120285: pex_tb.PEX_RC.rc_rx_cmd_mem MemWr 0x34100000 @Addr = 0x048
# 120293: pex_tb.PEX_RC.rc_rx_cmd_mem MemWr 0x00000118 @Addr = 0x049
# 120301: pex_tb.PEX_RC.rc_rx_cmd_mem MemWr 0x00000000 @Addr = 0x04a
[120304] RC  RECEIVE PKT END  rc_rx_pkt_index 12
# 120309: pex_tb.PEX_RC.rc_rx_cmd_mem MemWr 0x00000000 @Addr = 0x04b
[120312] INFO:  EP -> RC Packet 2 Data Compare Start! RC MEM SADR : 00000048 RC PKTLEN 00000004 
# 
[120312] ERROR:  RC Received Packet 12 Not MATCHED.  
# 
[120312] INFO:  RC Packet 12 MEM SADR : 00000048 PKTLEN 00000004 
# 
[120312] RC Packet Length 4 
# 
[120312] RC Packet Header[0] = 34100000 
# 
[120312] RC Packet Header[1] = 118 
# 
[120312] RC Packet Header[2] = 0 
# 
[120312] RC Packet Header[3] = 0 
# 
[133084] Simulation DONE
# 
# ** Note: $finish    : ./../tb/pex_tb.v(634)
#    Time: 134684 ns  Iteration: 0  Instance: /pex_tb
