# vsim -do vsim.do -c -suppress 4029 -novopt pex_tb 
# //  QuestaSim 6.3a Jun 25 2007 Linux 2.4.18-3smp
# //
# //  Copyright 1991-2007 Mentor Graphics Corporation
# //              All Rights Reserved.
# //
# //  THIS WORK CONTAINS TRADE SECRET AND 
# //  PROPRIETARY INFORMATION WHICH IS THE PROPERTY
# //  OF MENTOR GRAPHICS CORPORATION OR ITS LICENSORS
# //  AND IS SUBJECT TO LICENSE TERMS.
# //
# Refreshing /home/chandra/pcixp/pcixp_rev1_cvs_latest/VlogSim/run/work.pex_tb
# Loading work.pex_tb
# Refreshing /home/chandra/pcixp/pcixp_rev1_cvs_latest/VlogSim/run/work.PexRc
# Loading work.PexRc
# Refreshing /home/chandra/pcixp/pcixp_rev1_cvs_latest/VlogSim/run/work.pcixp_rc
# Loading work.pcixp_rc
# Refreshing /home/chandra/pcixp/pcixp_rev1_cvs_latest/VlogSim/run/work.pcixp_tl
# Loading work.pcixp_tl
# Loading work.tlrx
# Refreshing /home/chandra/pcixp/pcixp_rev1_cvs_latest/VlogSim/run/work.sfMxN
# Loading work.sfMxN
# Refreshing /home/chandra/pcixp/pcixp_rev1_cvs_latest/VlogSim/run/work.xpmem
# Loading work.xpmem
# Refreshing /home/chandra/pcixp/pcixp_rev1_cvs_latest/VlogSim/run/work.tltx_arb
# Loading work.tltx_arb
# Refreshing /home/chandra/pcixp/pcixp_rev1_cvs_latest/VlogSim/run/work.tltx_top
# Loading work.tltx_top
# Refreshing /home/chandra/pcixp/pcixp_rev1_cvs_latest/VlogSim/run/work.tltx_bridge
# Loading work.tltx_bridge
# Refreshing /home/chandra/pcixp/pcixp_rev1_cvs_latest/VlogSim/run/work.tltx_router
# Loading work.tltx_router
# Refreshing /home/chandra/pcixp/pcixp_rev1_cvs_latest/VlogSim/run/work.tltx_tcm
# Loading work.tltx_tcm
# Refreshing /home/chandra/pcixp/pcixp_rev1_cvs_latest/VlogSim/run/work.tltx_tc
# Loading work.tltx_tc
# Refreshing /home/chandra/pcixp/pcixp_rev1_cvs_latest/VlogSim/run/work.tltx_vc2tcmap
# Loading work.tltx_vc2tcmap
# Refreshing /home/chandra/pcixp/pcixp_rev1_cvs_latest/VlogSim/run/work.tltx_fcm
# Loading work.tltx_fcm
# Refreshing /home/chandra/pcixp/pcixp_rev1_cvs_latest/VlogSim/run/work.tltx_fc
# Loading work.tltx_fc
# Refreshing /home/chandra/pcixp/pcixp_rev1_cvs_latest/VlogSim/run/work.tltx_assembler
# Loading work.tltx_assembler
# Refreshing /home/chandra/pcixp/pcixp_rev1_cvs_latest/VlogSim/run/work.lcrc32
# Loading work.lcrc32
# Refreshing /home/chandra/pcixp/pcixp_rev1_cvs_latest/VlogSim/run/work.pcixp_dll
# Loading work.pcixp_dll
# Refreshing /home/chandra/pcixp/pcixp_rev1_cvs_latest/VlogSim/run/work.dltx_assembler
# Loading work.dltx_assembler
# Refreshing /home/chandra/pcixp/pcixp_rev1_cvs_latest/VlogSim/run/work.crc16
# Loading work.crc16
# Refreshing /home/chandra/pcixp/pcixp_rev1_cvs_latest/VlogSim/run/work.dltx_scheduler
# Loading work.dltx_scheduler
# Refreshing /home/chandra/pcixp/pcixp_rev1_cvs_latest/VlogSim/run/work.dltx_rty
# Loading work.dltx_rty
# Refreshing /home/chandra/pcixp/pcixp_rev1_cvs_latest/VlogSim/run/work.dltx_retire
# Loading work.dltx_retire
# Refreshing /home/chandra/pcixp/pcixp_rev1_cvs_latest/VlogSim/run/work.dltx_tlp
# Loading work.dltx_tlp
# Refreshing /home/chandra/pcixp/pcixp_rev1_cvs_latest/VlogSim/run/work.dltx_dllp
# Loading work.dltx_dllp
# Refreshing /home/chandra/pcixp/pcixp_rev1_cvs_latest/VlogSim/run/work.dltx_cntr
# Loading work.dltx_cntr
# Refreshing /home/chandra/pcixp/pcixp_rev1_cvs_latest/VlogSim/run/work.dlrx_tlp
# Loading work.dlrx_tlp
# Refreshing /home/chandra/pcixp/pcixp_rev1_cvs_latest/VlogSim/run/work.dlrx_dllp
# Loading work.dlrx_dllp
# Refreshing /home/chandra/pcixp/pcixp_rev1_cvs_latest/VlogSim/run/work.dlcmsm
# Loading work.dlcmsm
# Refreshing /home/chandra/pcixp/pcixp_rev1_cvs_latest/VlogSim/run/work.fcinit
# Loading work.fcinit
# Refreshing /home/chandra/pcixp/pcixp_rev1_cvs_latest/VlogSim/run/work.pcixp_pl
# Loading work.pcixp_pl
# Refreshing /home/chandra/pcixp/pcixp_rev1_cvs_latest/VlogSim/run/work.pl_ltssm
# Loading work.pl_ltssm
# Refreshing /home/chandra/pcixp/pcixp_rev1_cvs_latest/VlogSim/run/work.pl_det_ssm
# Loading work.pl_det_ssm
# Refreshing /home/chandra/pcixp/pcixp_rev1_cvs_latest/VlogSim/run/work.pl_pol_ssm
# Loading work.pl_pol_ssm
# Refreshing /home/chandra/pcixp/pcixp_rev1_cvs_latest/VlogSim/run/work.pl_l0s_ssm
# Loading work.pl_l0s_ssm
# Refreshing /home/chandra/pcixp/pcixp_rev1_cvs_latest/VlogSim/run/work.pl_dsb_ssm
# Loading work.pl_dsb_ssm
# Refreshing /home/chandra/pcixp/pcixp_rev1_cvs_latest/VlogSim/run/work.pl_hrst_ssm
# Loading work.pl_hrst_ssm
# Refreshing /home/chandra/pcixp/pcixp_rev1_cvs_latest/VlogSim/run/work.pl_cfg_ssm
# Loading work.pl_cfg_ssm
# Refreshing /home/chandra/pcixp/pcixp_rev1_cvs_latest/VlogSim/run/work.pl_rec_ssm
# Loading work.pl_rec_ssm
# Refreshing /home/chandra/pcixp/pcixp_rev1_cvs_latest/VlogSim/run/work.pl_framer
# Loading work.pl_framer
# Refreshing /home/chandra/pcixp/pcixp_rev1_cvs_latest/VlogSim/run/work.pl_scrm
# Loading work.pl_scrm
# Refreshing /home/chandra/pcixp/pcixp_rev1_cvs_latest/VlogSim/run/work.pl_descrm
# Loading work.pl_descrm
# Refreshing /home/chandra/pcixp/pcixp_rev1_cvs_latest/VlogSim/run/work.pl_deframer
# Loading work.pl_deframer
# Refreshing /home/chandra/pcixp/pcixp_rev1_cvs_latest/VlogSim/run/work.pi_cfg
# Loading work.pi_cfg
# Refreshing /home/chandra/pcixp/pcixp_rev1_cvs_latest/VlogSim/run/work.pi_arbiter
# Loading work.pi_arbiter
# Refreshing /home/chandra/pcixp/pcixp_rev1_cvs_latest/VlogSim/run/work.pipe8or16
# Loading work.pipe8or16
# Refreshing /home/chandra/pcixp/pcixp_rev1_cvs_latest/VlogSim/run/work.interface_monitor
# Loading work.interface_monitor
# Refreshing /home/chandra/pcixp/pcixp_rev1_cvs_latest/VlogSim/run/work.pm_disp
# Loading work.pm_disp
# Refreshing /home/chandra/pcixp/pcixp_rev1_cvs_latest/VlogSim/run/work.mem_model
# Loading work.mem_model
# Refreshing /home/chandra/pcixp/pcixp_rev1_cvs_latest/VlogSim/run/work.PexEp
# Loading work.PexEp
# Refreshing /home/chandra/pcixp/pcixp_rev1_cvs_latest/VlogSim/run/work.pcixp_ep
# Loading work.pcixp_ep
# Refreshing /home/chandra/pcixp/pcixp_rev1_cvs_latest/VlogSim/run/work.pex_mem_agent
# Loading work.pex_mem_agent
# do vsim.do 
# resume
#  
# 
#  Time = @[60452] The value of din at Address = 5800  of reg_set ( EP -> RC ) = 00000001 
#  
# 
#  Time = @[60876] The value of din at Address = 5800  of reg_set ( RC -> EP ) = 00000001 
# 
# 		 RC Compliance Test TXN.2.16#5 
#  
[60876] Preparing the MSG  Packet Header hdw0: 34100000 hdw1: 00000130 hdw2: 00000000 hdw3: 00000000 
# 
[60956] EP TX BEGIN, PKT WITH DIRECT DATA ep_tx_pkt_index 0 
[60988] EP TX END, PKT WITH DIRECT DATA ep_tx_pkt_index 0 
[60996] EP  Initializing ep_tx_pkt_len_array single index 0 => hlen 4 dlen 0 hlen+dlen 4
[60996] EP  Loading EP Tx Mem  index 0 addr 0 hdw0 34100000 
[60996] EP  Loading EP Tx Mem  index 0 addr 1 hdw1 130 
[60996] EP  Loading EP Tx Mem  index 0 addr 2 hdw1 0 
[60996] EP  Loading EP Tx Mem  index 0 addr 3 hdw3 0 
#  Time = @[61044] The value of dout at Address = 5804  of reg_get ( RC -> EP ) 
#  Actual Data :  00000000 
[61044] Malformed TLP status bit not set 
# 
#  Time = @[61084] The value of dout at Address = 5804  of reg_get ( RC -> EP ) 
#  Actual Data :  00000000 
# 
# 		 Loop Count idxi 0 lp_cnt 3  
#  
[61084] Preparing the MSG  Packet Header hdw0: 34200000 hdw1: 00000131 hdw2: 00000000 hdw3: 00000000 
# 
[61148] EP TX BEGIN, PKT WITH DIRECT DATA ep_tx_pkt_index 1 
[61180] EP TX END, PKT WITH DIRECT DATA ep_tx_pkt_index 1 
[61188] EP  Initializing ep_tx_pkt_len_array single index 1 => hlen 4 dlen 0 hlen+dlen 4
[61188] EP  Loading EP Tx Mem  index 1 addr 4 hdw0 34200000 
[61188] EP  Loading EP Tx Mem  index 1 addr 5 hdw1 131 
[61188] EP  Loading EP Tx Mem  index 1 addr 6 hdw1 0 
[61188] EP  Loading EP Tx Mem  index 1 addr 7 hdw3 0 
#  Time = @[61236] The value of dout at Address = 5804  of reg_get ( RC -> EP ) 
#  Actual Data :  00000000 
[61236] Malformed TLP status bit not set 
# 
#  Time = @[61276] The value of dout at Address = 5804  of reg_get ( RC -> EP ) 
#  Actual Data :  00000000 
# 
# 		 Loop Count idxi 1 lp_cnt 3  
#  
[61276] Preparing the MSG  Packet Header hdw0: 34300000 hdw1: 00000133 hdw2: 00000000 hdw3: 00000000 
# 
[61340] EP TX BEGIN, PKT WITH DIRECT DATA ep_tx_pkt_index 2 
[61372] EP TX END, PKT WITH DIRECT DATA ep_tx_pkt_index 2 
[61380] EP  Initializing ep_tx_pkt_len_array single index 2 => hlen 4 dlen 0 hlen+dlen 4
[61380] EP  Loading EP Tx Mem  index 2 addr 8 hdw0 34300000 
[61380] EP  Loading EP Tx Mem  index 2 addr 9 hdw1 133 
[61380] EP  Loading EP Tx Mem  index 2 addr a hdw1 0 
[61380] EP  Loading EP Tx Mem  index 2 addr b hdw3 0 
#  Time = @[61428] The value of dout at Address = 5804  of reg_get ( RC -> EP ) 
#  Actual Data :  00000000 
[61428] Malformed TLP status bit not set 
# 
#  Time = @[61468] The value of dout at Address = 5804  of reg_get ( RC -> EP ) 
#  Actual Data :  00000000 
# 
# 		 Loop Count idxi 2 lp_cnt 3  
#  
[61864] RC  RECEIVE PKT BEGIN  rc_rx_pkt_index 0
# 61869: pex_tb.PEX_RC.rc_rx_cmd_mem MemWr 0x34100000 @Addr = 0x000
# 61877: pex_tb.PEX_RC.rc_rx_cmd_mem MemWr 0x00000130 @Addr = 0x001
# 61885: pex_tb.PEX_RC.rc_rx_cmd_mem MemWr 0x00000000 @Addr = 0x002
[61888] RC  RECEIVE PKT END  rc_rx_pkt_index 0
# 61893: pex_tb.PEX_RC.rc_rx_cmd_mem MemWr 0x00000000 @Addr = 0x003
[61896] INFO:  EP -> RC Packet 0 Data Compare Start! RC MEM SADR : 00000000 RC PKTLEN 00000004 
# 
# PKT_DIFF (RC) : HdrLen = 4
# PKT_DIFF (RC) : Hdr[0] => Rx = 34100000, Exp = 34100000
# PKT_DIFF (RC) : Hdr[1] => Rx = 00000130, Exp = 00000130
# PKT_DIFF (RC) : Hdr[2] => Rx = 00000000, Exp = 00000000
# PKT_DIFF (RC) : Header Matched
# PKT_DIFF (RC) : PktLen => Rx = 4, Tx = 4
[61896] EP -> RC Packet 00000000 Data Compare passed! 
# 
# PKT_DIFF (RC) : Matched = 1, Passed = 1
[62072] RC  RECEIVE PKT BEGIN  rc_rx_pkt_index 1
# 62077: pex_tb.PEX_RC.rc_rx_cmd_mem MemWr 0x34200000 @Addr = 0x004
# 62085: pex_tb.PEX_RC.rc_rx_cmd_mem MemWr 0x00000131 @Addr = 0x005
# 62093: pex_tb.PEX_RC.rc_rx_cmd_mem MemWr 0x00000000 @Addr = 0x006
[62096] RC  RECEIVE PKT END  rc_rx_pkt_index 1
# 62101: pex_tb.PEX_RC.rc_rx_cmd_mem MemWr 0x00000000 @Addr = 0x007
[62104] INFO:  EP -> RC Packet 1 Data Compare Start! RC MEM SADR : 00000004 RC PKTLEN 00000004 
# 
# PKT_DIFF (RC) : HdrLen = 3
# PKT_DIFF (RC) : Hdr[0] => Rx = 34200000, Exp = 34200000
# PKT_DIFF (RC) : Hdr[1] => Rx = 00000131, Exp = 00000131
# PKT_DIFF (RC) : Header Matched
# PKT_DIFF (RC) : PktLen => Rx = 4, Tx = 4
[62104] EP -> RC Packet 00000001 Data Compare passed! 
# 
# PKT_DIFF (RC) : Matched = 1, Passed = 1
[62280] RC  RECEIVE PKT BEGIN  rc_rx_pkt_index 2
# 62285: pex_tb.PEX_RC.rc_rx_cmd_mem MemWr 0x34300000 @Addr = 0x008
# 62293: pex_tb.PEX_RC.rc_rx_cmd_mem MemWr 0x00000133 @Addr = 0x009
# 62301: pex_tb.PEX_RC.rc_rx_cmd_mem MemWr 0x00000000 @Addr = 0x00a
[62304] RC  RECEIVE PKT END  rc_rx_pkt_index 2
# 62309: pex_tb.PEX_RC.rc_rx_cmd_mem MemWr 0x00000000 @Addr = 0x00b
[62312] INFO:  EP -> RC Packet 2 Data Compare Start! RC MEM SADR : 00000008 RC PKTLEN 00000004 
# 
# PKT_DIFF (RC) : HdrLen = 3
# PKT_DIFF (RC) : Hdr[0] => Rx = 34300000, Exp = 34300000
# PKT_DIFF (RC) : Hdr[1] => Rx = 00000133, Exp = 00000133
# PKT_DIFF (RC) : Header Matched
# PKT_DIFF (RC) : PktLen => Rx = 4, Tx = 4
[62312] EP -> RC Packet 00000002 Data Compare passed! 
# 
# PKT_DIFF (RC) : Matched = 1, Passed = 1
[62912] RC  RECEIVE PKT BEGIN  rc_rx_pkt_index 3
# 62917: pex_tb.PEX_RC.rc_rx_cmd_mem MemWr 0x34100000 @Addr = 0x00c
# 62925: pex_tb.PEX_RC.rc_rx_cmd_mem MemWr 0x00000130 @Addr = 0x00d
# 62933: pex_tb.PEX_RC.rc_rx_cmd_mem MemWr 0x00000000 @Addr = 0x00e
[62936] RC  RECEIVE PKT END  rc_rx_pkt_index 3
# 62941: pex_tb.PEX_RC.rc_rx_cmd_mem MemWr 0x00000000 @Addr = 0x00f
[62944] INFO:  EP -> RC Packet 3 Data Compare Start! RC MEM SADR : 0000000c RC PKTLEN 00000004 
# 
[62944] ERROR:  RC Received Packet 3 Not MATCHED.  
# 
[62944] INFO:  RC Packet 3 MEM SADR : 0000000c PKTLEN 00000004 
# 
[62944] RC Packet Length 4 
# 
[62944] RC Packet Header[0] = 34100000 
# 
[62944] RC Packet Header[1] = 130 
# 
[62944] RC Packet Header[2] = 0 
# 
[62944] RC Packet Header[3] = 0 
# 
[67800] RC  RECEIVE PKT BEGIN  rc_rx_pkt_index 4
# 67805: pex_tb.PEX_RC.rc_rx_cmd_mem MemWr 0x34200000 @Addr = 0x010
# 67813: pex_tb.PEX_RC.rc_rx_cmd_mem MemWr 0x00000131 @Addr = 0x011
# 67821: pex_tb.PEX_RC.rc_rx_cmd_mem MemWr 0x00000000 @Addr = 0x012
[67824] RC  RECEIVE PKT END  rc_rx_pkt_index 4
# 67829: pex_tb.PEX_RC.rc_rx_cmd_mem MemWr 0x00000000 @Addr = 0x013
[67832] INFO:  EP -> RC Packet 4 Data Compare Start! RC MEM SADR : 00000010 RC PKTLEN 00000004 
# 
[67832] ERROR:  RC Received Packet 4 Not MATCHED.  
# 
[67832] INFO:  RC Packet 4 MEM SADR : 00000010 PKTLEN 00000004 
# 
[67832] RC Packet Length 4 
# 
[67832] RC Packet Header[0] = 34200000 
# 
[67832] RC Packet Header[1] = 131 
# 
[67832] RC Packet Header[2] = 0 
# 
[67832] RC Packet Header[3] = 0 
# 
[68008] RC  RECEIVE PKT BEGIN  rc_rx_pkt_index 5
# 68013: pex_tb.PEX_RC.rc_rx_cmd_mem MemWr 0x34300000 @Addr = 0x014
# 68021: pex_tb.PEX_RC.rc_rx_cmd_mem MemWr 0x00000133 @Addr = 0x015
# 68029: pex_tb.PEX_RC.rc_rx_cmd_mem MemWr 0x00000000 @Addr = 0x016
[68032] RC  RECEIVE PKT END  rc_rx_pkt_index 5
# 68037: pex_tb.PEX_RC.rc_rx_cmd_mem MemWr 0x00000000 @Addr = 0x017
[68040] INFO:  EP -> RC Packet 5 Data Compare Start! RC MEM SADR : 00000014 RC PKTLEN 00000004 
# 
[68040] ERROR:  RC Received Packet 5 Not MATCHED.  
# 
[68040] INFO:  RC Packet 5 MEM SADR : 00000014 PKTLEN 00000004 
# 
[68040] RC Packet Length 4 
# 
[68040] RC Packet Header[0] = 34300000 
# 
[68040] RC Packet Header[1] = 133 
# 
[68040] RC Packet Header[2] = 0 
# 
[68040] RC Packet Header[3] = 0 
# 
[68216] RC  RECEIVE PKT BEGIN  rc_rx_pkt_index 6
# 68221: pex_tb.PEX_RC.rc_rx_cmd_mem MemWr 0x34100000 @Addr = 0x018
# 68229: pex_tb.PEX_RC.rc_rx_cmd_mem MemWr 0x00000130 @Addr = 0x019
# 68237: pex_tb.PEX_RC.rc_rx_cmd_mem MemWr 0x00000000 @Addr = 0x01a
[68240] RC  RECEIVE PKT END  rc_rx_pkt_index 6
# 68245: pex_tb.PEX_RC.rc_rx_cmd_mem MemWr 0x00000000 @Addr = 0x01b
[68248] INFO:  EP -> RC Packet 6 Data Compare Start! RC MEM SADR : 00000018 RC PKTLEN 00000004 
# 
[68248] ERROR:  RC Received Packet 6 Not MATCHED.  
# 
[68248] INFO:  RC Packet 6 MEM SADR : 00000018 PKTLEN 00000004 
# 
[68248] RC Packet Length 4 
# 
[68248] RC Packet Header[0] = 34100000 
# 
[68248] RC Packet Header[1] = 130 
# 
[68248] RC Packet Header[2] = 0 
# 
[68248] RC Packet Header[3] = 0 
# 
[68424] RC  RECEIVE PKT BEGIN  rc_rx_pkt_index 7
# 68429: pex_tb.PEX_RC.rc_rx_cmd_mem MemWr 0x34200000 @Addr = 0x01c
# 68437: pex_tb.PEX_RC.rc_rx_cmd_mem MemWr 0x00000131 @Addr = 0x01d
# 68445: pex_tb.PEX_RC.rc_rx_cmd_mem MemWr 0x00000000 @Addr = 0x01e
[68448] RC  RECEIVE PKT END  rc_rx_pkt_index 7
# 68453: pex_tb.PEX_RC.rc_rx_cmd_mem MemWr 0x00000000 @Addr = 0x01f
[68456] INFO:  EP -> RC Packet 7 Data Compare Start! RC MEM SADR : 0000001c RC PKTLEN 00000004 
# 
[68456] ERROR:  RC Received Packet 7 Not MATCHED.  
# 
[68456] INFO:  RC Packet 7 MEM SADR : 0000001c PKTLEN 00000004 
# 
[68456] RC Packet Length 4 
# 
[68456] RC Packet Header[0] = 34200000 
# 
[68456] RC Packet Header[1] = 131 
# 
[68456] RC Packet Header[2] = 0 
# 
[68456] RC Packet Header[3] = 0 
# 
[72160] RC  RECEIVE PKT BEGIN  rc_rx_pkt_index 8
# 72165: pex_tb.PEX_RC.rc_rx_cmd_mem MemWr 0x34300000 @Addr = 0x020
# 72173: pex_tb.PEX_RC.rc_rx_cmd_mem MemWr 0x00000133 @Addr = 0x021
# 72181: pex_tb.PEX_RC.rc_rx_cmd_mem MemWr 0x00000000 @Addr = 0x022
[72184] RC  RECEIVE PKT END  rc_rx_pkt_index 8
# 72189: pex_tb.PEX_RC.rc_rx_cmd_mem MemWr 0x00000000 @Addr = 0x023
[72192] INFO:  EP -> RC Packet 0 Data Compare Start! RC MEM SADR : 00000020 RC PKTLEN 00000004 
# 
[72192] ERROR:  RC Received Packet 8 Not MATCHED.  
# 
[72192] INFO:  RC Packet 8 MEM SADR : 00000020 PKTLEN 00000004 
# 
[72192] RC Packet Length 4 
# 
[72192] RC Packet Header[0] = 34300000 
# 
[72192] RC Packet Header[1] = 133 
# 
[72192] RC Packet Header[2] = 0 
# 
[72192] RC Packet Header[3] = 0 
# 
[72368] RC  RECEIVE PKT BEGIN  rc_rx_pkt_index 9
# 72373: pex_tb.PEX_RC.rc_rx_cmd_mem MemWr 0x34100000 @Addr = 0x024
# 72381: pex_tb.PEX_RC.rc_rx_cmd_mem MemWr 0x00000130 @Addr = 0x025
# 72389: pex_tb.PEX_RC.rc_rx_cmd_mem MemWr 0x00000000 @Addr = 0x026
[72392] RC  RECEIVE PKT END  rc_rx_pkt_index 9
# 72397: pex_tb.PEX_RC.rc_rx_cmd_mem MemWr 0x00000000 @Addr = 0x027
[72400] INFO:  EP -> RC Packet 1 Data Compare Start! RC MEM SADR : 00000024 RC PKTLEN 00000004 
# 
[72400] ERROR:  RC Received Packet 9 Not MATCHED.  
# 
[72400] INFO:  RC Packet 9 MEM SADR : 00000024 PKTLEN 00000004 
# 
[72400] RC Packet Length 4 
# 
[72400] RC Packet Header[0] = 34100000 
# 
[72400] RC Packet Header[1] = 130 
# 
[72400] RC Packet Header[2] = 0 
# 
[72400] RC Packet Header[3] = 0 
# 
[72576] RC  RECEIVE PKT BEGIN  rc_rx_pkt_index a
# 72581: pex_tb.PEX_RC.rc_rx_cmd_mem MemWr 0x34200000 @Addr = 0x028
# 72589: pex_tb.PEX_RC.rc_rx_cmd_mem MemWr 0x00000131 @Addr = 0x029
# 72597: pex_tb.PEX_RC.rc_rx_cmd_mem MemWr 0x00000000 @Addr = 0x02a
[72600] RC  RECEIVE PKT END  rc_rx_pkt_index a
# 72605: pex_tb.PEX_RC.rc_rx_cmd_mem MemWr 0x00000000 @Addr = 0x02b
[72608] INFO:  EP -> RC Packet 2 Data Compare Start! RC MEM SADR : 00000028 RC PKTLEN 00000004 
# 
[72608] ERROR:  RC Received Packet a Not MATCHED.  
# 
[72608] INFO:  RC Packet a MEM SADR : 00000028 PKTLEN 00000004 
# 
[72608] RC Packet Length 4 
# 
[72608] RC Packet Header[0] = 34200000 
# 
[72608] RC Packet Header[1] = 131 
# 
[72608] RC Packet Header[2] = 0 
# 
[72608] RC Packet Header[3] = 0 
# 
[72784] RC  RECEIVE PKT BEGIN  rc_rx_pkt_index b
# 72789: pex_tb.PEX_RC.rc_rx_cmd_mem MemWr 0x34300000 @Addr = 0x02c
# 72797: pex_tb.PEX_RC.rc_rx_cmd_mem MemWr 0x00000133 @Addr = 0x02d
# 72805: pex_tb.PEX_RC.rc_rx_cmd_mem MemWr 0x00000000 @Addr = 0x02e
[72808] RC  RECEIVE PKT END  rc_rx_pkt_index b
# 72813: pex_tb.PEX_RC.rc_rx_cmd_mem MemWr 0x00000000 @Addr = 0x02f
[72816] INFO:  EP -> RC Packet 3 Data Compare Start! RC MEM SADR : 0000002c RC PKTLEN 00000004 
# 
[72816] ERROR:  RC Received Packet b Not MATCHED.  
# 
[72816] INFO:  RC Packet b MEM SADR : 0000002c PKTLEN 00000004 
# 
[72816] RC Packet Length 4 
# 
[72816] RC Packet Header[0] = 34300000 
# 
[72816] RC Packet Header[1] = 133 
# 
[72816] RC Packet Header[2] = 0 
# 
[72816] RC Packet Header[3] = 0 
# 
[76520] RC  RECEIVE PKT BEGIN  rc_rx_pkt_index c
# 76525: pex_tb.PEX_RC.rc_rx_cmd_mem MemWr 0x34100000 @Addr = 0x030
# 76533: pex_tb.PEX_RC.rc_rx_cmd_mem MemWr 0x00000130 @Addr = 0x031
# 76541: pex_tb.PEX_RC.rc_rx_cmd_mem MemWr 0x00000000 @Addr = 0x032
[76544] RC  RECEIVE PKT END  rc_rx_pkt_index c
# 76549: pex_tb.PEX_RC.rc_rx_cmd_mem MemWr 0x00000000 @Addr = 0x033
[76552] INFO:  EP -> RC Packet 4 Data Compare Start! RC MEM SADR : 00000030 RC PKTLEN 00000004 
# 
[76552] ERROR:  RC Received Packet c Not MATCHED.  
# 
[76552] INFO:  RC Packet c MEM SADR : 00000030 PKTLEN 00000004 
# 
[76552] RC Packet Length 4 
# 
[76552] RC Packet Header[0] = 34100000 
# 
[76552] RC Packet Header[1] = 130 
# 
[76552] RC Packet Header[2] = 0 
# 
[76552] RC Packet Header[3] = 0 
# 
[76728] RC  RECEIVE PKT BEGIN  rc_rx_pkt_index d
# 76733: pex_tb.PEX_RC.rc_rx_cmd_mem MemWr 0x34200000 @Addr = 0x034
# 76741: pex_tb.PEX_RC.rc_rx_cmd_mem MemWr 0x00000131 @Addr = 0x035
# 76749: pex_tb.PEX_RC.rc_rx_cmd_mem MemWr 0x00000000 @Addr = 0x036
[76752] RC  RECEIVE PKT END  rc_rx_pkt_index d
# 76757: pex_tb.PEX_RC.rc_rx_cmd_mem MemWr 0x00000000 @Addr = 0x037
[76760] INFO:  EP -> RC Packet 5 Data Compare Start! RC MEM SADR : 00000034 RC PKTLEN 00000004 
# 
[76760] ERROR:  RC Received Packet d Not MATCHED.  
# 
[76760] INFO:  RC Packet d MEM SADR : 00000034 PKTLEN 00000004 
# 
[76760] RC Packet Length 4 
# 
[76760] RC Packet Header[0] = 34200000 
# 
[76760] RC Packet Header[1] = 131 
# 
[76760] RC Packet Header[2] = 0 
# 
[76760] RC Packet Header[3] = 0 
# 
[76936] RC  RECEIVE PKT BEGIN  rc_rx_pkt_index e
# 76941: pex_tb.PEX_RC.rc_rx_cmd_mem MemWr 0x34300000 @Addr = 0x038
# 76949: pex_tb.PEX_RC.rc_rx_cmd_mem MemWr 0x00000133 @Addr = 0x039
# 76957: pex_tb.PEX_RC.rc_rx_cmd_mem MemWr 0x00000000 @Addr = 0x03a
[76960] RC  RECEIVE PKT END  rc_rx_pkt_index e
# 76965: pex_tb.PEX_RC.rc_rx_cmd_mem MemWr 0x00000000 @Addr = 0x03b
[76968] INFO:  EP -> RC Packet 6 Data Compare Start! RC MEM SADR : 00000038 RC PKTLEN 00000004 
# 
[76968] ERROR:  RC Received Packet e Not MATCHED.  
# 
[76968] INFO:  RC Packet e MEM SADR : 00000038 PKTLEN 00000004 
# 
[76968] RC Packet Length 4 
# 
[76968] RC Packet Header[0] = 34300000 
# 
[76968] RC Packet Header[1] = 133 
# 
[76968] RC Packet Header[2] = 0 
# 
[76968] RC Packet Header[3] = 0 
# 
[77144] RC  RECEIVE PKT BEGIN  rc_rx_pkt_index f
# 77149: pex_tb.PEX_RC.rc_rx_cmd_mem MemWr 0x34100000 @Addr = 0x03c
# 77157: pex_tb.PEX_RC.rc_rx_cmd_mem MemWr 0x00000130 @Addr = 0x03d
# 77165: pex_tb.PEX_RC.rc_rx_cmd_mem MemWr 0x00000000 @Addr = 0x03e
[77168] RC  RECEIVE PKT END  rc_rx_pkt_index f
# 77173: pex_tb.PEX_RC.rc_rx_cmd_mem MemWr 0x00000000 @Addr = 0x03f
[77176] INFO:  EP -> RC Packet 7 Data Compare Start! RC MEM SADR : 0000003c RC PKTLEN 00000004 
# 
[77176] ERROR:  RC Received Packet f Not MATCHED.  
# 
[77176] INFO:  RC Packet f MEM SADR : 0000003c PKTLEN 00000004 
# 
[77176] RC Packet Length 4 
# 
[77176] RC Packet Header[0] = 34100000 
# 
[77176] RC Packet Header[1] = 130 
# 
[77176] RC Packet Header[2] = 0 
# 
[77176] RC Packet Header[3] = 0 
# 
[80880] RC  RECEIVE PKT BEGIN  rc_rx_pkt_index 10
# 80885: pex_tb.PEX_RC.rc_rx_cmd_mem MemWr 0x34200000 @Addr = 0x040
# 80893: pex_tb.PEX_RC.rc_rx_cmd_mem MemWr 0x00000131 @Addr = 0x041
# 80901: pex_tb.PEX_RC.rc_rx_cmd_mem MemWr 0x00000000 @Addr = 0x042
[80904] RC  RECEIVE PKT END  rc_rx_pkt_index 10
# 80909: pex_tb.PEX_RC.rc_rx_cmd_mem MemWr 0x00000000 @Addr = 0x043
[80912] INFO:  EP -> RC Packet 0 Data Compare Start! RC MEM SADR : 00000040 RC PKTLEN 00000004 
# 
[80912] ERROR:  RC Received Packet 10 Not MATCHED.  
# 
[80912] INFO:  RC Packet 10 MEM SADR : 00000040 PKTLEN 00000004 
# 
[80912] RC Packet Length 4 
# 
[80912] RC Packet Header[0] = 34200000 
# 
[80912] RC Packet Header[1] = 131 
# 
[80912] RC Packet Header[2] = 0 
# 
[80912] RC Packet Header[3] = 0 
# 
[81088] RC  RECEIVE PKT BEGIN  rc_rx_pkt_index 11
# 81093: pex_tb.PEX_RC.rc_rx_cmd_mem MemWr 0x34300000 @Addr = 0x044
# 81101: pex_tb.PEX_RC.rc_rx_cmd_mem MemWr 0x00000133 @Addr = 0x045
# 81109: pex_tb.PEX_RC.rc_rx_cmd_mem MemWr 0x00000000 @Addr = 0x046
[81112] RC  RECEIVE PKT END  rc_rx_pkt_index 11
# 81117: pex_tb.PEX_RC.rc_rx_cmd_mem MemWr 0x00000000 @Addr = 0x047
[81120] INFO:  EP -> RC Packet 1 Data Compare Start! RC MEM SADR : 00000044 RC PKTLEN 00000004 
# 
[81120] ERROR:  RC Received Packet 11 Not MATCHED.  
# 
[81120] INFO:  RC Packet 11 MEM SADR : 00000044 PKTLEN 00000004 
# 
[81120] RC Packet Length 4 
# 
[81120] RC Packet Header[0] = 34300000 
# 
[81120] RC Packet Header[1] = 133 
# 
[81120] RC Packet Header[2] = 0 
# 
[81120] RC Packet Header[3] = 0 
# 
[81296] RC  RECEIVE PKT BEGIN  rc_rx_pkt_index 12
# 81301: pex_tb.PEX_RC.rc_rx_cmd_mem MemWr 0x34100000 @Addr = 0x048
# 81309: pex_tb.PEX_RC.rc_rx_cmd_mem MemWr 0x00000130 @Addr = 0x049
# 81317: pex_tb.PEX_RC.rc_rx_cmd_mem MemWr 0x00000000 @Addr = 0x04a
[81320] RC  RECEIVE PKT END  rc_rx_pkt_index 12
# 81325: pex_tb.PEX_RC.rc_rx_cmd_mem MemWr 0x00000000 @Addr = 0x04b
[81328] INFO:  EP -> RC Packet 2 Data Compare Start! RC MEM SADR : 00000048 RC PKTLEN 00000004 
# 
[81328] ERROR:  RC Received Packet 12 Not MATCHED.  
# 
[81328] INFO:  RC Packet 12 MEM SADR : 00000048 PKTLEN 00000004 
# 
[81328] RC Packet Length 4 
# 
[81328] RC Packet Header[0] = 34100000 
# 
[81328] RC Packet Header[1] = 130 
# 
[81328] RC Packet Header[2] = 0 
# 
[81328] RC Packet Header[3] = 0 
# 
[81504] RC  RECEIVE PKT BEGIN  rc_rx_pkt_index 13
# 81509: pex_tb.PEX_RC.rc_rx_cmd_mem MemWr 0x34200000 @Addr = 0x04c
# 81517: pex_tb.PEX_RC.rc_rx_cmd_mem MemWr 0x00000131 @Addr = 0x04d
# 81525: pex_tb.PEX_RC.rc_rx_cmd_mem MemWr 0x00000000 @Addr = 0x04e
[81528] RC  RECEIVE PKT END  rc_rx_pkt_index 13
# 81533: pex_tb.PEX_RC.rc_rx_cmd_mem MemWr 0x00000000 @Addr = 0x04f
[81536] INFO:  EP -> RC Packet 3 Data Compare Start! RC MEM SADR : 0000004c RC PKTLEN 00000004 
# 
[81536] ERROR:  RC Received Packet 13 Not MATCHED.  
# 
[81536] INFO:  RC Packet 13 MEM SADR : 0000004c PKTLEN 00000004 
# 
[81536] RC Packet Length 4 
# 
[81536] RC Packet Header[0] = 34200000 
# 
[81536] RC Packet Header[1] = 131 
# 
[81536] RC Packet Header[2] = 0 
# 
[81536] RC Packet Header[3] = 0 
# 
[85240] RC  RECEIVE PKT BEGIN  rc_rx_pkt_index 14
# 85245: pex_tb.PEX_RC.rc_rx_cmd_mem MemWr 0x34300000 @Addr = 0x050
# 85253: pex_tb.PEX_RC.rc_rx_cmd_mem MemWr 0x00000133 @Addr = 0x051
# 85261: pex_tb.PEX_RC.rc_rx_cmd_mem MemWr 0x00000000 @Addr = 0x052
[85264] RC  RECEIVE PKT END  rc_rx_pkt_index 14
# 85269: pex_tb.PEX_RC.rc_rx_cmd_mem MemWr 0x00000000 @Addr = 0x053
[85272] INFO:  EP -> RC Packet 4 Data Compare Start! RC MEM SADR : 00000050 RC PKTLEN 00000004 
# 
[85272] ERROR:  RC Received Packet 14 Not MATCHED.  
# 
[85272] INFO:  RC Packet 14 MEM SADR : 00000050 PKTLEN 00000004 
# 
[85272] RC Packet Length 4 
# 
[85272] RC Packet Header[0] = 34300000 
# 
[85272] RC Packet Header[1] = 133 
# 
[85272] RC Packet Header[2] = 0 
# 
[85272] RC Packet Header[3] = 0 
# 
[85448] RC  RECEIVE PKT BEGIN  rc_rx_pkt_index 15
# 85453: pex_tb.PEX_RC.rc_rx_cmd_mem MemWr 0x34100000 @Addr = 0x054
# 85461: pex_tb.PEX_RC.rc_rx_cmd_mem MemWr 0x00000130 @Addr = 0x055
# 85469: pex_tb.PEX_RC.rc_rx_cmd_mem MemWr 0x00000000 @Addr = 0x056
[85472] RC  RECEIVE PKT END  rc_rx_pkt_index 15
# 85477: pex_tb.PEX_RC.rc_rx_cmd_mem MemWr 0x00000000 @Addr = 0x057
[85480] INFO:  EP -> RC Packet 5 Data Compare Start! RC MEM SADR : 00000054 RC PKTLEN 00000004 
# 
[85480] ERROR:  RC Received Packet 15 Not MATCHED.  
# 
[85480] INFO:  RC Packet 15 MEM SADR : 00000054 PKTLEN 00000004 
# 
[85480] RC Packet Length 4 
# 
[85480] RC Packet Header[0] = 34100000 
# 
[85480] RC Packet Header[1] = 130 
# 
[85480] RC Packet Header[2] = 0 
# 
[85480] RC Packet Header[3] = 0 
# 
[85656] RC  RECEIVE PKT BEGIN  rc_rx_pkt_index 16
# 85661: pex_tb.PEX_RC.rc_rx_cmd_mem MemWr 0x34200000 @Addr = 0x058
# 85669: pex_tb.PEX_RC.rc_rx_cmd_mem MemWr 0x00000131 @Addr = 0x059
# 85677: pex_tb.PEX_RC.rc_rx_cmd_mem MemWr 0x00000000 @Addr = 0x05a
[85680] RC  RECEIVE PKT END  rc_rx_pkt_index 16
# 85685: pex_tb.PEX_RC.rc_rx_cmd_mem MemWr 0x00000000 @Addr = 0x05b
[85688] INFO:  EP -> RC Packet 6 Data Compare Start! RC MEM SADR : 00000058 RC PKTLEN 00000004 
# 
[85688] ERROR:  RC Received Packet 16 Not MATCHED.  
# 
[85688] INFO:  RC Packet 16 MEM SADR : 00000058 PKTLEN 00000004 
# 
[85688] RC Packet Length 4 
# 
[85688] RC Packet Header[0] = 34200000 
# 
[85688] RC Packet Header[1] = 131 
# 
[85688] RC Packet Header[2] = 0 
# 
[85688] RC Packet Header[3] = 0 
# 
[85864] RC  RECEIVE PKT BEGIN  rc_rx_pkt_index 17
# 85869: pex_tb.PEX_RC.rc_rx_cmd_mem MemWr 0x34300000 @Addr = 0x05c
# 85877: pex_tb.PEX_RC.rc_rx_cmd_mem MemWr 0x00000133 @Addr = 0x05d
# 85885: pex_tb.PEX_RC.rc_rx_cmd_mem MemWr 0x00000000 @Addr = 0x05e
[85888] RC  RECEIVE PKT END  rc_rx_pkt_index 17
# 85893: pex_tb.PEX_RC.rc_rx_cmd_mem MemWr 0x00000000 @Addr = 0x05f
[85896] INFO:  EP -> RC Packet 7 Data Compare Start! RC MEM SADR : 0000005c RC PKTLEN 00000004 
# 
[85896] ERROR:  RC Received Packet 17 Not MATCHED.  
# 
[85896] INFO:  RC Packet 17 MEM SADR : 0000005c PKTLEN 00000004 
# 
[85896] RC Packet Length 4 
# 
[85896] RC Packet Header[0] = 34300000 
# 
[85896] RC Packet Header[1] = 133 
# 
[85896] RC Packet Header[2] = 0 
# 
[85896] RC Packet Header[3] = 0 
# 
[91520] RC  RECEIVE PKT BEGIN  rc_rx_pkt_index 18
# 91525: pex_tb.PEX_RC.rc_rx_cmd_mem MemWr 0x34100000 @Addr = 0x060
# 91533: pex_tb.PEX_RC.rc_rx_cmd_mem MemWr 0x00000130 @Addr = 0x061
# 91541: pex_tb.PEX_RC.rc_rx_cmd_mem MemWr 0x00000000 @Addr = 0x062
[91544] RC  RECEIVE PKT END  rc_rx_pkt_index 18
# 91549: pex_tb.PEX_RC.rc_rx_cmd_mem MemWr 0x00000000 @Addr = 0x063
[91552] INFO:  EP -> RC Packet 0 Data Compare Start! RC MEM SADR : 00000060 RC PKTLEN 00000004 
# 
[91552] ERROR:  RC Received Packet 18 Not MATCHED.  
# 
[91552] INFO:  RC Packet 18 MEM SADR : 00000060 PKTLEN 00000004 
# 
[91552] RC Packet Length 4 
# 
[91552] RC Packet Header[0] = 34100000 
# 
[91552] RC Packet Header[1] = 130 
# 
[91552] RC Packet Header[2] = 0 
# 
[91552] RC Packet Header[3] = 0 
# 
[91728] RC  RECEIVE PKT BEGIN  rc_rx_pkt_index 19
# 91733: pex_tb.PEX_RC.rc_rx_cmd_mem MemWr 0x34200000 @Addr = 0x064
# 91741: pex_tb.PEX_RC.rc_rx_cmd_mem MemWr 0x00000131 @Addr = 0x065
# 91749: pex_tb.PEX_RC.rc_rx_cmd_mem MemWr 0x00000000 @Addr = 0x066
[91752] RC  RECEIVE PKT END  rc_rx_pkt_index 19
# 91757: pex_tb.PEX_RC.rc_rx_cmd_mem MemWr 0x00000000 @Addr = 0x067
[91760] INFO:  EP -> RC Packet 1 Data Compare Start! RC MEM SADR : 00000064 RC PKTLEN 00000004 
# 
[91760] ERROR:  RC Received Packet 19 Not MATCHED.  
# 
[91760] INFO:  RC Packet 19 MEM SADR : 00000064 PKTLEN 00000004 
# 
[91760] RC Packet Length 4 
# 
[91760] RC Packet Header[0] = 34200000 
# 
[91760] RC Packet Header[1] = 131 
# 
[91760] RC Packet Header[2] = 0 
# 
[91760] RC Packet Header[3] = 0 
# 
[91936] RC  RECEIVE PKT BEGIN  rc_rx_pkt_index 1a
# 91941: pex_tb.PEX_RC.rc_rx_cmd_mem MemWr 0x34300000 @Addr = 0x068
# 91949: pex_tb.PEX_RC.rc_rx_cmd_mem MemWr 0x00000133 @Addr = 0x069
# 91957: pex_tb.PEX_RC.rc_rx_cmd_mem MemWr 0x00000000 @Addr = 0x06a
[91960] RC  RECEIVE PKT END  rc_rx_pkt_index 1a
# 91965: pex_tb.PEX_RC.rc_rx_cmd_mem MemWr 0x00000000 @Addr = 0x06b
[91968] INFO:  EP -> RC Packet 2 Data Compare Start! RC MEM SADR : 00000068 RC PKTLEN 00000004 
# 
[91968] ERROR:  RC Received Packet 1a Not MATCHED.  
# 
[91968] INFO:  RC Packet 1a MEM SADR : 00000068 PKTLEN 00000004 
# 
[91968] RC Packet Length 4 
# 
[91968] RC Packet Header[0] = 34300000 
# 
[91968] RC Packet Header[1] = 133 
# 
[91968] RC Packet Header[2] = 0 
# 
[91968] RC Packet Header[3] = 0 
# 
[92144] RC  RECEIVE PKT BEGIN  rc_rx_pkt_index 1b
# 92149: pex_tb.PEX_RC.rc_rx_cmd_mem MemWr 0x34100000 @Addr = 0x06c
# 92157: pex_tb.PEX_RC.rc_rx_cmd_mem MemWr 0x00000130 @Addr = 0x06d
# 92165: pex_tb.PEX_RC.rc_rx_cmd_mem MemWr 0x00000000 @Addr = 0x06e
[92168] RC  RECEIVE PKT END  rc_rx_pkt_index 1b
# 92173: pex_tb.PEX_RC.rc_rx_cmd_mem MemWr 0x00000000 @Addr = 0x06f
[92176] INFO:  EP -> RC Packet 3 Data Compare Start! RC MEM SADR : 0000006c RC PKTLEN 00000004 
# 
[92176] ERROR:  RC Received Packet 1b Not MATCHED.  
# 
[92176] INFO:  RC Packet 1b MEM SADR : 0000006c PKTLEN 00000004 
# 
[92176] RC Packet Length 4 
# 
[92176] RC Packet Header[0] = 34100000 
# 
[92176] RC Packet Header[1] = 130 
# 
[92176] RC Packet Header[2] = 0 
# 
[92176] RC Packet Header[3] = 0 
# 
[93468] Pkt Count Mismatch EP Transmitted = 0x3  RC Received = 0x1c  
# 
# Checking for Left over packets in TX array 
# 
[93468] TEST FAILED 
# 
[95816] RC  RECEIVE PKT BEGIN  rc_rx_pkt_index 1c
# 95821: pex_tb.PEX_RC.rc_rx_cmd_mem MemWr 0x34200000 @Addr = 0x070
# 95829: pex_tb.PEX_RC.rc_rx_cmd_mem MemWr 0x00000131 @Addr = 0x071
# 95837: pex_tb.PEX_RC.rc_rx_cmd_mem MemWr 0x00000000 @Addr = 0x072
[95840] RC  RECEIVE PKT END  rc_rx_pkt_index 1c
# 95845: pex_tb.PEX_RC.rc_rx_cmd_mem MemWr 0x00000000 @Addr = 0x073
[95848] INFO:  EP -> RC Packet 4 Data Compare Start! RC MEM SADR : 00000070 RC PKTLEN 00000004 
# 
[95848] ERROR:  RC Received Packet 1c Not MATCHED.  
# 
[95848] INFO:  RC Packet 1c MEM SADR : 00000070 PKTLEN 00000004 
# 
[95848] RC Packet Length 4 
# 
[95848] RC Packet Header[0] = 34200000 
# 
[95848] RC Packet Header[1] = 131 
# 
[95848] RC Packet Header[2] = 0 
# 
[95848] RC Packet Header[3] = 0 
# 
[96024] RC  RECEIVE PKT BEGIN  rc_rx_pkt_index 1d
# 96029: pex_tb.PEX_RC.rc_rx_cmd_mem MemWr 0x34300000 @Addr = 0x074
# 96037: pex_tb.PEX_RC.rc_rx_cmd_mem MemWr 0x00000133 @Addr = 0x075
# 96045: pex_tb.PEX_RC.rc_rx_cmd_mem MemWr 0x00000000 @Addr = 0x076
[96048] RC  RECEIVE PKT END  rc_rx_pkt_index 1d
# 96053: pex_tb.PEX_RC.rc_rx_cmd_mem MemWr 0x00000000 @Addr = 0x077
[96056] INFO:  EP -> RC Packet 5 Data Compare Start! RC MEM SADR : 00000074 RC PKTLEN 00000004 
# 
[96056] ERROR:  RC Received Packet 1d Not MATCHED.  
# 
[96056] INFO:  RC Packet 1d MEM SADR : 00000074 PKTLEN 00000004 
# 
[96056] RC Packet Length 4 
# 
[96056] RC Packet Header[0] = 34300000 
# 
[96056] RC Packet Header[1] = 133 
# 
[96056] RC Packet Header[2] = 0 
# 
[96056] RC Packet Header[3] = 0 
# 
[96232] RC  RECEIVE PKT BEGIN  rc_rx_pkt_index 1e
# 96237: pex_tb.PEX_RC.rc_rx_cmd_mem MemWr 0x34100000 @Addr = 0x078
# 96245: pex_tb.PEX_RC.rc_rx_cmd_mem MemWr 0x00000130 @Addr = 0x079
# 96253: pex_tb.PEX_RC.rc_rx_cmd_mem MemWr 0x00000000 @Addr = 0x07a
[96256] RC  RECEIVE PKT END  rc_rx_pkt_index 1e
# 96261: pex_tb.PEX_RC.rc_rx_cmd_mem MemWr 0x00000000 @Addr = 0x07b
[96264] INFO:  EP -> RC Packet 6 Data Compare Start! RC MEM SADR : 00000078 RC PKTLEN 00000004 
# 
[96264] ERROR:  RC Received Packet 1e Not MATCHED.  
# 
[96264] INFO:  RC Packet 1e MEM SADR : 00000078 PKTLEN 00000004 
# 
[96264] RC Packet Length 4 
# 
[96264] RC Packet Header[0] = 34100000 
# 
[96264] RC Packet Header[1] = 130 
# 
[96264] RC Packet Header[2] = 0 
# 
[96264] RC Packet Header[3] = 0 
# 
[96440] RC  RECEIVE PKT BEGIN  rc_rx_pkt_index 1f
# 96445: pex_tb.PEX_RC.rc_rx_cmd_mem MemWr 0x34200000 @Addr = 0x07c
# 96453: pex_tb.PEX_RC.rc_rx_cmd_mem MemWr 0x00000131 @Addr = 0x07d
# 96461: pex_tb.PEX_RC.rc_rx_cmd_mem MemWr 0x00000000 @Addr = 0x07e
[96464] RC  RECEIVE PKT END  rc_rx_pkt_index 1f
# 96469: pex_tb.PEX_RC.rc_rx_cmd_mem MemWr 0x00000000 @Addr = 0x07f
[96472] INFO:  EP -> RC Packet 7 Data Compare Start! RC MEM SADR : 0000007c RC PKTLEN 00000004 
# 
[96472] ERROR:  RC Received Packet 1f Not MATCHED.  
# 
[96472] INFO:  RC Packet 1f MEM SADR : 0000007c PKTLEN 00000004 
# 
[96472] RC Packet Length 4 
# 
[96472] RC Packet Header[0] = 34200000 
# 
[96472] RC Packet Header[1] = 131 
# 
[96472] RC Packet Header[2] = 0 
# 
[96472] RC Packet Header[3] = 0 
# 
[100176] RC  RECEIVE PKT BEGIN  rc_rx_pkt_index 20
# 100181: pex_tb.PEX_RC.rc_rx_cmd_mem MemWr 0x34300000 @Addr = 0x080
# 100189: pex_tb.PEX_RC.rc_rx_cmd_mem MemWr 0x00000133 @Addr = 0x081
# 100197: pex_tb.PEX_RC.rc_rx_cmd_mem MemWr 0x00000000 @Addr = 0x082
[100200] RC  RECEIVE PKT END  rc_rx_pkt_index 20
# 100205: pex_tb.PEX_RC.rc_rx_cmd_mem MemWr 0x00000000 @Addr = 0x083
[100208] INFO:  EP -> RC Packet 0 Data Compare Start! RC MEM SADR : 00000080 RC PKTLEN 00000004 
# 
[100208] ERROR:  RC Received Packet 20 Not MATCHED.  
# 
[100208] INFO:  RC Packet 20 MEM SADR : 00000080 PKTLEN 00000004 
# 
[100208] RC Packet Length 4 
# 
[100208] RC Packet Header[0] = 34300000 
# 
[100208] RC Packet Header[1] = 133 
# 
[100208] RC Packet Header[2] = 0 
# 
[100208] RC Packet Header[3] = 0 
# 
[100384] RC  RECEIVE PKT BEGIN  rc_rx_pkt_index 21
# 100389: pex_tb.PEX_RC.rc_rx_cmd_mem MemWr 0x34100000 @Addr = 0x084
# 100397: pex_tb.PEX_RC.rc_rx_cmd_mem MemWr 0x00000130 @Addr = 0x085
# 100405: pex_tb.PEX_RC.rc_rx_cmd_mem MemWr 0x00000000 @Addr = 0x086
[100408] RC  RECEIVE PKT END  rc_rx_pkt_index 21
# 100413: pex_tb.PEX_RC.rc_rx_cmd_mem MemWr 0x00000000 @Addr = 0x087
[100416] INFO:  EP -> RC Packet 1 Data Compare Start! RC MEM SADR : 00000084 RC PKTLEN 00000004 
# 
[100416] ERROR:  RC Received Packet 21 Not MATCHED.  
# 
[100416] INFO:  RC Packet 21 MEM SADR : 00000084 PKTLEN 00000004 
# 
[100416] RC Packet Length 4 
# 
[100416] RC Packet Header[0] = 34100000 
# 
[100416] RC Packet Header[1] = 130 
# 
[100416] RC Packet Header[2] = 0 
# 
[100416] RC Packet Header[3] = 0 
# 
[100592] RC  RECEIVE PKT BEGIN  rc_rx_pkt_index 22
# 100597: pex_tb.PEX_RC.rc_rx_cmd_mem MemWr 0x34200000 @Addr = 0x088
# 100605: pex_tb.PEX_RC.rc_rx_cmd_mem MemWr 0x00000131 @Addr = 0x089
# 100613: pex_tb.PEX_RC.rc_rx_cmd_mem MemWr 0x00000000 @Addr = 0x08a
[100616] RC  RECEIVE PKT END  rc_rx_pkt_index 22
# 100621: pex_tb.PEX_RC.rc_rx_cmd_mem MemWr 0x00000000 @Addr = 0x08b
[100624] INFO:  EP -> RC Packet 2 Data Compare Start! RC MEM SADR : 00000088 RC PKTLEN 00000004 
# 
[100624] ERROR:  RC Received Packet 22 Not MATCHED.  
# 
[100624] INFO:  RC Packet 22 MEM SADR : 00000088 PKTLEN 00000004 
# 
[100624] RC Packet Length 4 
# 
[100624] RC Packet Header[0] = 34200000 
# 
[100624] RC Packet Header[1] = 131 
# 
[100624] RC Packet Header[2] = 0 
# 
[100624] RC Packet Header[3] = 0 
# 
[100800] RC  RECEIVE PKT BEGIN  rc_rx_pkt_index 23
# 100805: pex_tb.PEX_RC.rc_rx_cmd_mem MemWr 0x34300000 @Addr = 0x08c
# 100813: pex_tb.PEX_RC.rc_rx_cmd_mem MemWr 0x00000133 @Addr = 0x08d
# 100821: pex_tb.PEX_RC.rc_rx_cmd_mem MemWr 0x00000000 @Addr = 0x08e
[100824] RC  RECEIVE PKT END  rc_rx_pkt_index 23
# 100829: pex_tb.PEX_RC.rc_rx_cmd_mem MemWr 0x00000000 @Addr = 0x08f
[100832] INFO:  EP -> RC Packet 3 Data Compare Start! RC MEM SADR : 0000008c RC PKTLEN 00000004 
# 
[100832] ERROR:  RC Received Packet 23 Not MATCHED.  
# 
[100832] INFO:  RC Packet 23 MEM SADR : 0000008c PKTLEN 00000004 
# 
[100832] RC Packet Length 4 
# 
[100832] RC Packet Header[0] = 34300000 
# 
[100832] RC Packet Header[1] = 133 
# 
[100832] RC Packet Header[2] = 0 
# 
[100832] RC Packet Header[3] = 0 
# 
[104536] RC  RECEIVE PKT BEGIN  rc_rx_pkt_index 24
# 104541: pex_tb.PEX_RC.rc_rx_cmd_mem MemWr 0x34100000 @Addr = 0x090
# 104549: pex_tb.PEX_RC.rc_rx_cmd_mem MemWr 0x00000130 @Addr = 0x091
# 104557: pex_tb.PEX_RC.rc_rx_cmd_mem MemWr 0x00000000 @Addr = 0x092
[104560] RC  RECEIVE PKT END  rc_rx_pkt_index 24
# 104565: pex_tb.PEX_RC.rc_rx_cmd_mem MemWr 0x00000000 @Addr = 0x093
[104568] INFO:  EP -> RC Packet 4 Data Compare Start! RC MEM SADR : 00000090 RC PKTLEN 00000004 
# 
[104568] ERROR:  RC Received Packet 24 Not MATCHED.  
# 
[104568] INFO:  RC Packet 24 MEM SADR : 00000090 PKTLEN 00000004 
# 
[104568] RC Packet Length 4 
# 
[104568] RC Packet Header[0] = 34100000 
# 
[104568] RC Packet Header[1] = 130 
# 
[104568] RC Packet Header[2] = 0 
# 
[104568] RC Packet Header[3] = 0 
# 
[104744] RC  RECEIVE PKT BEGIN  rc_rx_pkt_index 25
# 104749: pex_tb.PEX_RC.rc_rx_cmd_mem MemWr 0x34200000 @Addr = 0x094
# 104757: pex_tb.PEX_RC.rc_rx_cmd_mem MemWr 0x00000131 @Addr = 0x095
# 104765: pex_tb.PEX_RC.rc_rx_cmd_mem MemWr 0x00000000 @Addr = 0x096
[104768] RC  RECEIVE PKT END  rc_rx_pkt_index 25
# 104773: pex_tb.PEX_RC.rc_rx_cmd_mem MemWr 0x00000000 @Addr = 0x097
[104776] INFO:  EP -> RC Packet 5 Data Compare Start! RC MEM SADR : 00000094 RC PKTLEN 00000004 
# 
[104776] ERROR:  RC Received Packet 25 Not MATCHED.  
# 
[104776] INFO:  RC Packet 25 MEM SADR : 00000094 PKTLEN 00000004 
# 
[104776] RC Packet Length 4 
# 
[104776] RC Packet Header[0] = 34200000 
# 
[104776] RC Packet Header[1] = 131 
# 
[104776] RC Packet Header[2] = 0 
# 
[104776] RC Packet Header[3] = 0 
# 
[104952] RC  RECEIVE PKT BEGIN  rc_rx_pkt_index 26
# 104957: pex_tb.PEX_RC.rc_rx_cmd_mem MemWr 0x34300000 @Addr = 0x098
# 104965: pex_tb.PEX_RC.rc_rx_cmd_mem MemWr 0x00000133 @Addr = 0x099
# 104973: pex_tb.PEX_RC.rc_rx_cmd_mem MemWr 0x00000000 @Addr = 0x09a
[104976] RC  RECEIVE PKT END  rc_rx_pkt_index 26
# 104981: pex_tb.PEX_RC.rc_rx_cmd_mem MemWr 0x00000000 @Addr = 0x09b
[104984] INFO:  EP -> RC Packet 6 Data Compare Start! RC MEM SADR : 00000098 RC PKTLEN 00000004 
# 
[104984] ERROR:  RC Received Packet 26 Not MATCHED.  
# 
[104984] INFO:  RC Packet 26 MEM SADR : 00000098 PKTLEN 00000004 
# 
[104984] RC Packet Length 4 
# 
[104984] RC Packet Header[0] = 34300000 
# 
[104984] RC Packet Header[1] = 133 
# 
[104984] RC Packet Header[2] = 0 
# 
[104984] RC Packet Header[3] = 0 
# 
[105160] RC  RECEIVE PKT BEGIN  rc_rx_pkt_index 27
# 105165: pex_tb.PEX_RC.rc_rx_cmd_mem MemWr 0x34100000 @Addr = 0x09c
# 105173: pex_tb.PEX_RC.rc_rx_cmd_mem MemWr 0x00000130 @Addr = 0x09d
# 105181: pex_tb.PEX_RC.rc_rx_cmd_mem MemWr 0x00000000 @Addr = 0x09e
[105184] RC  RECEIVE PKT END  rc_rx_pkt_index 27
# 105189: pex_tb.PEX_RC.rc_rx_cmd_mem MemWr 0x00000000 @Addr = 0x09f
[105192] INFO:  EP -> RC Packet 7 Data Compare Start! RC MEM SADR : 0000009c RC PKTLEN 00000004 
# 
[105192] ERROR:  RC Received Packet 27 Not MATCHED.  
# 
[105192] INFO:  RC Packet 27 MEM SADR : 0000009c PKTLEN 00000004 
# 
[105192] RC Packet Length 4 
# 
[105192] RC Packet Header[0] = 34100000 
# 
[105192] RC Packet Header[1] = 130 
# 
[105192] RC Packet Header[2] = 0 
# 
[105192] RC Packet Header[3] = 0 
# 
[108896] RC  RECEIVE PKT BEGIN  rc_rx_pkt_index 28
# 108901: pex_tb.PEX_RC.rc_rx_cmd_mem MemWr 0x34200000 @Addr = 0x0a0
# 108909: pex_tb.PEX_RC.rc_rx_cmd_mem MemWr 0x00000131 @Addr = 0x0a1
# 108917: pex_tb.PEX_RC.rc_rx_cmd_mem MemWr 0x00000000 @Addr = 0x0a2
[108920] RC  RECEIVE PKT END  rc_rx_pkt_index 28
# 108925: pex_tb.PEX_RC.rc_rx_cmd_mem MemWr 0x00000000 @Addr = 0x0a3
[108928] INFO:  EP -> RC Packet 0 Data Compare Start! RC MEM SADR : 000000a0 RC PKTLEN 00000004 
# 
[108928] ERROR:  RC Received Packet 28 Not MATCHED.  
# 
[108928] INFO:  RC Packet 28 MEM SADR : 000000a0 PKTLEN 00000004 
# 
[108928] RC Packet Length 4 
# 
[108928] RC Packet Header[0] = 34200000 
# 
[108928] RC Packet Header[1] = 131 
# 
[108928] RC Packet Header[2] = 0 
# 
[108928] RC Packet Header[3] = 0 
# 
[109104] RC  RECEIVE PKT BEGIN  rc_rx_pkt_index 29
# 109109: pex_tb.PEX_RC.rc_rx_cmd_mem MemWr 0x34300000 @Addr = 0x0a4
# 109117: pex_tb.PEX_RC.rc_rx_cmd_mem MemWr 0x00000133 @Addr = 0x0a5
# 109125: pex_tb.PEX_RC.rc_rx_cmd_mem MemWr 0x00000000 @Addr = 0x0a6
[109128] RC  RECEIVE PKT END  rc_rx_pkt_index 29
# 109133: pex_tb.PEX_RC.rc_rx_cmd_mem MemWr 0x00000000 @Addr = 0x0a7
[109136] INFO:  EP -> RC Packet 1 Data Compare Start! RC MEM SADR : 000000a4 RC PKTLEN 00000004 
# 
[109136] ERROR:  RC Received Packet 29 Not MATCHED.  
# 
[109136] INFO:  RC Packet 29 MEM SADR : 000000a4 PKTLEN 00000004 
# 
[109136] RC Packet Length 4 
# 
[109136] RC Packet Header[0] = 34300000 
# 
[109136] RC Packet Header[1] = 133 
# 
[109136] RC Packet Header[2] = 0 
# 
[109136] RC Packet Header[3] = 0 
# 
[115984] RC  RECEIVE PKT BEGIN  rc_rx_pkt_index 2a
# 115989: pex_tb.PEX_RC.rc_rx_cmd_mem MemWr 0x34100000 @Addr = 0x0a8
# 115997: pex_tb.PEX_RC.rc_rx_cmd_mem MemWr 0x00000130 @Addr = 0x0a9
# 116005: pex_tb.PEX_RC.rc_rx_cmd_mem MemWr 0x00000000 @Addr = 0x0aa
[116008] RC  RECEIVE PKT END  rc_rx_pkt_index 2a
# 116013: pex_tb.PEX_RC.rc_rx_cmd_mem MemWr 0x00000000 @Addr = 0x0ab
[116016] INFO:  EP -> RC Packet 2 Data Compare Start! RC MEM SADR : 000000a8 RC PKTLEN 00000004 
# 
[116016] ERROR:  RC Received Packet 2a Not MATCHED.  
# 
[116016] INFO:  RC Packet 2a MEM SADR : 000000a8 PKTLEN 00000004 
# 
[116016] RC Packet Length 4 
# 
[116016] RC Packet Header[0] = 34100000 
# 
[116016] RC Packet Header[1] = 130 
# 
[116016] RC Packet Header[2] = 0 
# 
[116016] RC Packet Header[3] = 0 
# 
[116192] RC  RECEIVE PKT BEGIN  rc_rx_pkt_index 2b
# 116197: pex_tb.PEX_RC.rc_rx_cmd_mem MemWr 0x34200000 @Addr = 0x0ac
# 116205: pex_tb.PEX_RC.rc_rx_cmd_mem MemWr 0x00000131 @Addr = 0x0ad
# 116213: pex_tb.PEX_RC.rc_rx_cmd_mem MemWr 0x00000000 @Addr = 0x0ae
[116216] RC  RECEIVE PKT END  rc_rx_pkt_index 2b
# 116221: pex_tb.PEX_RC.rc_rx_cmd_mem MemWr 0x00000000 @Addr = 0x0af
[116224] INFO:  EP -> RC Packet 3 Data Compare Start! RC MEM SADR : 000000ac RC PKTLEN 00000004 
# 
[116224] ERROR:  RC Received Packet 2b Not MATCHED.  
# 
[116224] INFO:  RC Packet 2b MEM SADR : 000000ac PKTLEN 00000004 
# 
[116224] RC Packet Length 4 
# 
[116224] RC Packet Header[0] = 34200000 
# 
[116224] RC Packet Header[1] = 131 
# 
[116224] RC Packet Header[2] = 0 
# 
[116224] RC Packet Header[3] = 0 
# 
[116400] RC  RECEIVE PKT BEGIN  rc_rx_pkt_index 2c
# 116405: pex_tb.PEX_RC.rc_rx_cmd_mem MemWr 0x34300000 @Addr = 0x0b0
# 116413: pex_tb.PEX_RC.rc_rx_cmd_mem MemWr 0x00000133 @Addr = 0x0b1
# 116421: pex_tb.PEX_RC.rc_rx_cmd_mem MemWr 0x00000000 @Addr = 0x0b2
[116424] RC  RECEIVE PKT END  rc_rx_pkt_index 2c
# 116429: pex_tb.PEX_RC.rc_rx_cmd_mem MemWr 0x00000000 @Addr = 0x0b3
[116432] INFO:  EP -> RC Packet 4 Data Compare Start! RC MEM SADR : 000000b0 RC PKTLEN 00000004 
# 
[116432] ERROR:  RC Received Packet 2c Not MATCHED.  
# 
[116432] INFO:  RC Packet 2c MEM SADR : 000000b0 PKTLEN 00000004 
# 
[116432] RC Packet Length 4 
# 
[116432] RC Packet Header[0] = 34300000 
# 
[116432] RC Packet Header[1] = 133 
# 
[116432] RC Packet Header[2] = 0 
# 
[116432] RC Packet Header[3] = 0 
# 
[116608] RC  RECEIVE PKT BEGIN  rc_rx_pkt_index 2d
# 116613: pex_tb.PEX_RC.rc_rx_cmd_mem MemWr 0x34100000 @Addr = 0x0b4
# 116621: pex_tb.PEX_RC.rc_rx_cmd_mem MemWr 0x00000130 @Addr = 0x0b5
# 116629: pex_tb.PEX_RC.rc_rx_cmd_mem MemWr 0x00000000 @Addr = 0x0b6
[116632] RC  RECEIVE PKT END  rc_rx_pkt_index 2d
# 116637: pex_tb.PEX_RC.rc_rx_cmd_mem MemWr 0x00000000 @Addr = 0x0b7
[116640] INFO:  EP -> RC Packet 5 Data Compare Start! RC MEM SADR : 000000b4 RC PKTLEN 00000004 
# 
[116640] ERROR:  RC Received Packet 2d Not MATCHED.  
# 
[116640] INFO:  RC Packet 2d MEM SADR : 000000b4 PKTLEN 00000004 
# 
[116640] RC Packet Length 4 
# 
[116640] RC Packet Header[0] = 34100000 
# 
[116640] RC Packet Header[1] = 130 
# 
[116640] RC Packet Header[2] = 0 
# 
[116640] RC Packet Header[3] = 0 
# 
[120280] RC  RECEIVE PKT BEGIN  rc_rx_pkt_index 2e
# 120285: pex_tb.PEX_RC.rc_rx_cmd_mem MemWr 0x34200000 @Addr = 0x0b8
# 120293: pex_tb.PEX_RC.rc_rx_cmd_mem MemWr 0x00000131 @Addr = 0x0b9
# 120301: pex_tb.PEX_RC.rc_rx_cmd_mem MemWr 0x00000000 @Addr = 0x0ba
[120304] RC  RECEIVE PKT END  rc_rx_pkt_index 2e
# 120309: pex_tb.PEX_RC.rc_rx_cmd_mem MemWr 0x00000000 @Addr = 0x0bb
[120312] INFO:  EP -> RC Packet 6 Data Compare Start! RC MEM SADR : 000000b8 RC PKTLEN 00000004 
# 
[120312] ERROR:  RC Received Packet 2e Not MATCHED.  
# 
[120312] INFO:  RC Packet 2e MEM SADR : 000000b8 PKTLEN 00000004 
# 
[120312] RC Packet Length 4 
# 
[120312] RC Packet Header[0] = 34200000 
# 
[120312] RC Packet Header[1] = 131 
# 
[120312] RC Packet Header[2] = 0 
# 
[120312] RC Packet Header[3] = 0 
# 
[120488] RC  RECEIVE PKT BEGIN  rc_rx_pkt_index 2f
# 120493: pex_tb.PEX_RC.rc_rx_cmd_mem MemWr 0x34300000 @Addr = 0x0bc
# 120501: pex_tb.PEX_RC.rc_rx_cmd_mem MemWr 0x00000133 @Addr = 0x0bd
# 120509: pex_tb.PEX_RC.rc_rx_cmd_mem MemWr 0x00000000 @Addr = 0x0be
[120512] RC  RECEIVE PKT END  rc_rx_pkt_index 2f
# 120517: pex_tb.PEX_RC.rc_rx_cmd_mem MemWr 0x00000000 @Addr = 0x0bf
[120520] INFO:  EP -> RC Packet 7 Data Compare Start! RC MEM SADR : 000000bc RC PKTLEN 00000004 
# 
[120520] ERROR:  RC Received Packet 2f Not MATCHED.  
# 
[120520] INFO:  RC Packet 2f MEM SADR : 000000bc PKTLEN 00000004 
# 
[120520] RC Packet Length 4 
# 
[120520] RC Packet Header[0] = 34300000 
# 
[120520] RC Packet Header[1] = 133 
# 
[120520] RC Packet Header[2] = 0 
# 
[120520] RC Packet Header[3] = 0 
# 
[120696] RC  RECEIVE PKT BEGIN  rc_rx_pkt_index 30
# 120701: pex_tb.PEX_RC.rc_rx_cmd_mem MemWr 0x34100000 @Addr = 0x0c0
# 120709: pex_tb.PEX_RC.rc_rx_cmd_mem MemWr 0x00000130 @Addr = 0x0c1
# 120717: pex_tb.PEX_RC.rc_rx_cmd_mem MemWr 0x00000000 @Addr = 0x0c2
[120720] RC  RECEIVE PKT END  rc_rx_pkt_index 30
# 120725: pex_tb.PEX_RC.rc_rx_cmd_mem MemWr 0x00000000 @Addr = 0x0c3
[120728] INFO:  EP -> RC Packet 0 Data Compare Start! RC MEM SADR : 000000c0 RC PKTLEN 00000004 
# 
[120728] ERROR:  RC Received Packet 30 Not MATCHED.  
# 
[120728] INFO:  RC Packet 30 MEM SADR : 000000c0 PKTLEN 00000004 
# 
[120728] RC Packet Length 4 
# 
[120728] RC Packet Header[0] = 34100000 
# 
[120728] RC Packet Header[1] = 130 
# 
[120728] RC Packet Header[2] = 0 
# 
[120728] RC Packet Header[3] = 0 
# 
[120904] RC  RECEIVE PKT BEGIN  rc_rx_pkt_index 31
# 120909: pex_tb.PEX_RC.rc_rx_cmd_mem MemWr 0x34200000 @Addr = 0x0c4
# 120917: pex_tb.PEX_RC.rc_rx_cmd_mem MemWr 0x00000131 @Addr = 0x0c5
# 120925: pex_tb.PEX_RC.rc_rx_cmd_mem MemWr 0x00000000 @Addr = 0x0c6
[120928] RC  RECEIVE PKT END  rc_rx_pkt_index 31
# 120933: pex_tb.PEX_RC.rc_rx_cmd_mem MemWr 0x00000000 @Addr = 0x0c7
[120936] INFO:  EP -> RC Packet 1 Data Compare Start! RC MEM SADR : 000000c4 RC PKTLEN 00000004 
# 
[120936] ERROR:  RC Received Packet 31 Not MATCHED.  
# 
[120936] INFO:  RC Packet 31 MEM SADR : 000000c4 PKTLEN 00000004 
# 
[120936] RC Packet Length 4 
# 
[120936] RC Packet Header[0] = 34200000 
# 
[120936] RC Packet Header[1] = 131 
# 
[120936] RC Packet Header[2] = 0 
# 
[120936] RC Packet Header[3] = 0 
# 
[124640] RC  RECEIVE PKT BEGIN  rc_rx_pkt_index 32
# 124645: pex_tb.PEX_RC.rc_rx_cmd_mem MemWr 0x34300000 @Addr = 0x0c8
# 124653: pex_tb.PEX_RC.rc_rx_cmd_mem MemWr 0x00000133 @Addr = 0x0c9
# 124661: pex_tb.PEX_RC.rc_rx_cmd_mem MemWr 0x00000000 @Addr = 0x0ca
[124664] RC  RECEIVE PKT END  rc_rx_pkt_index 32
# 124669: pex_tb.PEX_RC.rc_rx_cmd_mem MemWr 0x00000000 @Addr = 0x0cb
[124672] INFO:  EP -> RC Packet 2 Data Compare Start! RC MEM SADR : 000000c8 RC PKTLEN 00000004 
# 
[124672] ERROR:  RC Received Packet 32 Not MATCHED.  
# 
[124672] INFO:  RC Packet 32 MEM SADR : 000000c8 PKTLEN 00000004 
# 
[124672] RC Packet Length 4 
# 
[124672] RC Packet Header[0] = 34300000 
# 
[124672] RC Packet Header[1] = 133 
# 
[124672] RC Packet Header[2] = 0 
# 
[124672] RC Packet Header[3] = 0 
# 
[124848] RC  RECEIVE PKT BEGIN  rc_rx_pkt_index 33
# 124853: pex_tb.PEX_RC.rc_rx_cmd_mem MemWr 0x34100000 @Addr = 0x0cc
# 124861: pex_tb.PEX_RC.rc_rx_cmd_mem MemWr 0x00000130 @Addr = 0x0cd
# 124869: pex_tb.PEX_RC.rc_rx_cmd_mem MemWr 0x00000000 @Addr = 0x0ce
[124872] RC  RECEIVE PKT END  rc_rx_pkt_index 33
# 124877: pex_tb.PEX_RC.rc_rx_cmd_mem MemWr 0x00000000 @Addr = 0x0cf
[124880] INFO:  EP -> RC Packet 3 Data Compare Start! RC MEM SADR : 000000cc RC PKTLEN 00000004 
# 
[124880] ERROR:  RC Received Packet 33 Not MATCHED.  
# 
[124880] INFO:  RC Packet 33 MEM SADR : 000000cc PKTLEN 00000004 
# 
[124880] RC Packet Length 4 
# 
[124880] RC Packet Header[0] = 34100000 
# 
[124880] RC Packet Header[1] = 130 
# 
[124880] RC Packet Header[2] = 0 
# 
[124880] RC Packet Header[3] = 0 
# 
[125056] RC  RECEIVE PKT BEGIN  rc_rx_pkt_index 34
# 125061: pex_tb.PEX_RC.rc_rx_cmd_mem MemWr 0x34200000 @Addr = 0x0d0
# 125069: pex_tb.PEX_RC.rc_rx_cmd_mem MemWr 0x00000131 @Addr = 0x0d1
# 125077: pex_tb.PEX_RC.rc_rx_cmd_mem MemWr 0x00000000 @Addr = 0x0d2
[125080] RC  RECEIVE PKT END  rc_rx_pkt_index 34
# 125085: pex_tb.PEX_RC.rc_rx_cmd_mem MemWr 0x00000000 @Addr = 0x0d3
[125088] INFO:  EP -> RC Packet 4 Data Compare Start! RC MEM SADR : 000000d0 RC PKTLEN 00000004 
# 
[125088] ERROR:  RC Received Packet 34 Not MATCHED.  
# 
[125088] INFO:  RC Packet 34 MEM SADR : 000000d0 PKTLEN 00000004 
# 
[125088] RC Packet Length 4 
# 
[125088] RC Packet Header[0] = 34200000 
# 
[125088] RC Packet Header[1] = 131 
# 
[125088] RC Packet Header[2] = 0 
# 
[125088] RC Packet Header[3] = 0 
# 
[125264] RC  RECEIVE PKT BEGIN  rc_rx_pkt_index 35
# 125269: pex_tb.PEX_RC.rc_rx_cmd_mem MemWr 0x34300000 @Addr = 0x0d4
# 125277: pex_tb.PEX_RC.rc_rx_cmd_mem MemWr 0x00000133 @Addr = 0x0d5
# 125285: pex_tb.PEX_RC.rc_rx_cmd_mem MemWr 0x00000000 @Addr = 0x0d6
[125288] RC  RECEIVE PKT END  rc_rx_pkt_index 35
# 125293: pex_tb.PEX_RC.rc_rx_cmd_mem MemWr 0x00000000 @Addr = 0x0d7
[125296] INFO:  EP -> RC Packet 5 Data Compare Start! RC MEM SADR : 000000d4 RC PKTLEN 00000004 
# 
[125296] ERROR:  RC Received Packet 35 Not MATCHED.  
# 
[125296] INFO:  RC Packet 35 MEM SADR : 000000d4 PKTLEN 00000004 
# 
[125296] RC Packet Length 4 
# 
[125296] RC Packet Header[0] = 34300000 
# 
[125296] RC Packet Header[1] = 133 
# 
[125296] RC Packet Header[2] = 0 
# 
[125296] RC Packet Header[3] = 0 
# 
[129000] RC  RECEIVE PKT BEGIN  rc_rx_pkt_index 36
# 129005: pex_tb.PEX_RC.rc_rx_cmd_mem MemWr 0x34100000 @Addr = 0x0d8
# 129013: pex_tb.PEX_RC.rc_rx_cmd_mem MemWr 0x00000130 @Addr = 0x0d9
# 129021: pex_tb.PEX_RC.rc_rx_cmd_mem MemWr 0x00000000 @Addr = 0x0da
[129024] RC  RECEIVE PKT END  rc_rx_pkt_index 36
# 129029: pex_tb.PEX_RC.rc_rx_cmd_mem MemWr 0x00000000 @Addr = 0x0db
[129032] INFO:  EP -> RC Packet 6 Data Compare Start! RC MEM SADR : 000000d8 RC PKTLEN 00000004 
# 
[129032] ERROR:  RC Received Packet 36 Not MATCHED.  
# 
[129032] INFO:  RC Packet 36 MEM SADR : 000000d8 PKTLEN 00000004 
# 
[129032] RC Packet Length 4 
# 
[129032] RC Packet Header[0] = 34100000 
# 
[129032] RC Packet Header[1] = 130 
# 
[129032] RC Packet Header[2] = 0 
# 
[129032] RC Packet Header[3] = 0 
# 
[129208] RC  RECEIVE PKT BEGIN  rc_rx_pkt_index 37
# 129213: pex_tb.PEX_RC.rc_rx_cmd_mem MemWr 0x34200000 @Addr = 0x0dc
# 129221: pex_tb.PEX_RC.rc_rx_cmd_mem MemWr 0x00000131 @Addr = 0x0dd
# 129229: pex_tb.PEX_RC.rc_rx_cmd_mem MemWr 0x00000000 @Addr = 0x0de
[129232] RC  RECEIVE PKT END  rc_rx_pkt_index 37
# 129237: pex_tb.PEX_RC.rc_rx_cmd_mem MemWr 0x00000000 @Addr = 0x0df
[129240] INFO:  EP -> RC Packet 7 Data Compare Start! RC MEM SADR : 000000dc RC PKTLEN 00000004 
# 
[129240] ERROR:  RC Received Packet 37 Not MATCHED.  
# 
[129240] INFO:  RC Packet 37 MEM SADR : 000000dc PKTLEN 00000004 
# 
[129240] RC Packet Length 4 
# 
[129240] RC Packet Header[0] = 34200000 
# 
[129240] RC Packet Header[1] = 131 
# 
[129240] RC Packet Header[2] = 0 
# 
[129240] RC Packet Header[3] = 0 
# 
[129416] RC  RECEIVE PKT BEGIN  rc_rx_pkt_index 38
# 129421: pex_tb.PEX_RC.rc_rx_cmd_mem MemWr 0x34300000 @Addr = 0x0e0
# 129429: pex_tb.PEX_RC.rc_rx_cmd_mem MemWr 0x00000133 @Addr = 0x0e1
# 129437: pex_tb.PEX_RC.rc_rx_cmd_mem MemWr 0x00000000 @Addr = 0x0e2
[129440] RC  RECEIVE PKT END  rc_rx_pkt_index 38
# 129445: pex_tb.PEX_RC.rc_rx_cmd_mem MemWr 0x00000000 @Addr = 0x0e3
[129448] INFO:  EP -> RC Packet 0 Data Compare Start! RC MEM SADR : 000000e0 RC PKTLEN 00000004 
# 
[129448] ERROR:  RC Received Packet 38 Not MATCHED.  
# 
[129448] INFO:  RC Packet 38 MEM SADR : 000000e0 PKTLEN 00000004 
# 
[129448] RC Packet Length 4 
# 
[129448] RC Packet Header[0] = 34300000 
# 
[129448] RC Packet Header[1] = 133 
# 
[129448] RC Packet Header[2] = 0 
# 
[129448] RC Packet Header[3] = 0 
# 
[133468] Simulation DONE
# 
# ** Note: $finish    : ./../tb/pex_tb.v(315)
#    Time: 135068 ns  Iteration: 0  Instance: /pex_tb
