 

 Time = @[60460] The value of din at Address = 5800  of reg_set ( EP -> RC ) = 00000001 
 

 Time = @[60884] The value of din at Address = 5800  of reg_set ( RC -> EP ) = 00000001 

		 RC Compliance Test TXN.2.14#5 
 
[60884] Preparing the MSG  Packet Header hdw0: 34100000 hdw1: 00000118 hdw2: 00000000 hdw3: 00000000 

[60964] EP TX BEGIN, PKT WITH DIRECT DATA ep_tx_pkt_index 0 
[60996] EP TX END, PKT WITH DIRECT DATA ep_tx_pkt_index 0 
[61004] EP  Initializing ep_tx_pkt_len_array single index 0 => hlen 4 dlen 0 hlen+dlen 4
[61004] EP  Loading EP Tx Mem  index 0 addr 0 hdw0 34100000 
[61004] EP  Loading EP Tx Mem  index 0 addr 1 hdw1 118 
[61004] EP  Loading EP Tx Mem  index 0 addr 2 hdw1 0 
[61004] EP  Loading EP Tx Mem  index 0 addr 3 hdw3 0 
 Time = @[61052] The value of dout at Address = 5804  of reg_get ( RC -> EP ) 
 Actual Data :  00000000 
[61052] Malformed TLP status bit not set 

 Time = @[61092] The value of dout at Address = 5804  of reg_get ( RC -> EP ) 
 Actual Data :  00000000 

		 Loop Count idxi 0 lp_cnt 1  
 
[61864] RC  RECEIVE PKT BEGIN  rc_rx_pkt_index 0
61869: pex_tb.PEX_RC.rc_rx_cmd_mem MemWr 0x34100000 @Addr = 0x000
61877: pex_tb.PEX_RC.rc_rx_cmd_mem MemWr 0x00000118 @Addr = 0x001
61885: pex_tb.PEX_RC.rc_rx_cmd_mem MemWr 0x00000000 @Addr = 0x002
[61888] RC  RECEIVE PKT END  rc_rx_pkt_index 0
61893: pex_tb.PEX_RC.rc_rx_cmd_mem MemWr 0x00000000 @Addr = 0x003
[61896] INFO:  EP -> RC Packet 0 Data Compare Start! RC MEM SADR : 00000000 RC PKTLEN 00000004 

[61896] EP -> RC Packet 000 Data Compare passed! 

[62768] RC  RECEIVE PKT BEGIN  rc_rx_pkt_index 1
62773: pex_tb.PEX_RC.rc_rx_cmd_mem MemWr 0x34100000 @Addr = 0x004
62781: pex_tb.PEX_RC.rc_rx_cmd_mem MemWr 0x00000118 @Addr = 0x005
62789: pex_tb.PEX_RC.rc_rx_cmd_mem MemWr 0x00000000 @Addr = 0x006
[62792] RC  RECEIVE PKT END  rc_rx_pkt_index 1
62797: pex_tb.PEX_RC.rc_rx_cmd_mem MemWr 0x00000000 @Addr = 0x007
[62800] INFO:  EP -> RC Packet 1 Data Compare Start! RC MEM SADR : 00000004 RC PKTLEN 00000004 

[62800] ERROR:  RC Received Packet 1 Not MATCHED.  

[62800] INFO:  RC Packet 1 MEM SADR : 00000004 PKTLEN 00000004 

[62800] RC Packet Length 4 

[62800] RC Packet Header[0] = 34100000 

[62800] RC Packet Header[1] = 118 

[62800] RC Packet Header[2] = 0 

[62800] RC Packet Header[3] = 0 

[63672] RC  RECEIVE PKT BEGIN  rc_rx_pkt_index 2
63677: pex_tb.PEX_RC.rc_rx_cmd_mem MemWr 0x34100000 @Addr = 0x008
63685: pex_tb.PEX_RC.rc_rx_cmd_mem MemWr 0x00000118 @Addr = 0x009
63693: pex_tb.PEX_RC.rc_rx_cmd_mem MemWr 0x00000000 @Addr = 0x00a
[63696] RC  RECEIVE PKT END  rc_rx_pkt_index 2
63701: pex_tb.PEX_RC.rc_rx_cmd_mem MemWr 0x00000000 @Addr = 0x00b
[63704] INFO:  EP -> RC Packet 2 Data Compare Start! RC MEM SADR : 00000008 RC PKTLEN 00000004 

[63704] ERROR:  RC Received Packet 2 Not MATCHED.  

[63704] INFO:  RC Packet 2 MEM SADR : 00000008 PKTLEN 00000004 

[63704] RC Packet Length 4 

[63704] RC Packet Header[0] = 34100000 

[63704] RC Packet Header[1] = 118 

[63704] RC Packet Header[2] = 0 

[63704] RC Packet Header[3] = 0 

[64576] RC  RECEIVE PKT BEGIN  rc_rx_pkt_index 3
64581: pex_tb.PEX_RC.rc_rx_cmd_mem MemWr 0x34100000 @Addr = 0x00c
64589: pex_tb.PEX_RC.rc_rx_cmd_mem MemWr 0x00000118 @Addr = 0x00d
64597: pex_tb.PEX_RC.rc_rx_cmd_mem MemWr 0x00000000 @Addr = 0x00e
[64600] RC  RECEIVE PKT END  rc_rx_pkt_index 3
64605: pex_tb.PEX_RC.rc_rx_cmd_mem MemWr 0x00000000 @Addr = 0x00f
[64608] INFO:  EP -> RC Packet 3 Data Compare Start! RC MEM SADR : 0000000c RC PKTLEN 00000004 

[64608] ERROR:  RC Received Packet 3 Not MATCHED.  

[64608] INFO:  RC Packet 3 MEM SADR : 0000000c PKTLEN 00000004 

[64608] RC Packet Length 4 

[64608] RC Packet Header[0] = 34100000 

[64608] RC Packet Header[1] = 118 

[64608] RC Packet Header[2] = 0 

[64608] RC Packet Header[3] = 0 

[67808] RC  RECEIVE PKT BEGIN  rc_rx_pkt_index 4
67813: pex_tb.PEX_RC.rc_rx_cmd_mem MemWr 0x34100000 @Addr = 0x010
67821: pex_tb.PEX_RC.rc_rx_cmd_mem MemWr 0x00000118 @Addr = 0x011
67829: pex_tb.PEX_RC.rc_rx_cmd_mem MemWr 0x00000000 @Addr = 0x012
[67832] RC  RECEIVE PKT END  rc_rx_pkt_index 4
67837: pex_tb.PEX_RC.rc_rx_cmd_mem MemWr 0x00000000 @Addr = 0x013
[67840] INFO:  EP -> RC Packet 4 Data Compare Start! RC MEM SADR : 00000010 RC PKTLEN 00000004 

[67840] ERROR:  RC Received Packet 4 Not MATCHED.  

[67840] INFO:  RC Packet 4 MEM SADR : 00000010 PKTLEN 00000004 

[67840] RC Packet Length 4 

[67840] RC Packet Header[0] = 34100000 

[67840] RC Packet Header[1] = 118 

[67840] RC Packet Header[2] = 0 

[67840] RC Packet Header[3] = 0 

[68016] RC  RECEIVE PKT BEGIN  rc_rx_pkt_index 5
68021: pex_tb.PEX_RC.rc_rx_cmd_mem MemWr 0x34100000 @Addr = 0x014
68029: pex_tb.PEX_RC.rc_rx_cmd_mem MemWr 0x00000118 @Addr = 0x015
68037: pex_tb.PEX_RC.rc_rx_cmd_mem MemWr 0x00000000 @Addr = 0x016
[68040] RC  RECEIVE PKT END  rc_rx_pkt_index 5
68045: pex_tb.PEX_RC.rc_rx_cmd_mem MemWr 0x00000000 @Addr = 0x017
[68048] INFO:  EP -> RC Packet 5 Data Compare Start! RC MEM SADR : 00000014 RC PKTLEN 00000004 

[68048] ERROR:  RC Received Packet 5 Not MATCHED.  

[68048] INFO:  RC Packet 5 MEM SADR : 00000014 PKTLEN 00000004 

[68048] RC Packet Length 4 

[68048] RC Packet Header[0] = 34100000 

[68048] RC Packet Header[1] = 118 

[68048] RC Packet Header[2] = 0 

[68048] RC Packet Header[3] = 0 

[68224] RC  RECEIVE PKT BEGIN  rc_rx_pkt_index 6
68229: pex_tb.PEX_RC.rc_rx_cmd_mem MemWr 0x34100000 @Addr = 0x018
68237: pex_tb.PEX_RC.rc_rx_cmd_mem MemWr 0x00000118 @Addr = 0x019
68245: pex_tb.PEX_RC.rc_rx_cmd_mem MemWr 0x00000000 @Addr = 0x01a
[68248] RC  RECEIVE PKT END  rc_rx_pkt_index 6
68253: pex_tb.PEX_RC.rc_rx_cmd_mem MemWr 0x00000000 @Addr = 0x01b
[68256] INFO:  EP -> RC Packet 6 Data Compare Start! RC MEM SADR : 00000018 RC PKTLEN 00000004 

[68256] ERROR:  RC Received Packet 6 Not MATCHED.  

[68256] INFO:  RC Packet 6 MEM SADR : 00000018 PKTLEN 00000004 

[68256] RC Packet Length 4 

[68256] RC Packet Header[0] = 34100000 

[68256] RC Packet Header[1] = 118 

[68256] RC Packet Header[2] = 0 

[68256] RC Packet Header[3] = 0 

[68432] RC  RECEIVE PKT BEGIN  rc_rx_pkt_index 7
68437: pex_tb.PEX_RC.rc_rx_cmd_mem MemWr 0x34100000 @Addr = 0x01c
68445: pex_tb.PEX_RC.rc_rx_cmd_mem MemWr 0x00000118 @Addr = 0x01d
68453: pex_tb.PEX_RC.rc_rx_cmd_mem MemWr 0x00000000 @Addr = 0x01e
[68456] RC  RECEIVE PKT END  rc_rx_pkt_index 7
68461: pex_tb.PEX_RC.rc_rx_cmd_mem MemWr 0x00000000 @Addr = 0x01f
[68464] INFO:  EP -> RC Packet 7 Data Compare Start! RC MEM SADR : 0000001c RC PKTLEN 00000004 

[68464] ERROR:  RC Received Packet 7 Not MATCHED.  

[68464] INFO:  RC Packet 7 MEM SADR : 0000001c PKTLEN 00000004 

[68464] RC Packet Length 4 

[68464] RC Packet Header[0] = 34100000 

[68464] RC Packet Header[1] = 118 

[68464] RC Packet Header[2] = 0 

[68464] RC Packet Header[3] = 0 

[72168] RC  RECEIVE PKT BEGIN  rc_rx_pkt_index 8
72173: pex_tb.PEX_RC.rc_rx_cmd_mem MemWr 0x34100000 @Addr = 0x020
72181: pex_tb.PEX_RC.rc_rx_cmd_mem MemWr 0x00000118 @Addr = 0x021
72189: pex_tb.PEX_RC.rc_rx_cmd_mem MemWr 0x00000000 @Addr = 0x022
[72192] RC  RECEIVE PKT END  rc_rx_pkt_index 8
72197: pex_tb.PEX_RC.rc_rx_cmd_mem MemWr 0x00000000 @Addr = 0x023
[72200] INFO:  EP -> RC Packet 0 Data Compare Start! RC MEM SADR : 00000020 RC PKTLEN 00000004 

[72200] ERROR:  RC Received Packet 8 Not MATCHED.  

[72200] INFO:  RC Packet 8 MEM SADR : 00000020 PKTLEN 00000004 

[72200] RC Packet Length 4 

[72200] RC Packet Header[0] = 34100000 

[72200] RC Packet Header[1] = 118 

[72200] RC Packet Header[2] = 0 

[72200] RC Packet Header[3] = 0 

[91400] RC  RECEIVE PKT BEGIN  rc_rx_pkt_index 9
91405: pex_tb.PEX_RC.rc_rx_cmd_mem MemWr 0x34100000 @Addr = 0x024
91413: pex_tb.PEX_RC.rc_rx_cmd_mem MemWr 0x00000118 @Addr = 0x025
91421: pex_tb.PEX_RC.rc_rx_cmd_mem MemWr 0x00000000 @Addr = 0x026
[91424] RC  RECEIVE PKT END  rc_rx_pkt_index 9
91429: pex_tb.PEX_RC.rc_rx_cmd_mem MemWr 0x00000000 @Addr = 0x027
[91432] INFO:  EP -> RC Packet 1 Data Compare Start! RC MEM SADR : 00000024 RC PKTLEN 00000004 

[91432] ERROR:  RC Received Packet 9 Not MATCHED.  

[91432] INFO:  RC Packet 9 MEM SADR : 00000024 PKTLEN 00000004 

[91432] RC Packet Length 4 

[91432] RC Packet Header[0] = 34100000 

[91432] RC Packet Header[1] = 118 

[91432] RC Packet Header[2] = 0 

[91432] RC Packet Header[3] = 0 

[91608] RC  RECEIVE PKT BEGIN  rc_rx_pkt_index a
91613: pex_tb.PEX_RC.rc_rx_cmd_mem MemWr 0x34100000 @Addr = 0x028
91621: pex_tb.PEX_RC.rc_rx_cmd_mem MemWr 0x00000118 @Addr = 0x029
91629: pex_tb.PEX_RC.rc_rx_cmd_mem MemWr 0x00000000 @Addr = 0x02a
[91632] RC  RECEIVE PKT END  rc_rx_pkt_index a
91637: pex_tb.PEX_RC.rc_rx_cmd_mem MemWr 0x00000000 @Addr = 0x02b
[91640] INFO:  EP -> RC Packet 2 Data Compare Start! RC MEM SADR : 00000028 RC PKTLEN 00000004 

[91640] ERROR:  RC Received Packet a Not MATCHED.  

[91640] INFO:  RC Packet a MEM SADR : 00000028 PKTLEN 00000004 

[91640] RC Packet Length 4 

[91640] RC Packet Header[0] = 34100000 

[91640] RC Packet Header[1] = 118 

[91640] RC Packet Header[2] = 0 

[91640] RC Packet Header[3] = 0 

[91816] RC  RECEIVE PKT BEGIN  rc_rx_pkt_index b
91821: pex_tb.PEX_RC.rc_rx_cmd_mem MemWr 0x34100000 @Addr = 0x02c
91829: pex_tb.PEX_RC.rc_rx_cmd_mem MemWr 0x00000118 @Addr = 0x02d
91837: pex_tb.PEX_RC.rc_rx_cmd_mem MemWr 0x00000000 @Addr = 0x02e
[91840] RC  RECEIVE PKT END  rc_rx_pkt_index b
91845: pex_tb.PEX_RC.rc_rx_cmd_mem MemWr 0x00000000 @Addr = 0x02f
[91848] INFO:  EP -> RC Packet 3 Data Compare Start! RC MEM SADR : 0000002c RC PKTLEN 00000004 

[91848] ERROR:  RC Received Packet b Not MATCHED.  

[91848] INFO:  RC Packet b MEM SADR : 0000002c PKTLEN 00000004 

[91848] RC Packet Length 4 

[91848] RC Packet Header[0] = 34100000 

[91848] RC Packet Header[1] = 118 

[91848] RC Packet Header[2] = 0 

[91848] RC Packet Header[3] = 0 

[92672] RC  RECEIVE PKT BEGIN  rc_rx_pkt_index c
92677: pex_tb.PEX_RC.rc_rx_cmd_mem MemWr 0x34100000 @Addr = 0x030
92685: pex_tb.PEX_RC.rc_rx_cmd_mem MemWr 0x00000118 @Addr = 0x031
92693: pex_tb.PEX_RC.rc_rx_cmd_mem MemWr 0x00000000 @Addr = 0x032
[92696] RC  RECEIVE PKT END  rc_rx_pkt_index c
92701: pex_tb.PEX_RC.rc_rx_cmd_mem MemWr 0x00000000 @Addr = 0x033
[92704] INFO:  EP -> RC Packet 4 Data Compare Start! RC MEM SADR : 00000030 RC PKTLEN 00000004 

[92704] ERROR:  RC Received Packet c Not MATCHED.  

[92704] INFO:  RC Packet c MEM SADR : 00000030 PKTLEN 00000004 

[92704] RC Packet Length 4 

[92704] RC Packet Header[0] = 34100000 

[92704] RC Packet Header[1] = 118 

[92704] RC Packet Header[2] = 0 

[92704] RC Packet Header[3] = 0 

[93092] Pkt Count Mismatch EP Transmitted = 0x1  RC Received = 0xd  

Checking for Left over packets in TX array 

[93092] TEST FAILED 

[95696] RC  RECEIVE PKT BEGIN  rc_rx_pkt_index d
95701: pex_tb.PEX_RC.rc_rx_cmd_mem MemWr 0x34100000 @Addr = 0x034
95709: pex_tb.PEX_RC.rc_rx_cmd_mem MemWr 0x00000118 @Addr = 0x035
95717: pex_tb.PEX_RC.rc_rx_cmd_mem MemWr 0x00000000 @Addr = 0x036
[95720] RC  RECEIVE PKT END  rc_rx_pkt_index d
95725: pex_tb.PEX_RC.rc_rx_cmd_mem MemWr 0x00000000 @Addr = 0x037
[95728] INFO:  EP -> RC Packet 5 Data Compare Start! RC MEM SADR : 00000034 RC PKTLEN 00000004 

[95728] ERROR:  RC Received Packet d Not MATCHED.  

[95728] INFO:  RC Packet d MEM SADR : 00000034 PKTLEN 00000004 

[95728] RC Packet Length 4 

[95728] RC Packet Header[0] = 34100000 

[95728] RC Packet Header[1] = 118 

[95728] RC Packet Header[2] = 0 

[95728] RC Packet Header[3] = 0 

[115984] RC  RECEIVE PKT BEGIN  rc_rx_pkt_index e
115989: pex_tb.PEX_RC.rc_rx_cmd_mem MemWr 0x34100000 @Addr = 0x038
115997: pex_tb.PEX_RC.rc_rx_cmd_mem MemWr 0x00000118 @Addr = 0x039
116005: pex_tb.PEX_RC.rc_rx_cmd_mem MemWr 0x00000000 @Addr = 0x03a
[116008] RC  RECEIVE PKT END  rc_rx_pkt_index e
116013: pex_tb.PEX_RC.rc_rx_cmd_mem MemWr 0x00000000 @Addr = 0x03b
[116016] INFO:  EP -> RC Packet 6 Data Compare Start! RC MEM SADR : 00000038 RC PKTLEN 00000004 

[116016] ERROR:  RC Received Packet e Not MATCHED.  

[116016] INFO:  RC Packet e MEM SADR : 00000038 PKTLEN 00000004 

[116016] RC Packet Length 4 

[116016] RC Packet Header[0] = 34100000 

[116016] RC Packet Header[1] = 118 

[116016] RC Packet Header[2] = 0 

[116016] RC Packet Header[3] = 0 

[116192] RC  RECEIVE PKT BEGIN  rc_rx_pkt_index f
116197: pex_tb.PEX_RC.rc_rx_cmd_mem MemWr 0x34100000 @Addr = 0x03c
116205: pex_tb.PEX_RC.rc_rx_cmd_mem MemWr 0x00000118 @Addr = 0x03d
116213: pex_tb.PEX_RC.rc_rx_cmd_mem MemWr 0x00000000 @Addr = 0x03e
[116216] RC  RECEIVE PKT END  rc_rx_pkt_index f
116221: pex_tb.PEX_RC.rc_rx_cmd_mem MemWr 0x00000000 @Addr = 0x03f
[116224] INFO:  EP -> RC Packet 7 Data Compare Start! RC MEM SADR : 0000003c RC PKTLEN 00000004 

[116224] ERROR:  RC Received Packet f Not MATCHED.  

[116224] INFO:  RC Packet f MEM SADR : 0000003c PKTLEN 00000004 

[116224] RC Packet Length 4 

[116224] RC Packet Header[0] = 34100000 

[116224] RC Packet Header[1] = 118 

[116224] RC Packet Header[2] = 0 

[116224] RC Packet Header[3] = 0 

[116400] RC  RECEIVE PKT BEGIN  rc_rx_pkt_index 10
116405: pex_tb.PEX_RC.rc_rx_cmd_mem MemWr 0x34100000 @Addr = 0x040
116413: pex_tb.PEX_RC.rc_rx_cmd_mem MemWr 0x00000118 @Addr = 0x041
116421: pex_tb.PEX_RC.rc_rx_cmd_mem MemWr 0x00000000 @Addr = 0x042
[116424] RC  RECEIVE PKT END  rc_rx_pkt_index 10
116429: pex_tb.PEX_RC.rc_rx_cmd_mem MemWr 0x00000000 @Addr = 0x043
[116432] INFO:  EP -> RC Packet 0 Data Compare Start! RC MEM SADR : 00000040 RC PKTLEN 00000004 

[116432] ERROR:  RC Received Packet 10 Not MATCHED.  

[116432] INFO:  RC Packet 10 MEM SADR : 00000040 PKTLEN 00000004 

[116432] RC Packet Length 4 

[116432] RC Packet Header[0] = 34100000 

[116432] RC Packet Header[1] = 118 

[116432] RC Packet Header[2] = 0 

[116432] RC Packet Header[3] = 0 

[117256] RC  RECEIVE PKT BEGIN  rc_rx_pkt_index 11
117261: pex_tb.PEX_RC.rc_rx_cmd_mem MemWr 0x34100000 @Addr = 0x044
117269: pex_tb.PEX_RC.rc_rx_cmd_mem MemWr 0x00000118 @Addr = 0x045
117277: pex_tb.PEX_RC.rc_rx_cmd_mem MemWr 0x00000000 @Addr = 0x046
[117280] RC  RECEIVE PKT END  rc_rx_pkt_index 11
117285: pex_tb.PEX_RC.rc_rx_cmd_mem MemWr 0x00000000 @Addr = 0x047
[117288] INFO:  EP -> RC Packet 1 Data Compare Start! RC MEM SADR : 00000044 RC PKTLEN 00000004 

[117288] ERROR:  RC Received Packet 11 Not MATCHED.  

[117288] INFO:  RC Packet 11 MEM SADR : 00000044 PKTLEN 00000004 

[117288] RC Packet Length 4 

[117288] RC Packet Header[0] = 34100000 

[117288] RC Packet Header[1] = 118 

[117288] RC Packet Header[2] = 0 

[117288] RC Packet Header[3] = 0 

[120280] RC  RECEIVE PKT BEGIN  rc_rx_pkt_index 12
120285: pex_tb.PEX_RC.rc_rx_cmd_mem MemWr 0x34100000 @Addr = 0x048
120293: pex_tb.PEX_RC.rc_rx_cmd_mem MemWr 0x00000118 @Addr = 0x049
120301: pex_tb.PEX_RC.rc_rx_cmd_mem MemWr 0x00000000 @Addr = 0x04a
[120304] RC  RECEIVE PKT END  rc_rx_pkt_index 12
120309: pex_tb.PEX_RC.rc_rx_cmd_mem MemWr 0x00000000 @Addr = 0x04b
[120312] INFO:  EP -> RC Packet 2 Data Compare Start! RC MEM SADR : 00000048 RC PKTLEN 00000004 

[120312] ERROR:  RC Received Packet 12 Not MATCHED.  

[120312] INFO:  RC Packet 12 MEM SADR : 00000048 PKTLEN 00000004 

[120312] RC Packet Length 4 

[120312] RC Packet Header[0] = 34100000 

[120312] RC Packet Header[1] = 118 

[120312] RC Packet Header[2] = 0 

[120312] RC Packet Header[3] = 0 

[133092] Simulation DONE

